Log file open, 04/23/17 17:17:03
LogInit:Display: Running engine for game: GameEngine1Final
LogPlatformFile: Not using cached read wrapper
LogInit:Display: RandInit(-2033502547) SRandInit(-2033502547).
LogTaskGraph: Started task graph with 5 named threads and 8 total threads with 1 sets of task threads.
LogStats: Stats thread started at 0.071124
LogPluginManager: Loaded Plugin Paper2D, From G:/Program Files/Epic Games/UE_4.14/Engine/Plugins/2D/Paper2D/Paper2D.uplugin
LogPluginManager: Loaded Plugin LightPropagationVolume, From G:/Program Files/Epic Games/UE_4.14/Engine/Plugins/Blendables/LightPropagationVolume/LightPropagationVolume.uplugin
LogPluginManager: Loaded Plugin BlankPlugin, From G:/Program Files/Epic Games/UE_4.14/Engine/Plugins/Developer/BlankPlugin/BlankPlugin.uplugin
LogPluginManager: Loaded Plugin CodeLiteSourceCodeAccess, From G:/Program Files/Epic Games/UE_4.14/Engine/Plugins/Developer/CodeLiteSourceCodeAccess/CodeLiteSourceCodeAccess.uplugin
LogPluginManager: Loaded Plugin GitSourceControl, From G:/Program Files/Epic Games/UE_4.14/Engine/Plugins/Developer/GitSourceControl/GitSourceControl.uplugin
LogPluginManager: Loaded Plugin KDevelopSourceCodeAccess, From G:/Program Files/Epic Games/UE_4.14/Engine/Plugins/Developer/KDevelopSourceCodeAccess/KDevelopSourceCodeAccess.uplugin
LogPluginManager: Loaded Plugin NullSourceCodeAccess, From G:/Program Files/Epic Games/UE_4.14/Engine/Plugins/Developer/NullSourceCodeAccess/NullSourceCodeAccess.uplugin
LogPluginManager: Loaded Plugin OneSkyLocalizationService, From G:/Program Files/Epic Games/UE_4.14/Engine/Plugins/Developer/OneSkyLocalizationService/OneSkyLocalizationService.uplugin
LogPluginManager: Loaded Plugin PerforceSourceControl, From G:/Program Files/Epic Games/UE_4.14/Engine/Plugins/Developer/PerforceSourceControl/PerforceSourceControl.uplugin
LogPluginManager: Loaded Plugin SubversionSourceControl, From G:/Program Files/Epic Games/UE_4.14/Engine/Plugins/Developer/SubversionSourceControl/SubversionSourceControl.uplugin
LogPluginManager: Loaded Plugin UObjectPlugin, From G:/Program Files/Epic Games/UE_4.14/Engine/Plugins/Developer/UObjectPlugin/UObjectPlugin.uplugin
LogPluginManager: Loaded Plugin VisualStudioSourceCodeAccess, From G:/Program Files/Epic Games/UE_4.14/Engine/Plugins/Developer/VisualStudioSourceCodeAccess/VisualStudioSourceCodeAccess.uplugin
LogPluginManager: Loaded Plugin XCodeSourceCodeAccess, From G:/Program Files/Epic Games/UE_4.14/Engine/Plugins/Developer/XCodeSourceCodeAccess/XCodeSourceCodeAccess.uplugin
LogPluginManager: Loaded Plugin AudioCapture, From G:/Program Files/Epic Games/UE_4.14/Engine/Plugins/Editor/AudioCapture/AudioCapture.uplugin
LogPluginManager: Loaded Plugin EpicSurvey, From G:/Program Files/Epic Games/UE_4.14/Engine/Plugins/Editor/EpicSurvey/EpicSurvey.uplugin
LogPluginManager: Loaded Plugin MacGraphicsSwitching, From G:/Program Files/Epic Games/UE_4.14/Engine/Plugins/Editor/MacGraphicsSwitching/MacGraphicsSwitching.uplugin
LogPluginManager: Loaded Plugin MobileLauncherProfileWizard, From G:/Program Files/Epic Games/UE_4.14/Engine/Plugins/Editor/MobileLauncherProfileWizard/MobileLauncherProfileWizard.uplugin
LogPluginManager: Loaded Plugin PluginBrowser, From G:/Program Files/Epic Games/UE_4.14/Engine/Plugins/Editor/PluginBrowser/PluginBrowser.uplugin
LogPluginManager: Loaded Plugin SpeedTreeImporter, From G:/Program Files/Epic Games/UE_4.14/Engine/Plugins/Editor/SpeedTreeImporter/SpeedTreeImporter.uplugin
LogPluginManager: Loaded Plugin SuperSearchEditor, From G:/Program Files/Epic Games/UE_4.14/Engine/Plugins/Editor/SuperSearchEditor/SuperSearchEditor.uplugin
LogPluginManager: Loaded Plugin AlembicImporter, From G:/Program Files/Epic Games/UE_4.14/Engine/Plugins/Experimental/AlembicImporter/AlembicImporter.uplugin
LogPluginManager: Loaded Plugin BlueprintStats, From G:/Program Files/Epic Games/UE_4.14/Engine/Plugins/Experimental/BlueprintStats/BlueprintStats.uplugin
LogPluginManager: Loaded Plugin CharacterAI, From G:/Program Files/Epic Games/UE_4.14/Engine/Plugins/Experimental/CharacterAI/CharacterAI.uplugin
LogPluginManager: Loaded Plugin CodeEditor, From G:/Program Files/Epic Games/UE_4.14/Engine/Plugins/Experimental/CodeEditor/CodeEditor.uplugin
LogPluginManager: Loaded Plugin CodeView, From G:/Program Files/Epic Games/UE_4.14/Engine/Plugins/Experimental/CodeView/CodeView.uplugin
LogPluginManager: Loaded Plugin HTML5Networking, From G:/Program Files/Epic Games/UE_4.14/Engine/Plugins/Experimental/HTML5Networking/HTML5Networking.uplugin
LogPluginManager: Loaded Plugin OSVR, From G:/Program Files/Epic Games/UE_4.14/Engine/Plugins/Experimental/OSVR/OSVR.uplugin
LogPluginManager: Loaded Plugin Phya, From G:/Program Files/Epic Games/UE_4.14/Engine/Plugins/Experimental/Phya/Phya.uplugin
LogPluginManager: Loaded Plugin SignificanceManager, From G:/Program Files/Epic Games/UE_4.14/Engine/Plugins/Experimental/SignificanceManager/SignificanceManager.uplugin
LogPluginManager: Loaded Plugin SimpleHMD, From G:/Program Files/Epic Games/UE_4.14/Engine/Plugins/Experimental/SimpleHMD/SimpleHMD.uplugin
LogPluginManager: Loaded Plugin StereoPanorama, From G:/Program Files/Epic Games/UE_4.14/Engine/Plugins/Experimental/StereoPanorama/StereoPanorama.uplugin
LogPluginManager: Loaded Plugin StructBox, From G:/Program Files/Epic Games/UE_4.14/Engine/Plugins/Experimental/StructBox/StructBox.uplugin
LogPluginManager: Loaded Plugin Substance, From G:/Program Files/Epic Games/UE_4.14/Engine/Plugins/Marketplace/Substance/Substance.uplugin
LogPluginManager: Loaded Plugin AndroidMedia, From G:/Program Files/Epic Games/UE_4.14/Engine/Plugins/Media/AndroidMedia/AndroidMedia.uplugin
LogPluginManager: Loaded Plugin AvfMedia, From G:/Program Files/Epic Games/UE_4.14/Engine/Plugins/Media/AvfMedia/AvfMedia.uplugin
LogPluginManager: Loaded Plugin MediaPlayerEditor, From G:/Program Files/Epic Games/UE_4.14/Engine/Plugins/Media/MediaPlayerEditor/MediaPlayerEditor.uplugin
LogPluginManager: Loaded Plugin WmfMedia, From G:/Program Files/Epic Games/UE_4.14/Engine/Plugins/Media/WmfMedia/WmfMedia.uplugin
LogPluginManager: Loaded Plugin MessagingDebugger, From G:/Program Files/Epic Games/UE_4.14/Engine/Plugins/Messaging/MessagingDebugger/MessagingDebugger.uplugin
LogPluginManager: Loaded Plugin TcpMessaging, From G:/Program Files/Epic Games/UE_4.14/Engine/Plugins/Messaging/TcpMessaging/TcpMessaging.uplugin
LogPluginManager: Loaded Plugin UdpMessaging, From G:/Program Files/Epic Games/UE_4.14/Engine/Plugins/Messaging/UdpMessaging/UdpMessaging.uplugin
LogPluginManager: Loaded Plugin LevelSequenceEditor, From G:/Program Files/Epic Games/UE_4.14/Engine/Plugins/MovieScene/LevelSequenceEditor/LevelSequenceEditor.uplugin
LogPluginManager: Loaded Plugin MatineeToLevelSequence, From G:/Program Files/Epic Games/UE_4.14/Engine/Plugins/MovieScene/MatineeToLevelSequence/MatineeToLevelSequence.uplugin
LogPluginManager: Loaded Plugin NetcodeUnitTest, From G:/Program Files/Epic Games/UE_4.14/Engine/Plugins/NetcodeUnitTest/NetcodeUnitTest/NetcodeUnitTest.uplugin
LogPluginManager: Loaded Plugin NUTUnrealEngine4, From G:/Program Files/Epic Games/UE_4.14/Engine/Plugins/NetcodeUnitTest/NUTUnrealEngine4/NUTUnrealEngine4.uplugin
LogPluginManager: Loaded Plugin OnlineSubsystemGameCircle, From G:/Program Files/Epic Games/UE_4.14/Engine/Plugins/Online/Android/OnlineSubsystemGameCircle/OnlineSubsystemGameCircle.uplugin
LogPluginManager: Loaded Plugin OnlineSubsystemGooglePlay, From G:/Program Files/Epic Games/UE_4.14/Engine/Plugins/Online/Android/OnlineSubsystemGooglePlay/OnlineSubsystemGooglePlay.uplugin
LogPluginManager: Loaded Plugin OnlineSubsystemIOS, From G:/Program Files/Epic Games/UE_4.14/Engine/Plugins/Online/IOS/OnlineSubsystemIOS/OnlineSubsystemIOS.uplugin
LogPluginManager: Loaded Plugin OnlineFramework, From G:/Program Files/Epic Games/UE_4.14/Engine/Plugins/Online/OnlineFramework/OnlineFramework.uplugin
LogPluginManager: Loaded Plugin OnlineSubsystem, From G:/Program Files/Epic Games/UE_4.14/Engine/Plugins/Online/OnlineSubsystem/OnlineSubsystem.uplugin
LogPluginManager: Loaded Plugin OnlineSubsystemAmazon, From G:/Program Files/Epic Games/UE_4.14/Engine/Plugins/Online/OnlineSubsystemAmazon/OnlineSubsystemAmazon.uplugin
LogPluginManager: Loaded Plugin OnlineSubsystemFacebook, From G:/Program Files/Epic Games/UE_4.14/Engine/Plugins/Online/OnlineSubsystemFacebook/OnlineSubsystemFacebook.uplugin
LogPluginManager: Loaded Plugin OnlineSubsystemNull, From G:/Program Files/Epic Games/UE_4.14/Engine/Plugins/Online/OnlineSubsystemNull/OnlineSubsystemNull.uplugin
LogPluginManager: Loaded Plugin OnlineSubsystemOculus, From G:/Program Files/Epic Games/UE_4.14/Engine/Plugins/Online/OnlineSubsystemOculus/OnlineSubsystemOculus.uplugin
LogPluginManager: Loaded Plugin OnlineSubsystemSteam, From G:/Program Files/Epic Games/UE_4.14/Engine/Plugins/Online/OnlineSubsystemSteam/OnlineSubsystemSteam.uplugin
LogPluginManager: Loaded Plugin OnlineSubsystemUtils, From G:/Program Files/Epic Games/UE_4.14/Engine/Plugins/Online/OnlineSubsystemUtils/OnlineSubsystemUtils.uplugin
LogPluginManager: Loaded Plugin IOSTapJoy, From G:/Program Files/Epic Games/UE_4.14/Engine/Plugins/Runtime/Advertising/IOSTapJoy/IOSTapJoy.uplugin
LogPluginManager: Loaded Plugin AnalyticsBlueprintLibrary, From G:/Program Files/Epic Games/UE_4.14/Engine/Plugins/Runtime/Analytics/AnalyticsBlueprintLibrary/AnalyticsBlueprintLibrary.uplugin
LogPluginManager: Loaded Plugin AnalyticsMulticast, From G:/Program Files/Epic Games/UE_4.14/Engine/Plugins/Runtime/Analytics/AnalyticsMulticast/AnalyticsMulticast.uplugin
LogPluginManager: Loaded Plugin Apsalar, From G:/Program Files/Epic Games/UE_4.14/Engine/Plugins/Runtime/Analytics/Apsalar/Apsalar.uplugin
LogPluginManager: Loaded Plugin FileLogging, From G:/Program Files/Epic Games/UE_4.14/Engine/Plugins/Runtime/Analytics/FileLogging/FileLogging.uplugin
LogPluginManager: Loaded Plugin Flurry, From G:/Program Files/Epic Games/UE_4.14/Engine/Plugins/Runtime/Analytics/Flurry/Flurry.uplugin
LogPluginManager: Loaded Plugin AndroidDeviceProfileSelector, From G:/Program Files/Epic Games/UE_4.14/Engine/Plugins/Runtime/AndroidDeviceProfileSelector/AndroidDeviceProfileSelector.uplugin
LogPluginManager: Loaded Plugin AndroidMoviePlayer, From G:/Program Files/Epic Games/UE_4.14/Engine/Plugins/Runtime/AndroidMoviePlayer/AndroidMoviePlayer.uplugin
LogPluginManager: Loaded Plugin AppleMoviePlayer, From G:/Program Files/Epic Games/UE_4.14/Engine/Plugins/Runtime/AppleMoviePlayer/AppleMoviePlayer.uplugin
LogPluginManager: Loaded Plugin ArchVisCharacter, From G:/Program Files/Epic Games/UE_4.14/Engine/Plugins/Runtime/ArchVisCharacter/ArchVisCharacter.uplugin
LogPluginManager: Loaded Plugin CableComponent, From G:/Program Files/Epic Games/UE_4.14/Engine/Plugins/Runtime/CableComponent/CableComponent.uplugin
LogPluginManager: Loaded Plugin CustomMeshComponent, From G:/Program Files/Epic Games/UE_4.14/Engine/Plugins/Runtime/CustomMeshComponent/CustomMeshComponent.uplugin
LogPluginManager: Loaded Plugin ExampleDeviceProfileSelector, From G:/Program Files/Epic Games/UE_4.14/Engine/Plugins/Runtime/ExampleDeviceProfileSelector/ExampleDeviceProfileSelector.uplugin
LogPluginManager: Loaded Plugin GearVR, From G:/Program Files/Epic Games/UE_4.14/Engine/Plugins/Runtime/GearVR/GearVR.uplugin
LogPluginManager: Loaded Plugin GoogleVRController, From G:/Program Files/Epic Games/UE_4.14/Engine/Plugins/Runtime/GoogleVR/GoogleVRController/GoogleVRController.uplugin
LogPluginManager: Loaded Plugin GoogleVRHMD, From G:/Program Files/Epic Games/UE_4.14/Engine/Plugins/Runtime/GoogleVR/GoogleVRHMD/GoogleVRHMD.uplugin
LogPluginManager: Loaded Plugin IOSDeviceProfileSelector, From G:/Program Files/Epic Games/UE_4.14/Engine/Plugins/Runtime/IOSDeviceProfileSelector/IOSDeviceProfileSelector.uplugin
LogPluginManager: Loaded Plugin LeapMotion, From G:/Program Files/Epic Games/UE_4.14/Engine/Plugins/Runtime/LeapMotion/LeapMotion.uplugin
LogPluginManager: Loaded Plugin LinuxDeviceProfileSelector, From G:/Program Files/Epic Games/UE_4.14/Engine/Plugins/Runtime/LinuxDeviceProfileSelector/LinuxDeviceProfileSelector.uplugin
LogPluginManager: Loaded Plugin MIDIDevice, From G:/Program Files/Epic Games/UE_4.14/Engine/Plugins/Runtime/MIDIDevice/MIDIDevice.uplugin
LogPluginManager: Loaded Plugin MobilePatchingUtils, From G:/Program Files/Epic Games/UE_4.14/Engine/Plugins/Runtime/MobilePatchingUtils/MobilePatchingUtils.uplugin
LogPluginManager: Loaded Plugin Ansel, From G:/Program Files/Epic Games/UE_4.14/Engine/Plugins/Runtime/Nvidia/Ansel/Ansel.uplugin
LogPluginManager: Loaded Plugin OculusAudio, From G:/Program Files/Epic Games/UE_4.14/Engine/Plugins/Runtime/OculusAudio/OculusAudio.uplugin
LogPluginManager: Loaded Plugin OculusInput, From G:/Program Files/Epic Games/UE_4.14/Engine/Plugins/Runtime/OculusInput/OculusInput.uplugin
LogPluginManager: Loaded Plugin OculusLibrary, From G:/Program Files/Epic Games/UE_4.14/Engine/Plugins/Runtime/OculusLibrary/OculusLibrary.uplugin
LogPluginManager: Loaded Plugin OculusRift, From G:/Program Files/Epic Games/UE_4.14/Engine/Plugins/Runtime/OculusRift/OculusRift.uplugin
LogPluginManager: Loaded Plugin Oodle, From G:/Program Files/Epic Games/UE_4.14/Engine/Plugins/Runtime/PacketHandlers/CompressionComponents/Oodle/Oodle.uplugin
LogPluginManager: Loaded Plugin ProceduralMeshComponent, From G:/Program Files/Epic Games/UE_4.14/Engine/Plugins/Runtime/ProceduralMeshComponent/ProceduralMeshComponent.uplugin
LogPluginManager: Loaded Plugin SoundMod, From G:/Program Files/Epic Games/UE_4.14/Engine/Plugins/Runtime/SoundMod/SoundMod.uplugin
LogPluginManager: Loaded Plugin SoundVisualizations, From G:/Program Files/Epic Games/UE_4.14/Engine/Plugins/Runtime/SoundVisualizations/SoundVisualizations.uplugin
LogPluginManager: Loaded Plugin SteamController, From G:/Program Files/Epic Games/UE_4.14/Engine/Plugins/Runtime/Steam/SteamController/SteamController.uplugin
LogPluginManager: Loaded Plugin SteamVR, From G:/Program Files/Epic Games/UE_4.14/Engine/Plugins/Runtime/Steam/SteamVR/SteamVR.uplugin
LogPluginManager: Loaded Plugin WebBrowserWidget, From G:/Program Files/Epic Games/UE_4.14/Engine/Plugins/Runtime/WebBrowserWidget/WebBrowserWidget.uplugin
LogPluginManager: Loaded Plugin WindowsDeviceProfileSelector, From G:/Program Files/Epic Games/UE_4.14/Engine/Plugins/Runtime/WindowsDeviceProfileSelector/WindowsDeviceProfileSelector.uplugin
LogPluginManager: Loaded Plugin WindowsMoviePlayer, From G:/Program Files/Epic Games/UE_4.14/Engine/Plugins/Runtime/WindowsMoviePlayer/WindowsMoviePlayer.uplugin
LogPluginManager: Loaded Plugin ScriptPlugin, From G:/Program Files/Epic Games/UE_4.14/Engine/Plugins/ScriptPlugin/ScriptPlugin.uplugin
LogPluginManager: Loaded Plugin SlateRemote, From G:/Program Files/Epic Games/UE_4.14/Engine/Plugins/Slate/SlateRemote/SlateRemote.uplugin
LogPluginManager: Loaded Plugin EditorTests, From G:/Program Files/Epic Games/UE_4.14/Engine/Plugins/Tests/EditorTests/EditorTests.uplugin
LogPluginManager: Loaded Plugin FbxAutomationTestBuilder, From G:/Program Files/Epic Games/UE_4.14/Engine/Plugins/Tests/FbxAutomationTestBuilder/FbxAutomationTestBuilder.uplugin
LogPluginManager: Loaded Plugin FunctionalTestingEditor, From G:/Program Files/Epic Games/UE_4.14/Engine/Plugins/Tests/FunctionalTestingEditor/FunctionalTestingEditor.uplugin
LogPluginManager: Loaded Plugin RuntimeTests, From G:/Program Files/Epic Games/UE_4.14/Engine/Plugins/Tests/RuntimeTests/RuntimeTests.uplugin
LogPluginManager: Loaded Plugin ScreenshotTools, From G:/Program Files/Epic Games/UE_4.14/Engine/Plugins/Tests/ScreenshotTools/ScreenshotTools.uplugin
LogInit: Using libcurl 7.47.1
LogInit:  - built for x86_64-pc-win32
LogInit:  - supports SSL with OpenSSL/1.0.2g
LogInit:  - supports HTTP deflate (compression) using libz 1.2.8
LogInit:  - other features:
LogInit:      CURL_VERSION_SSL
LogInit:      CURL_VERSION_LIBZ
LogInit:      CURL_VERSION_IPV6
LogInit:      CURL_VERSION_ASYNCHDNS
LogInit:      CURL_VERSION_LARGEFILE
LogInit:      CURL_VERSION_IDN
LogInit:  CurlRequestOptions (configurable via config and command line):
LogInit:  - bVerifyPeer = false  - Libcurl will NOT verify peer certificate
LogInit:  - bUseHttpProxy = false  - Libcurl will NOT use HTTP proxy
LogInit:  - bDontReuseConnections = false  - Libcurl will reuse connections
LogInit:  - CertBundlePath = nullptr  - Libcurl will use whatever was configured at build time.
LogInit: Build: ++UE4+Release-4.14-CL-3249277
LogInit: Engine Version: 4.14.3-3249277+++UE4+Release-4.14
LogInit: Compatible Engine Version: 4.14.0-3195953+++UE4+Release-4.14
LogInit: Net CL: 3195953
LogDevObjectVersion: Number of dev versions registered: 13
LogDevObjectVersion:   Dev-Blueprints (B0D832E4-1F89-4F0D-ACCF-7EB736FD4AA2): 7
LogDevObjectVersion:   Dev-Build (E1C64328-A22C-4D53-A36C-8E866417BD8C): 0
LogDevObjectVersion:   Dev-Core (375EC13C-06E4-48FB-B500-84F0262A717E): 1
LogDevObjectVersion:   Dev-Editor (E4B068ED-F494-42E9-A231-DA0B2E46BB41): 8
LogDevObjectVersion:   Dev-Framework (CFFC743F-43B0-4480-9391-14DF171D2073): 17
LogDevObjectVersion:   Dev-Mobile (B02B49B5-BB20-44E9-A304-32B752E40360): 0
LogDevObjectVersion:   Dev-Networking (A4E4105C-59A1-49B5-A7C5-40C4547EDFEE): 0
LogDevObjectVersion:   Dev-Online (39C831C9-5AE6-47DC-9A44-9C173E1C8E7C): 0
LogDevObjectVersion:   Dev-Physics (78F01B33-EBEA-4F98-B9B4-84EACCB95AA2): 0
LogDevObjectVersion:   Dev-Platform (6631380F-2D4D-43E0-8009-CF276956A95A): 0
LogDevObjectVersion:   Dev-Rendering (12F88B9F-8875-4AFC-A67C-D90C383ABD29): 12
LogDevObjectVersion:   Dev-Sequencer (7B5AE74C-D270-4C10-A958-57980B212A5A): 1
LogDevObjectVersion:   Dev-VR (D7296918-1DD6-4BDD-9DE2-64A83CC13884): 0
LogInit: Compiled (64-bit): Jan  6 2017 10:49:43
LogInit: Compiled with Visual C++: 19.00.23026.00
LogInit: Build Configuration: Development
LogInit: Branch Name: ++UE4+Release-4.14
LogInit: Command line: -EpicPortal 
LogInit: Base directory: G:/Program Files/Epic Games/UE_4.14/Engine/Binaries/Win64/
LogInit: Installed Engine Build: 1
LogInit: Presizing for max 8388607 objects, including 0 objects not considered by GC, pre-allocating 0 bytes for permanent pool.
LogInit: Object subsystem initialized
[2017.04.23-21.17.03:536][  0]LogInit: Selected Device Profile: [Windows]
[2017.04.23-21.17.03:536][  0]LogInit: Applying CVar settings loaded from the selected device profile: [Windows]
[2017.04.23-21.17.03:635][  0]LogInit: Computer: GURLEEN-PC
[2017.04.23-21.17.03:635][  0]LogInit: User: gurle
[2017.04.23-21.17.03:635][  0]LogInit: CPU Page size=65536, Cores=4
[2017.04.23-21.17.03:635][  0]LogInit: High frequency timer resolution =3.903982 MHz
[2017.04.23-21.17.03:635][  0]LogMemory: Memory total: Physical=31.9GB (32GB approx)
[2017.04.23-21.17.03:635][  0]LogMemory: Platform Memory Stats for Windows
[2017.04.23-21.17.03:635][  0]LogMemory: Process Physical Memory: 264.07 MB used, 264.07 MB peak
[2017.04.23-21.17.03:635][  0]LogMemory: Process Virtual Memory: 262.80 MB used, 262.80 MB peak
[2017.04.23-21.17.03:635][  0]LogMemory: Physical Memory: 8290.16 MB used,  24419.09 MB free, 32709.25 MB total
[2017.04.23-21.17.03:635][  0]LogMemory: Virtual Memory: 662.46 MB used,  24419.09 MB free, 134217728.00 MB total
[2017.04.23-21.17.03:709][  0]LogTextLocalizationManager: No specific translations for ('en-CA') exist, so ('en') translations will be used.
[2017.04.23-21.17.04:364][  0]LogD3D11RHI: D3D11 adapters:
[2017.04.23-21.17.04:411][  0]LogD3D11RHI:    0. 'NVIDIA GeForce GTX 980 Ti' (Feature Level 11_0)
[2017.04.23-21.17.04:411][  0]LogD3D11RHI:       6102/0/16354 MB DedicatedVideo/DedicatedSystem/SharedSystem, Outputs:1, VendorId:0x10de
[2017.04.23-21.17.04:412][  0]LogD3D11RHI:    1. 'Microsoft Basic Render Driver' (Feature Level 11_0)
[2017.04.23-21.17.04:412][  0]LogD3D11RHI:       0/0/16354 MB DedicatedVideo/DedicatedSystem/SharedSystem, Outputs:0, VendorId:0x1414
[2017.04.23-21.17.04:412][  0]LogD3D11RHI: Chosen D3D11 Adapter: 0
[2017.04.23-21.17.04:416][  0]LogD3D11RHI: Creating new Direct3DDevice
[2017.04.23-21.17.04:416][  0]LogD3D11RHI:     GPU DeviceId: 0x17c8 (for the marketing name, search the web for "GPU Device Id")
[2017.04.23-21.17.04:416][  0]LogWindows: EnumDisplayDevices:
[2017.04.23-21.17.04:416][  0]LogWindows:    0. 'NVIDIA GeForce GTX 980 Ti' (P:1 D:1)
[2017.04.23-21.17.04:416][  0]LogWindows:    1. 'NVIDIA GeForce GTX 980 Ti' (P:0 D:0)
[2017.04.23-21.17.04:416][  0]LogWindows:    2. 'NVIDIA GeForce GTX 980 Ti' (P:0 D:0)
[2017.04.23-21.17.04:416][  0]LogWindows:    3. 'NVIDIA GeForce GTX 980 Ti' (P:0 D:0)
[2017.04.23-21.17.04:416][  0]LogWindows: DebugString: FoundDriverCount:4 
[2017.04.23-21.17.04:416][  0]LogD3D11RHI:     Adapter Name: NVIDIA GeForce GTX 980 Ti
[2017.04.23-21.17.04:416][  0]LogD3D11RHI:   Driver Version: 376.53 (internal:21.21.13.7653, unified:376.53)
[2017.04.23-21.17.04:416][  0]LogD3D11RHI:      Driver Date: 12-29-2016
[2017.04.23-21.17.04:416][  0]LogRHI: Texture pool is 1361 MB (70% of 1945 MB)
[2017.04.23-21.17.04:429][  0]LogD3D11RHI: Async texture creation enabled
[2017.04.23-21.17.04:437][  0]LogD3D11RHI: GPU Timing Frequency: 1000.000000 (Debug: 2 1)
[2017.04.23-21.17.04:438][  0]LogShaderCompilers: Guid format shader working directory is -11 characters bigger than the processId version (C:/Users/gurle/Documents/Unreal Projects/GameEngine1Final/Intermediate/Shaders/WorkingDirectory/6936/).
[2017.04.23-21.17.04:438][  0]LogShaderCompilers: Cleaned the shader compiler working directory 'C:/Users/gurle/AppData/Local/Temp/UnrealShaderWorkingDir/709E0AE744A6AC0850D5F0BBF3C953B1/'.
[2017.04.23-21.17.04:438][  0]LogShaderCompilers:Display: Using Local Shader Compiler.
[2017.04.23-21.17.05:377][  0]LogTemp:Display: Loaded TP AllDesktopTargetPlatform
[2017.04.23-21.17.05:422][  0]LogTemp:Display: Loaded TP MacClientTargetPlatform
[2017.04.23-21.17.05:467][  0]LogTemp:Display: Loaded TP MacNoEditorTargetPlatform
[2017.04.23-21.17.05:513][  0]LogTemp:Display: Loaded TP MacServerTargetPlatform
[2017.04.23-21.17.05:558][  0]LogTemp:Display: Loaded TP MacTargetPlatform
[2017.04.23-21.17.05:602][  0]LogTemp:Display: Loaded TP WindowsClientTargetPlatform
[2017.04.23-21.17.05:646][  0]LogTemp:Display: Loaded TP WindowsNoEditorTargetPlatform
[2017.04.23-21.17.05:690][  0]LogTemp:Display: Loaded TP WindowsServerTargetPlatform
[2017.04.23-21.17.05:726][  0]LogTemp:Display: Loaded TP WindowsTargetPlatform
[2017.04.23-21.17.05:770][  0]LogTemp:Display: Loaded TP AndroidTargetPlatform
[2017.04.23-21.17.05:814][  0]LogTemp:Display: Loaded TP Android_ASTCTargetPlatform
[2017.04.23-21.17.05:857][  0]LogTemp:Display: Loaded TP Android_ATCTargetPlatform
[2017.04.23-21.17.05:902][  0]LogTemp:Display: Loaded TP Android_DXTTargetPlatform
[2017.04.23-21.17.05:946][  0]LogTemp:Display: Loaded TP Android_ETC1TargetPlatform
[2017.04.23-21.17.05:990][  0]LogTemp:Display: Loaded TP Android_ETC2TargetPlatform
[2017.04.23-21.17.06:078][  0]LogTemp:Display: Loaded TP Android_MultiTargetPlatform
[2017.04.23-21.17.06:078][  0]LogTemp:Display: Loaded TP Android_PVRTCTargetPlatform
[2017.04.23-21.17.06:109][  0]LogTemp:Display: Loaded TP HTML5TargetPlatform
[2017.04.23-21.17.06:179][  0]LogTemp:Display: Loaded TP IOSTargetPlatform
[2017.04.23-21.17.06:202][  0]LogTemp:Display: Loaded TP TVOSTargetPlatform
[2017.04.23-21.17.06:246][  0]LogTemp:Display: Loaded TP LinuxClientTargetPlatform
[2017.04.23-21.17.06:290][  0]LogTemp:Display: Loaded TP LinuxNoEditorTargetPlatform
[2017.04.23-21.17.06:335][  0]LogTemp:Display: Loaded TP LinuxServerTargetPlatform
[2017.04.23-21.17.06:379][  0]LogTemp:Display: Loaded TP LinuxTargetPlatform
[2017.04.23-21.17.06:379][  0]LogTargetPlatformManager:Display: Building Assets For Windows
[2017.04.23-21.17.06:662][  0]LogDerivedDataCache:Display: Max Cache Size: 512 MB
[2017.04.23-21.17.06:705][  0]LogDerivedDataCache: Loaded boot cache 0.04s 50MB C:/Users/gurle/AppData/Local/UnrealEngine/4.14/DerivedDataCache/Boot.ddc.
[2017.04.23-21.17.06:705][  0]LogDerivedDataCache:Display: Loaded Boot cache: C:/Users/gurle/AppData/Local/UnrealEngine/4.14/DerivedDataCache/Boot.ddc
[2017.04.23-21.17.06:705][  0]LogDerivedDataCache: FDerivedDataBackendGraph:  Pak pak cache file C:/Users/gurle/Documents/Unreal Projects/GameEngine1Final/DerivedDataCache/DDC.ddp not found, will not use a pak cache.
[2017.04.23-21.17.06:705][  0]LogDerivedDataCache: Unable to find inner node Pak for hierarchical cache Hierarchy.
[2017.04.23-21.17.06:705][  0]LogDerivedDataCache: FDerivedDataBackendGraph:  CompressedPak pak cache file C:/Users/gurle/Documents/Unreal Projects/GameEngine1Final/DerivedDataCache/Compressed.ddp not found, will not use a pak cache.
[2017.04.23-21.17.06:705][  0]LogDerivedDataCache: Unable to find inner node CompressedPak for hierarchical cache Hierarchy.
[2017.04.23-21.17.06:719][  0]LogDerivedDataCache:Display: Pak cache opened for reading ../../../Engine/DerivedDataCache/Compressed.ddp.
[2017.04.23-21.17.06:730][  0]LogDerivedDataCache: Using Local data cache path C:/Users/gurle/AppData/Local/UnrealEngine/Common/DerivedDataCache: Writable
[2017.04.23-21.17.06:912][  0]LogInit: Selected Device Profile: [Windows]
[2017.04.23-21.17.06:915][  0]LogContentStreaming: Texture pool size is 0.00 MB
[2017.04.23-21.17.07:079][  0]LogMeshUtilities: Using QuadricMeshReduction for automatic static mesh reduction
[2017.04.23-21.17.07:112][  0]LogSimplygon: Simplygon DLL not present - disabling.
[2017.04.23-21.17.07:156][  0]LogMeshUtilities: Using SimplygonSwarm for distributed automatic mesh merging
[2017.04.23-21.17.07:156][  0]LogMeshUtilities: No automatic skeletal mesh reduction module available
[2017.04.23-21.17.07:156][  0]LogMeshUtilities: No automatic mesh merging module available
[2017.04.23-21.17.07:551][  0]LogNetVersion: GetLocalNetworkVersion: CL: 3195953, ProjectName: gameengine1final, ProjectVersion: , EngineNetworkVersion: 2, GameNetworkVersion: 0, NetworkChecksum: 979625224
[2017.04.23-21.17.07:595][  0]LogAssetRegistry: FAssetRegistry took 0.0213 seconds to start up
[2017.04.23-21.17.07:628][  0]LogPackageLocalizationCache: Processed 3 localized package path(s) for 2 prioritized culture(s) in 0.019694 seconds
[2017.04.23-21.17.07:633][  0]LogUObjectArray: 31946 objects as part of root set at end of initial load.
[2017.04.23-21.17.07:633][  0]LogUObjectAllocator: 6935848 out of 0 bytes used by permanent object pool.
[2017.04.23-21.17.07:633][  0]LogUObjectArray: CloseDisregardForGC: 0/0 objects in disregard for GC pool
[2017.04.23-21.17.07:672][  0]LogInit: WinSock: version 1.1 (2.2), MaxSocks=32767, MaxUdp=65467
[2017.04.23-21.17.08:250][  0]LogSlate: Using Freetype 2.6.0
[2017.04.23-21.17.08:250][  0]LogSlate: SlateFontCache - WITH_FREETYPE: 1, WITH_HARFBUZZ: 1
[2017.04.23-21.17.08:250][  0]LogSlate: SlateFontCache - WITH_FREETYPE: 1, WITH_HARFBUZZ: 1
[2017.04.23-21.17.09:131][  0]LogSubstanceCoreModule: Substance [CPU] Engine Loaded, Max Texture Size = 2048
[2017.04.23-21.17.09:156][  0]LogTcpMessaging: Initializing TcpMessaging bridge
[2017.04.23-21.17.09:192][  0]LogUdpMessaging: Initializing bridge on interface 0.0.0.0:0 to multicast group 230.0.0.1:6666.
[2017.04.23-21.17.09:460][  0]LogMaterial: Uniform references updated for custom material expression Custom.
[2017.04.23-21.17.09:790][  0]SourceControl: Info Source control is disabled
[2017.04.23-21.17.09:791][  0]SourceControl: Info Source control is disabled
[2017.04.23-21.17.09:834][  0]SourceControl: Info Source control is disabled
[2017.04.23-21.17.09:878][  0]SourceControl: Info Source control is disabled
[2017.04.23-21.17.11:065][  0]LogEngine: Initializing Engine...
[2017.04.23-21.17.11:065][  0]LogHMD: Failed to initialize OpenVR with code 110
[2017.04.23-21.17.11:255][  0]LogAIModule: Creating AISystem for world Untitled
[2017.04.23-21.17.11:275][  0]LogInit: XAudio2 using 'Speakers (Realtek High Definition Audio)' : 6 channels at 48 kHz using 32 bits per sample (channel mask 0x3f)
[2017.04.23-21.17.11:287][  0]LogInit: FAudioDevice initialized.
[2017.04.23-21.17.11:490][  0]LogDerivedDataCache: Saved boot cache 0.20s 50MB C:/Users/gurle/AppData/Local/UnrealEngine/4.14/DerivedDataCache/Boot.ddc.
[2017.04.23-21.17.11:495][  0]LogInit: Texture streaming: Enabled
[2017.04.23-21.17.11:671][  0]LogInit: Transaction tracking system initialized
[2017.04.23-21.17.11:940][  0]BlueprintLog: New page: Editor Load
[2017.04.23-21.17.12:610][  0]LocalizationService: Info Localization service is disabled
[2017.04.23-21.17.13:149][  0]LogConsoleResponse:Display: 
[2017.04.23-21.17.13:256][  0]LogCook:Display: Max memory allowance for cook 16384mb min free memory 0mb
[2017.04.23-21.17.13:256][  0]LogCook:Display: Mobile HDR setting 1
[2017.04.23-21.17.14:027][  0]LogFileCache: Scanning file cache for directory 'C:/Users/gurle/Documents/Unreal Projects/GameEngine1Final/Content/' took 0.01s
[2017.04.23-21.17.14:062][  0]SourceControl: Info Source control is disabled
[2017.04.23-21.17.14:062][  0]Cmd: MAP LOAD FILE="C:/Users/gurle/Documents/Unreal Projects/GameEngine1Final/Content/FirstPersonBP/Maps/FirstPersonExampleMap.umap" TEMPLATE=0 SHOWPROGRESS=1 FEATURELEVEL=3
[2017.04.23-21.17.14:062][  0]LightingResults: New page: Lighting Build
[2017.04.23-21.17.14:094][  0]MapCheck: New page: Map Check
[2017.04.23-21.17.14:094][  0]LightingResults: New page: Lighting Build
[2017.04.23-21.17.14:807][  0]LogAIModule: Creating AISystem for world FirstPersonExampleMap
[2017.04.23-21.17.14:879][  0]LogEditorServer: Finished looking for orphan Actors (0.000 secs)
[2017.04.23-21.17.14:888][  0]Cmd: MAP CHECKDEP NOCLEARLOG
[2017.04.23-21.17.14:952][  0]MapCheck: Info Map check complete: 0 Error(s), 0 Warning(s), took 63.116ms to complete.
[2017.04.23-21.17.14:952][  0]LogFileHelpers: Loading map 'FirstPersonExampleMap' took 0.890
[2017.04.23-21.17.15:277][  0]LogCollectionManager: Loaded 0 collections in 0.001106 seconds
[2017.04.23-21.17.15:380][  0]LogFileCache: Scanning file cache for directory 'C:/Users/gurle/Documents/Unreal Projects/GameEngine1Final/Saved/Collections/' took 0.01s
[2017.04.23-21.17.15:380][  0]LogFileCache: Scanning file cache for directory 'C:/Users/gurle/Documents/Unreal Projects/GameEngine1Final/Content/Developers/gurle/Collections/' took 0.01s
[2017.04.23-21.17.15:380][  0]LogFileCache: Scanning file cache for directory 'C:/Users/gurle/Documents/Unreal Projects/GameEngine1Final/Content/Collections/' took 0.01s
[2017.04.23-21.17.15:380][  0]LogCollectionManager: Rebuilt the GUID cache for 0 collections in 0.000002 seconds
[2017.04.23-21.17.15:388][  0]LogContentBrowser: Native class hierarchy populated in 0.0067 seconds. Added 2204 classes and 434 folders.
[2017.04.23-21.17.15:421][  0]LogStats: UGameplayTagsManager::ConstructGameplayTagTree: Construct from data asset -  0.000 s
[2017.04.23-21.17.15:421][  0]LogStats: UGameplayTagsManager::ConstructGameplayTagTree: GameplayTagTreeChangedEvent.Broadcast -  0.000 s
[2017.04.23-21.17.15:421][  0]LogContentBrowser: Native class hierarchy updated for 'GameplayTags' in 0.0004 seconds. Added 13 classes and 0 folders.
[2017.04.23-21.17.15:466][  0]LogContentBrowser: Native class hierarchy updated for 'WidgetCarousel' in 0.0004 seconds. Added 0 classes and 0 folders.
[2017.04.23-21.17.16:061][  0]LogContentBrowser: Native class hierarchy updated for 'AddContentDialog' in 0.0004 seconds. Added 0 classes and 0 folders.
[2017.04.23-21.17.16:135][  0]LogContentBrowser: Native class hierarchy updated for 'SceneOutliner' in 0.0004 seconds. Added 1 classes and 2 folders.
[2017.04.23-21.17.16:524][  0]LogCrashTracker: Crashtracker disabled due to settings.
[2017.04.23-21.17.16:533][  0]LogUObjectGlobals:Warning: Failed to find object 'Class None.'
[2017.04.23-21.17.16:592][  0]LogContentBrowser: Native class hierarchy updated for 'HierarchicalLODOutliner' in 0.0004 seconds. Added 1 classes and 2 folders.
[2017.04.23-21.17.16:592][  0]LogLoad: (Engine Initialization) Total time: 14.91 seconds
[2017.04.23-21.17.16:592][  0]LogLoad: (Engine Initialization) Total Blueprint compile time: 0.21 seconds
[2017.04.23-21.17.16:592][  0]LogExternalProfiler: Found external profiler: VSPerf
[2017.04.23-21.17.16:592][  0]LogExternalProfiler: Using external profiler: VSPerf
[2017.04.23-21.17.16:931][  0]LogOcInput: OculusInput pre-init called
[2017.04.23-21.17.16:988][  0]LogContentStreaming: Texture pool size now 1000 MB
[2017.04.23-21.17.17:220][  1]LogRenderer: Reallocating scene render targets to support 772x420 NumSamples 1 (Frame:2).
[2017.04.23-21.17.17:279][  1]LogAssetRegistry: Asset discovery search completed in 9.7046 seconds
[2017.04.23-21.17.17:279][  1]LogCollectionManager: Rebuilt the object cache for 0 collections in 0.000001 seconds (found 0 objects)
[2017.04.23-21.17.17:279][  1]LogCollectionManager: Fixed up redirectors for 0 collections in 0.000010 seconds (updated 0 objects)
[2017.04.23-21.17.26:665][ 27]LogContentBrowser: Native class hierarchy updated for 'BlueprintGraph' in 0.0008 seconds. Added 111 classes and 0 folders.
[2017.04.23-21.17.32:810][544]LogRenderer: Reallocating scene render targets to support 772x424 NumSamples 1 (Frame:599).
[2017.04.23-21.17.32:855][544]LogRenderer: Reallocating scene render targets to support 772x432 NumSamples 1 (Frame:600).
[2017.04.23-21.17.32:902][544]LogRenderer: Reallocating scene render targets to support 772x440 NumSamples 1 (Frame:601).
[2017.04.23-21.17.32:948][544]LogRenderer: Reallocating scene render targets to support 772x444 NumSamples 1 (Frame:602).
[2017.04.23-21.17.32:993][544]LogRenderer: Reallocating scene render targets to support 772x452 NumSamples 1 (Frame:603).
[2017.04.23-21.17.33:044][544]LogRenderer: Reallocating scene render targets to support 772x456 NumSamples 1 (Frame:604).
[2017.04.23-21.17.33:089][544]LogRenderer: Reallocating scene render targets to support 772x464 NumSamples 1 (Frame:605).
[2017.04.23-21.17.33:134][544]LogRenderer: Reallocating scene render targets to support 772x476 NumSamples 1 (Frame:606).
[2017.04.23-21.17.33:181][544]LogRenderer: Reallocating scene render targets to support 772x484 NumSamples 1 (Frame:607).
[2017.04.23-21.17.33:231][544]LogRenderer: Reallocating scene render targets to support 772x496 NumSamples 1 (Frame:608).
[2017.04.23-21.17.33:276][544]LogRenderer: Reallocating scene render targets to support 772x508 NumSamples 1 (Frame:609).
[2017.04.23-21.17.33:323][544]LogRenderer: Reallocating scene render targets to support 772x524 NumSamples 1 (Frame:610).
[2017.04.23-21.17.33:368][544]LogRenderer: Reallocating scene render targets to support 772x532 NumSamples 1 (Frame:611).
[2017.04.23-21.17.33:414][544]LogRenderer: Reallocating scene render targets to support 772x540 NumSamples 1 (Frame:612).
[2017.04.23-21.17.33:458][544]LogRenderer: Reallocating scene render targets to support 772x548 NumSamples 1 (Frame:613).
[2017.04.23-21.17.33:504][544]LogRenderer: Reallocating scene render targets to support 772x560 NumSamples 1 (Frame:614).
[2017.04.23-21.17.33:555][544]LogRenderer: Reallocating scene render targets to support 772x564 NumSamples 1 (Frame:615).
[2017.04.23-21.50.17:839][424]LogAIModule: Creating AISystem for world MainMenu
[2017.04.23-21.50.17:884][424]Cmd: MAP LOAD FILE="C:/Users/gurle/Documents/Unreal Projects/GameEngine1Final/Content/CustomContent/MainMenu.umap" TEMPLATE=0 SHOWPROGRESS=1 FEATURELEVEL=3
[2017.04.23-21.50.17:884][424]LightingResults: New page: Lighting Build
[2017.04.23-21.50.17:884][424]LoadErrors: New page: Loading map: MainMenu.umap
[2017.04.23-21.50.17:885][424]MapCheck: New page: Map Check
[2017.04.23-21.50.17:885][424]LightingResults: New page: Lighting Build
[2017.04.23-21.50.17:938][424]LogEditorServer: Finished looking for orphan Actors (0.000 secs)
[2017.04.23-21.50.17:988][424]Cmd: MAP CHECKDEP NOCLEARLOG
[2017.04.23-21.50.18:064][424]MapCheck: Info Map check complete: 0 Error(s), 0 Warning(s), took 75.75ms to complete.
[2017.04.23-21.50.18:064][424]LogFileHelpers: Loading map 'MainMenu' took 0.181
[2017.04.24-00.07.22:948][848]LogTemp: Repeting last play command: Selected Viewport
[2017.04.24-00.07.23:011][848]LogBlueprintUserMessages: Early PlayInEditor Detection: Level '/Game/CustomContent/MainMenu.MainMenu:PersistentLevel' has LevelScriptBlueprint '/Game/CustomContent/MainMenu.MainMenu:PersistentLevel.MainMenu' with GeneratedClass '/Game/CustomContent/MainMenu.MainMenu_C' with ClassGeneratedBy '/Game/CustomContent/MainMenu.MainMenu:PersistentLevel.MainMenu'
[2017.04.24-00.07.23:011][848]LogPlayLevel: PlayLevel: No blueprints needed recompiling
[2017.04.24-00.07.23:013][848]PIE: New page: PIE session: MainMenu (Apr 23, 2017, 4:07:23 PM)
[2017.04.24-00.07.23:013][848]LogPlayLevel: Creating play world package: /Game/CustomContent/UEDPIE_1_MainMenu
[2017.04.24-00.07.23:014][848]LogPlayLevel: PIE: StaticDuplicateObject took: (0.000835s)
[2017.04.24-00.07.23:015][848]LogAIModule: Creating AISystem for world MainMenu
[2017.04.24-00.07.23:015][848]LogPlayLevel: PIE: World Init took: (0.000554s)
[2017.04.24-00.07.23:015][848]LogPlayLevel: PIE: Created PIE world by copying editor world from /Game/CustomContent/MainMenu.MainMenu to /Game/CustomContent/UEDPIE_1_MainMenu.MainMenu (0.001571s)
[2017.04.24-00.07.23:046][848]LogInit: XAudio2 using 'Speakers (Realtek High Definition Audio)' : 6 channels at 48 kHz using 32 bits per sample (channel mask 0x3f)
[2017.04.24-00.07.23:055][848]LogInit: FAudioDevice initialized.
[2017.04.24-00.07.23:161][848]LogLoad: Game class is 'FirstPersonGameMode_C'
[2017.04.24-00.07.23:162][848]LogWorld: Bringing World /Game/CustomContent/UEDPIE_1_MainMenu.MainMenu up for play (max tick rate 0) at 2017.04.23-20.07.23
[2017.04.24-00.07.23:163][848]LogWorld: Bringing up level for play took: 0.000518
[2017.04.24-00.07.23:211][848]LogContentBrowser: Native class hierarchy updated for 'MovieSceneCapture' in 0.0005 seconds. Added 11 classes and 0 folders.
[2017.04.24-00.07.23:219][848]LogInit: WinSock: Socket queue 131072 / 131072
[2017.04.24-00.07.23:220][848]LogInit: WinSock: I am Gurleen-PC (192.168.0.14:0)
[2017.04.24-00.07.23:220][848]PacketHandlerLog: Loaded PacketHandler component: Engine.EngineHandlerComponentFactory (StatelessConnectHandlerComponent)
[2017.04.24-00.07.23:221][848]LogNet: GameNetDriver IpNetDriver_0 IpNetDriver listening on port 7777
[2017.04.24-00.07.23:240][848]PIE: Info Play in editor start time for /Game/CustomContent/UEDPIE_1_MainMenu 0.172
[2017.04.24-00.07.23:241][848]PIE: New page: PIE session: MainMenu (Apr 23, 2017, 4:07:23 PM)
[2017.04.24-00.07.23:300][848]LogNet: Browse: 127.0.0.1//Game/FirstPersonBP/Maps/FirstPersonExampleMap
[2017.04.24-00.07.23:300][848]LogInit: WinSock: Socket queue 32768 / 32768
[2017.04.24-00.07.23:300][848]PacketHandlerLog: Loaded PacketHandler component: Engine.EngineHandlerComponentFactory (StatelessConnectHandlerComponent)
[2017.04.24-00.07.23:300][848]LogNet: Game client on port 7777, rate 10000
[2017.04.24-00.07.23:300][848]LogNetVersion: GetLocalNetworkVersion: CL: 3195953, ProjectName: gameengine1final, ProjectVersion: 1.0.0.0, EngineNetworkVersion: 2, GameNetworkVersion: 0, NetworkChecksum: 3377734756
[2017.04.24-00.07.23:310][848]LogNet: UPendingNetGame::InitNetDriver: Sending hello. [UNetConnection] RemoteAddr: 127.0.0.1:7777, Name: IpConnection_0, Driver: PendingNetDriver IpNetDriver_1, IsServer: NO, PC: NULL, Owner: NULL
[2017.04.24-00.07.23:321][848]PIE: Info Play in editor start time for /Game/FirstPersonBP/Maps/FirstPersonExampleMap 0.253
[2017.04.24-00.07.23:326][848]LogBlueprintUserMessages: Late PlayInEditor Detection: Level '/Game/CustomContent/MainMenu.MainMenu:PersistentLevel' has LevelScriptBlueprint '/Game/CustomContent/MainMenu.MainMenu:PersistentLevel.MainMenu' with GeneratedClass '/Game/CustomContent/MainMenu.MainMenu_C' with ClassGeneratedBy '/Game/CustomContent/MainMenu.MainMenu:PersistentLevel.MainMenu'
[2017.04.24-00.07.23:326][848]LogHandshake: SendConnectChallenge. Timestamp: 0.008334, Cookie: 073249255178100051151148206008126237052225128004051133052225
[2017.04.24-00.07.23:344][848]LogHandshake: SendChallengeResponse. Timestamp: 0.008334, Cookie: 073249255178100051151148206008126237052225128004051133052225
[2017.04.24-00.07.23:413][849]LogNet: Server accepting post-challenge connection from: 127.0.0.1:54380
[2017.04.24-00.07.23:413][849]PacketHandlerLog: Loaded PacketHandler component: Engine.EngineHandlerComponentFactory (StatelessConnectHandlerComponent)
[2017.04.24-00.07.23:413][849]LogNet: NotifyAcceptedConnection: Name: MainMenu, TimeStamp: 04/23/17 20:07:23, [UNetConnection] RemoteAddr: 127.0.0.1:54380, Name: IpConnection_1, Driver: GameNetDriver IpNetDriver_0, IsServer: YES, PC: NULL, Owner: NULL
[2017.04.24-00.07.23:413][849]LogNet: AddClientConnection: Added client connection: [UNetConnection] RemoteAddr: 127.0.0.1:54380, Name: IpConnection_1, Driver: GameNetDriver IpNetDriver_0, IsServer: YES, PC: NULL, Owner: NULL
[2017.04.24-00.07.23:431][851]LogNet: NotifyAcceptingChannel Control 0 server World /Game/CustomContent/UEDPIE_1_MainMenu.MainMenu: Accepted
[2017.04.24-00.07.23:434][851]LogNet: Remote platform little endian=1
[2017.04.24-00.07.23:434][851]LogNet: This platform little endian=1
[2017.04.24-00.07.23:442][852]LogNet: Login request: /Game/FirstPersonBP/Maps/FirstPersonExampleMap userId: Invalid
[2017.04.24-00.07.23:443][852]LogNet: Welcomed by server (Level: /Game/CustomContent/UEDPIE_1_MainMenu, Game: /Game/FirstPersonBP/Blueprints/FirstPersonGameMode.FirstPersonGameMode_C)
[2017.04.24-00.07.23:443][852]LogLoad: LoadMap: 127.0.0.1//Game/CustomContent/UEDPIE_1_MainMenu?game=/Game/FirstPersonBP/Blueprints/FirstPersonGameMode.FirstPersonGameMode_C
[2017.04.24-00.07.23:456][852]Cmd: MEM
[2017.04.24-00.07.23:467][852]LogMemory: Platform Memory Stats for Windows
[2017.04.24-00.07.23:467][852]LogMemory: Process Physical Memory: 1283.50 MB used, 1379.23 MB peak
[2017.04.24-00.07.23:467][852]LogMemory: Process Virtual Memory: 1934.36 MB used, 2074.71 MB peak
[2017.04.24-00.07.23:467][852]LogMemory: Physical Memory: 8377.82 MB used,  24331.44 MB free, 32709.25 MB total
[2017.04.24-00.07.23:467][852]LogMemory: Virtual Memory: 2869.18 MB used,  24331.44 MB free, 134217728.00 MB total
[2017.04.24-00.07.23:467][852]LogMemory: 
[2017.04.24-00.07.23:467][852]Allocator Stats for TBB: (not implemented)
[2017.04.24-00.07.23:473][852]LogAIModule: Creating AISystem for world MainMenu
[2017.04.24-00.07.23:478][852]LogWorld: Bringing World /Game/CustomContent/UEDPIE_2_MainMenu.MainMenu up for play (max tick rate 0) at 2017.04.23-20.07.23
[2017.04.24-00.07.23:479][852]LogWorld: Bringing up level for play took: 0.000476
[2017.04.24-00.07.23:479][852]LogLoad: Took 0.035777 seconds to LoadMap(/Game/CustomContent/UEDPIE_1_MainMenu)
[2017.04.24-00.07.23:486][853]LogRenderer: Reallocating scene render targets to support 1280x720 NumSamples 1 (Frame:43287).
[2017.04.24-00.07.23:488][853]LogNet: Client netspeed is 10000
[2017.04.24-00.07.23:488][853]LogNet: Join request: /Game/FirstPersonBP/Maps/FirstPersonExampleMap?SplitscreenCount=1
[2017.04.24-00.07.23:491][853]LogNet: Join succeeded: 257
[2017.04.24-00.07.33:768][ 77]Cmd: r.setRes 1920x1080
[2017.04.24-00.07.33:768][ 77]r.SetRes = "1920x1080"
[2017.04.24-00.07.33:800][ 77]LogRenderer: Reallocating scene render targets to support 1912x1048 NumSamples 1 (Frame:45737).
[2017.04.24-00.07.36:819][436]LogNet: Browse: /Game/CustomContent/Level1
[2017.04.24-00.07.36:819][436]LogLoad: LoadMap: /Game/CustomContent/Level1
[2017.04.24-00.07.36:819][436]LogNet: World NetDriver shutdown IpNetDriver_1 [GameNetDriver]
[2017.04.24-00.07.36:819][436]LogNet: DestroyNamedNetDriver IpNetDriver_1 [GameNetDriver]
[2017.04.24-00.07.36:819][436]LogNet: UNetConnection::Close: [UNetConnection] RemoteAddr: 127.0.0.1:7777, Name: IpConnection_0, Driver: GameNetDriver IpNetDriver_1, IsServer: NO, PC: PlayerController_1, Owner: PlayerController_1, Channels: 11, Time: 2017.04.24-00.07.36
[2017.04.24-00.07.36:819][436]LogNet: UChannel::Close: Sending CloseBunch. ChIndex == 0. Name: [UChannel] ChIndex: 0, Closing: 0 [UNetConnection] RemoteAddr: 127.0.0.1:7777, Name: IpConnection_0, Driver: GameNetDriver IpNetDriver_1, IsServer: NO, PC: PlayerController_1, Owner: PlayerController_1
[2017.04.24-00.07.36:820][436]LogExit: GameNetDriver IpNetDriver_1 shut down
[2017.04.24-00.07.36:834][436]Cmd: MEM
[2017.04.24-00.07.36:846][436]LogMemory: Platform Memory Stats for Windows
[2017.04.24-00.07.36:846][436]LogMemory: Process Physical Memory: 1316.20 MB used, 1424.54 MB peak
[2017.04.24-00.07.36:846][436]LogMemory: Process Virtual Memory: 2140.21 MB used, 2286.72 MB peak
[2017.04.24-00.07.36:846][436]LogMemory: Physical Memory: 8409.40 MB used,  24299.85 MB free, 32709.25 MB total
[2017.04.24-00.07.36:846][436]LogMemory: Virtual Memory: 3136.75 MB used,  24299.85 MB free, 134217728.00 MB total
[2017.04.24-00.07.36:846][436]LogMemory: 
[2017.04.24-00.07.36:846][436]Allocator Stats for TBB: (not implemented)
[2017.04.24-00.07.37:529][436]LogAIModule: Creating AISystem for world Level1
[2017.04.24-00.07.37:529][436]LogLoad: Game class is 'FirstPersonGameMode_C'
[2017.04.24-00.07.37:534][436]LogWorld: Bringing World /Game/CustomContent/UEDPIE_2_Level1.Level1 up for play (max tick rate 0) at 2017.04.23-20.07.37
[2017.04.24-00.07.37:534][436]LogWorld: Bringing up level for play took: 0.003838
[2017.04.24-00.07.37:535][436]LogLoad: Took 0.715368 seconds to LoadMap(/Game/CustomContent/Level1)
[2017.04.24-00.07.37:553][437]LogNet: UChannel::ReceivedSequencedBunch: Bunch.bClose == true. ChIndex == 0. Calling ConditionalCleanUp.
[2017.04.24-00.07.37:553][437]LogNet: UChannel::CleanUp: ChIndex == 0. Closing connection. [UChannel] ChIndex: 0, Closing: 0 [UNetConnection] RemoteAddr: 127.0.0.1:54380, Name: IpConnection_1, Driver: GameNetDriver IpNetDriver_0, IsServer: YES, PC: PlayerController_1, Owner: PlayerController_1
[2017.04.24-00.07.37:553][437]LogNet: UNetConnection::Close: [UNetConnection] RemoteAddr: 127.0.0.1:54380, Name: IpConnection_1, Driver: GameNetDriver IpNetDriver_0, IsServer: YES, PC: PlayerController_1, Owner: PlayerController_1, Channels: 11, Time: 2017.04.24-00.07.37
[2017.04.24-00.07.37:553][437]LogNet: UChannel::Close: Sending CloseBunch. ChIndex == 0. Name: [UChannel] ChIndex: 0, Closing: 0 [UNetConnection] RemoteAddr: 127.0.0.1:54380, Name: IpConnection_1, Driver: GameNetDriver IpNetDriver_0, IsServer: YES, PC: PlayerController_1, Owner: PlayerController_1
[2017.04.24-00.07.57:726][848]LogBlueprintUserMessages: Early EndPlayMap Detection: Level '/Game/CustomContent/MainMenu.MainMenu:PersistentLevel' has LevelScriptBlueprint '/Game/CustomContent/MainMenu.MainMenu:PersistentLevel.MainMenu' with GeneratedClass '/Game/CustomContent/MainMenu.MainMenu_C' with ClassGeneratedBy '/Game/CustomContent/MainMenu.MainMenu:PersistentLevel.MainMenu'
[2017.04.24-00.07.57:850][848]LogBlueprintUserMessages: Late EndPlayMap Detection: Level '/Game/CustomContent/MainMenu.MainMenu:PersistentLevel' has LevelScriptBlueprint '/Game/CustomContent/MainMenu.MainMenu:PersistentLevel.MainMenu' with GeneratedClass '/Game/CustomContent/MainMenu.MainMenu_C' with ClassGeneratedBy '/Game/CustomContent/MainMenu.MainMenu:PersistentLevel.MainMenu'
[2017.04.24-00.07.57:864][848]LogExit: GameNetDriver None shut down
[2017.04.24-00.07.59:941][ 96]LogTemp: Repeting last play command: Selected Viewport
[2017.04.24-00.07.59:965][ 96]LogBlueprintUserMessages: Early PlayInEditor Detection: Level '/Game/CustomContent/MainMenu.MainMenu:PersistentLevel' has LevelScriptBlueprint '/Game/CustomContent/MainMenu.MainMenu:PersistentLevel.MainMenu' with GeneratedClass '/Game/CustomContent/MainMenu.MainMenu_C' with ClassGeneratedBy '/Game/CustomContent/MainMenu.MainMenu:PersistentLevel.MainMenu'
[2017.04.24-00.07.59:966][ 96]LogPlayLevel: PlayLevel: No blueprints needed recompiling
[2017.04.24-00.07.59:967][ 96]PIE: New page: PIE session: MainMenu (Apr 23, 2017, 4:07:59 PM)
[2017.04.24-00.07.59:967][ 96]LogPlayLevel: Creating play world package: /Game/CustomContent/UEDPIE_1_MainMenu
[2017.04.24-00.07.59:967][ 96]LogPlayLevel: PIE: StaticDuplicateObject took: (0.000645s)
[2017.04.24-00.07.59:968][ 96]LogAIModule: Creating AISystem for world MainMenu
[2017.04.24-00.07.59:968][ 96]LogPlayLevel: PIE: World Init took: (0.000362s)
[2017.04.24-00.07.59:968][ 96]LogPlayLevel: PIE: Created PIE world by copying editor world from /Game/CustomContent/MainMenu.MainMenu to /Game/CustomContent/UEDPIE_1_MainMenu.MainMenu (0.001136s)
[2017.04.24-00.07.59:998][ 96]LogInit: XAudio2 using 'Speakers (Realtek High Definition Audio)' : 6 channels at 48 kHz using 32 bits per sample (channel mask 0x3f)
[2017.04.24-00.08.00:006][ 96]LogInit: FAudioDevice initialized.
[2017.04.24-00.08.00:034][ 96]LogLoad: Game class is 'FirstPersonGameMode_C'
[2017.04.24-00.08.00:036][ 96]LogWorld: Bringing World /Game/CustomContent/UEDPIE_1_MainMenu.MainMenu up for play (max tick rate 0) at 2017.04.23-20.08.00
[2017.04.24-00.08.00:036][ 96]LogWorld: Bringing up level for play took: 0.000701
[2017.04.24-00.08.00:037][ 96]LogInit: WinSock: Socket queue 131072 / 131072
[2017.04.24-00.08.00:038][ 96]PacketHandlerLog: Loaded PacketHandler component: Engine.EngineHandlerComponentFactory (StatelessConnectHandlerComponent)
[2017.04.24-00.08.00:038][ 96]LogNet: GameNetDriver IpNetDriver_2 IpNetDriver listening on port 7777
[2017.04.24-00.08.00:039][ 96]PIE: Info Play in editor start time for /Game/CustomContent/UEDPIE_1_MainMenu 0.971
[2017.04.24-00.08.00:041][ 96]PIE: New page: PIE session: MainMenu (Apr 23, 2017, 4:08:00 PM)
[2017.04.24-00.08.00:085][ 96]LogNet: Browse: 127.0.0.1//Game/FirstPersonBP/Maps/FirstPersonExampleMap
[2017.04.24-00.08.00:085][ 96]LogInit: WinSock: Socket queue 32768 / 32768
[2017.04.24-00.08.00:086][ 96]PacketHandlerLog: Loaded PacketHandler component: Engine.EngineHandlerComponentFactory (StatelessConnectHandlerComponent)
[2017.04.24-00.08.00:086][ 96]LogNet: Game client on port 7777, rate 10000
[2017.04.24-00.08.00:086][ 96]LogNet: UPendingNetGame::InitNetDriver: Sending hello. [UNetConnection] RemoteAddr: 127.0.0.1:7777, Name: IpConnection_2, Driver: PendingNetDriver IpNetDriver_3, IsServer: NO, PC: NULL, Owner: NULL
[2017.04.24-00.08.00:090][ 96]PIE: Info Play in editor start time for /Game/FirstPersonBP/Maps/FirstPersonExampleMap 1.022
[2017.04.24-00.08.00:095][ 96]LogBlueprintUserMessages: Late PlayInEditor Detection: Level '/Game/CustomContent/MainMenu.MainMenu:PersistentLevel' has LevelScriptBlueprint '/Game/CustomContent/MainMenu.MainMenu:PersistentLevel.MainMenu' with GeneratedClass '/Game/CustomContent/MainMenu.MainMenu_C' with ClassGeneratedBy '/Game/CustomContent/MainMenu.MainMenu:PersistentLevel.MainMenu'
[2017.04.24-00.08.00:095][ 96]LogHandshake: SendConnectChallenge. Timestamp: 0.008341, Cookie: 231118056016074073215084221172186080070182003096040036139138
[2017.04.24-00.08.00:096][ 96]LogHandshake: SendChallengeResponse. Timestamp: 0.008341, Cookie: 231118056016074073215084221172186080070182003096040036139138
[2017.04.24-00.08.00:136][ 97]LogNet: Server accepting post-challenge connection from: 127.0.0.1:54382
[2017.04.24-00.08.00:136][ 97]PacketHandlerLog: Loaded PacketHandler component: Engine.EngineHandlerComponentFactory (StatelessConnectHandlerComponent)
[2017.04.24-00.08.00:136][ 97]LogNet: NotifyAcceptedConnection: Name: MainMenu, TimeStamp: 04/23/17 20:08:00, [UNetConnection] RemoteAddr: 127.0.0.1:54382, Name: IpConnection_3, Driver: GameNetDriver IpNetDriver_2, IsServer: YES, PC: NULL, Owner: NULL
[2017.04.24-00.08.00:136][ 97]LogNet: AddClientConnection: Added client connection: [UNetConnection] RemoteAddr: 127.0.0.1:54382, Name: IpConnection_3, Driver: GameNetDriver IpNetDriver_2, IsServer: YES, PC: NULL, Owner: NULL
[2017.04.24-00.08.00:161][100]LogNet: NotifyAcceptingChannel Control 0 server World /Game/CustomContent/UEDPIE_1_MainMenu.MainMenu: Accepted
[2017.04.24-00.08.00:161][100]LogNet: Remote platform little endian=1
[2017.04.24-00.08.00:161][100]LogNet: This platform little endian=1
[2017.04.24-00.08.00:170][101]LogNet: Login request: /Game/FirstPersonBP/Maps/FirstPersonExampleMap userId: Invalid
[2017.04.24-00.08.00:171][101]LogNet: Welcomed by server (Level: /Game/CustomContent/UEDPIE_1_MainMenu, Game: /Game/FirstPersonBP/Blueprints/FirstPersonGameMode.FirstPersonGameMode_C)
[2017.04.24-00.08.00:171][101]LogLoad: LoadMap: 127.0.0.1//Game/CustomContent/UEDPIE_1_MainMenu?game=/Game/FirstPersonBP/Blueprints/FirstPersonGameMode.FirstPersonGameMode_C
[2017.04.24-00.08.00:183][101]Cmd: MEM
[2017.04.24-00.08.00:194][101]LogMemory: Platform Memory Stats for Windows
[2017.04.24-00.08.00:194][101]LogMemory: Process Physical Memory: 1576.88 MB used, 1576.88 MB peak
[2017.04.24-00.08.00:194][101]LogMemory: Process Virtual Memory: 2499.52 MB used, 2561.07 MB peak
[2017.04.24-00.08.00:194][101]LogMemory: Physical Memory: 8637.90 MB used,  24071.36 MB free, 32709.25 MB total
[2017.04.24-00.08.00:194][101]LogMemory: Virtual Memory: 3470.62 MB used,  24071.36 MB free, 134217728.00 MB total
[2017.04.24-00.08.00:194][101]LogMemory: 
[2017.04.24-00.08.00:194][101]Allocator Stats for TBB: (not implemented)
[2017.04.24-00.08.00:196][101]LogAIModule: Creating AISystem for world MainMenu
[2017.04.24-00.08.00:198][101]LogWorld: Bringing World /Game/CustomContent/UEDPIE_2_MainMenu.MainMenu up for play (max tick rate 0) at 2017.04.23-20.08.00
[2017.04.24-00.08.00:198][101]LogWorld: Bringing up level for play took: 0.001056
[2017.04.24-00.08.00:198][101]LogLoad: Took 0.027234 seconds to LoadMap(/Game/CustomContent/UEDPIE_1_MainMenu)
[2017.04.24-00.08.00:207][102]LogNet: Client netspeed is 10000
[2017.04.24-00.08.00:207][102]LogNet: Join request: /Game/FirstPersonBP/Maps/FirstPersonExampleMap?SplitscreenCount=1
[2017.04.24-00.08.00:209][102]LogNet: Join succeeded: 260
[2017.04.24-00.08.02:889][423]LogNet: Browse: /Game/CustomContent/Level1
[2017.04.24-00.08.02:889][423]LogLoad: LoadMap: /Game/CustomContent/Level1
[2017.04.24-00.08.02:889][423]LogNet: World NetDriver shutdown IpNetDriver_3 [GameNetDriver]
[2017.04.24-00.08.02:889][423]LogNet: DestroyNamedNetDriver IpNetDriver_3 [GameNetDriver]
[2017.04.24-00.08.02:889][423]LogNet: UNetConnection::Close: [UNetConnection] RemoteAddr: 127.0.0.1:7777, Name: IpConnection_2, Driver: GameNetDriver IpNetDriver_3, IsServer: NO, PC: PlayerController_1, Owner: PlayerController_1, Channels: 11, Time: 2017.04.24-00.08.02
[2017.04.24-00.08.02:889][423]LogNet: UChannel::Close: Sending CloseBunch. ChIndex == 0. Name: [UChannel] ChIndex: 0, Closing: 0 [UNetConnection] RemoteAddr: 127.0.0.1:7777, Name: IpConnection_2, Driver: GameNetDriver IpNetDriver_3, IsServer: NO, PC: PlayerController_1, Owner: PlayerController_1
[2017.04.24-00.08.02:890][423]LogExit: GameNetDriver IpNetDriver_3 shut down
[2017.04.24-00.08.02:902][423]Cmd: MEM
[2017.04.24-00.08.02:913][423]LogMemory: Platform Memory Stats for Windows
[2017.04.24-00.08.02:913][423]LogMemory: Process Physical Memory: 1588.54 MB used, 1588.54 MB peak
[2017.04.24-00.08.02:913][423]LogMemory: Process Virtual Memory: 2534.56 MB used, 2561.07 MB peak
[2017.04.24-00.08.02:913][423]LogMemory: Physical Memory: 8650.27 MB used,  24058.98 MB free, 32709.25 MB total
[2017.04.24-00.08.02:913][423]LogMemory: Virtual Memory: 3498.62 MB used,  24058.98 MB free, 134217728.00 MB total
[2017.04.24-00.08.02:913][423]LogMemory: 
[2017.04.24-00.08.02:913][423]Allocator Stats for TBB: (not implemented)
[2017.04.24-00.08.02:994][423]LogAIModule: Creating AISystem for world Level1
[2017.04.24-00.08.02:995][423]LogLoad: Game class is 'FirstPersonGameMode_C'
[2017.04.24-00.08.02:999][423]LogWorld: Bringing World /Game/CustomContent/UEDPIE_2_Level1.Level1 up for play (max tick rate 0) at 2017.04.23-20.08.02
[2017.04.24-00.08.02:999][423]LogWorld: Bringing up level for play took: 0.003926
[2017.04.24-00.08.03:000][423]LogLoad: Took 0.110144 seconds to LoadMap(/Game/CustomContent/Level1)
[2017.04.24-00.08.03:014][424]LogNet: UChannel::ReceivedSequencedBunch: Bunch.bClose == true. ChIndex == 0. Calling ConditionalCleanUp.
[2017.04.24-00.08.03:014][424]LogNet: UChannel::CleanUp: ChIndex == 0. Closing connection. [UChannel] ChIndex: 0, Closing: 0 [UNetConnection] RemoteAddr: 127.0.0.1:54382, Name: IpConnection_3, Driver: GameNetDriver IpNetDriver_2, IsServer: YES, PC: PlayerController_1, Owner: PlayerController_1
[2017.04.24-00.08.03:014][424]LogNet: UNetConnection::Close: [UNetConnection] RemoteAddr: 127.0.0.1:54382, Name: IpConnection_3, Driver: GameNetDriver IpNetDriver_2, IsServer: YES, PC: PlayerController_1, Owner: PlayerController_1, Channels: 11, Time: 2017.04.24-00.08.03
[2017.04.24-00.08.03:014][424]LogNet: UChannel::Close: Sending CloseBunch. ChIndex == 0. Name: [UChannel] ChIndex: 0, Closing: 0 [UNetConnection] RemoteAddr: 127.0.0.1:54382, Name: IpConnection_3, Driver: GameNetDriver IpNetDriver_2, IsServer: YES, PC: PlayerController_1, Owner: PlayerController_1
[2017.04.24-00.08.05:850][722]LogNet: Browse: /Game/CustomContent/Level1
[2017.04.24-00.08.05:850][722]LogLoad: LoadMap: /Game/CustomContent/Level1
[2017.04.24-00.08.05:850][722]LogNet: World NetDriver shutdown IpNetDriver_2 [GameNetDriver]
[2017.04.24-00.08.05:850][722]LogNet: DestroyNamedNetDriver IpNetDriver_2 [GameNetDriver]
[2017.04.24-00.08.05:850][722]LogExit: GameNetDriver IpNetDriver_2 shut down
[2017.04.24-00.08.05:863][722]Cmd: MEM
[2017.04.24-00.08.05:875][722]LogMemory: Platform Memory Stats for Windows
[2017.04.24-00.08.05:875][722]LogMemory: Process Physical Memory: 1617.67 MB used, 1640.57 MB peak
[2017.04.24-00.08.05:875][722]LogMemory: Process Virtual Memory: 2568.01 MB used, 2592.43 MB peak
[2017.04.24-00.08.05:875][722]LogMemory: Physical Memory: 8672.39 MB used,  24036.87 MB free, 32709.25 MB total
[2017.04.24-00.08.05:875][722]LogMemory: Virtual Memory: 3521.68 MB used,  24036.87 MB free, 134217728.00 MB total
[2017.04.24-00.08.05:875][722]LogMemory: 
[2017.04.24-00.08.05:875][722]Allocator Stats for TBB: (not implemented)
[2017.04.24-00.08.05:953][722]LogAIModule: Creating AISystem for world Level1
[2017.04.24-00.08.05:953][722]LogLoad: Game class is 'FirstPersonGameMode_C'
[2017.04.24-00.08.05:958][722]LogWorld: Bringing World /Game/CustomContent/UEDPIE_1_Level1.Level1 up for play (max tick rate 0) at 2017.04.23-20.08.05
[2017.04.24-00.08.05:958][722]LogWorld: Bringing up level for play took: 0.003767
[2017.04.24-00.08.05:958][722]LogLoad: Took 0.108228 seconds to LoadMap(/Game/CustomContent/Level1)
[2017.04.24-00.08.28:355][408]LogBlueprintUserMessages: Early EndPlayMap Detection: Level '/Game/CustomContent/MainMenu.MainMenu:PersistentLevel' has LevelScriptBlueprint '/Game/CustomContent/MainMenu.MainMenu:PersistentLevel.MainMenu' with GeneratedClass '/Game/CustomContent/MainMenu.MainMenu_C' with ClassGeneratedBy '/Game/CustomContent/MainMenu.MainMenu:PersistentLevel.MainMenu'
[2017.04.24-00.08.28:452][408]LogBlueprintUserMessages: Late EndPlayMap Detection: Level '/Game/CustomContent/MainMenu.MainMenu:PersistentLevel' has LevelScriptBlueprint '/Game/CustomContent/MainMenu.MainMenu:PersistentLevel.MainMenu' with GeneratedClass '/Game/CustomContent/MainMenu.MainMenu_C' with ClassGeneratedBy '/Game/CustomContent/MainMenu.MainMenu:PersistentLevel.MainMenu'
[2017.04.24-05.13.32:168][  7]Cmd: MAP LOAD FILE="C:/Users/gurle/Documents/Unreal Projects/GameEngine1Final/Content/CustomContent/MainMenu.umap" TEMPLATE=0 SHOWPROGRESS=1 FEATURELEVEL=3
[2017.04.24-05.13.32:168][  7]LightingResults: New page: Lighting Build
[2017.04.24-05.13.32:168][  7]LoadErrors: New page: Loading map: MainMenu.umap
[2017.04.24-05.13.32:169][  7]MapCheck: New page: Map Check
[2017.04.24-05.13.32:169][  7]LightingResults: New page: Lighting Build
[2017.04.24-05.13.32:189][  7]LogAIModule: Creating AISystem for world MainMenu
[2017.04.24-05.13.32:224][  7]LogEditorServer: Finished looking for orphan Actors (0.000 secs)
[2017.04.24-05.13.32:276][  7]Cmd: MAP CHECKDEP NOCLEARLOG
[2017.04.24-05.13.32:354][  7]MapCheck: Info Map check complete: 0 Error(s), 0 Warning(s), took 78.176ms to complete.
[2017.04.24-05.13.32:355][  7]LogFileHelpers: Loading map 'MainMenu' took 0.188
[2017.04.24-05.13.33:357][115]LogAIModule: Creating AISystem for world Level1
[2017.04.24-05.13.33:373][115]Cmd: MAP LOAD FILE="C:/Users/gurle/Documents/Unreal Projects/GameEngine1Final/Content/CustomContent/Level1.umap" TEMPLATE=0 SHOWPROGRESS=1 FEATURELEVEL=3
[2017.04.24-05.13.33:373][115]LightingResults: New page: Lighting Build
[2017.04.24-05.13.33:373][115]LoadErrors: New page: Loading map: Level1.umap
[2017.04.24-05.13.33:374][115]MapCheck: New page: Map Check
[2017.04.24-05.13.33:374][115]LightingResults: New page: Lighting Build
[2017.04.24-05.13.33:435][115]LogEditorServer: Finished looking for orphan Actors (0.000 secs)
[2017.04.24-05.13.33:475][115]Cmd: MAP CHECKDEP NOCLEARLOG
[2017.04.24-05.13.33:551][115]MapCheck: Info Map check complete: 0 Error(s), 0 Warning(s), took 76.015ms to complete.
[2017.04.24-05.13.33:551][115]LogFileHelpers: Loading map 'Level1' took 0.179
[2017.04.24-05.15.28:543][488]BlueprintLog: New page: Compile FirstPersonGameMode
[2017.04.24-05.23.34:068][232]LogFileHelpers: Editor autosave (incl. sublevels) for '/Game/CustomContent/Level1' took 0.017
[2017.04.24-05.23.34:080][232]OBJ SavePackage: Generating thumbnails for [0] asset(s) in package [/Game/FirstPersonBP/Blueprints/FirstPersonGameMode] ([1] browsable assets)...
[2017.04.24-05.23.34:080][232]OBJ SavePackage: Finished generating thumbnails for package [/Game/FirstPersonBP/Blueprints/FirstPersonGameMode]
[2017.04.24-05.23.34:169][232]LogSavePackage: Save=43.12ms
[2017.04.24-05.23.34:169][232]LogSavePackage: Moving 'C:/Users/gurle/Documents/Unreal Projects/GameEngine1Final/Saved/FirstPersonGameMode_Auto1D8A111AA4A6D089AE17C52B92AE1018F.tmp' to 'C:/Users/gurle/Documents/Unreal Projects/GameEngine1Final/Saved/Autosaves/Game/FirstPersonBP/Blueprints/FirstPersonGameMode_Auto1.uasset'
[2017.04.24-05.23.34:170][232]LogSavePackage:Display: Finished SavePackage C:/Users/gurle/Documents/Unreal Projects/GameEngine1Final/Saved/Autosaves/Game/FirstPersonBP/Blueprints/FirstPersonGameMode_Auto1.uasset
[2017.04.24-05.23.34:170][232]LogFileHelpers: Auto-saving content packages took 0.102
[2017.04.24-05.29.12:572][698]LogActorComponent: ReregisterComponent: (/Engine/Transient.World_12:PersistentLevel.Points_Ball_BP_C_1.StaticMeshComponent0) Not currently registered. Aborting.
[2017.04.24-05.29.12:572][698]LogActorComponent: ReregisterComponent: (/Engine/Transient.World_2:PersistentLevel.Points_Ball_BP_C_0.StaticMeshComponent0) Not currently registered. Aborting.
[2017.04.24-05.29.14:955][945]LogActorComponent: ReregisterComponent: (/Engine/Transient.World_12:PersistentLevel.Points_Ball_BP_C_1.StaticMeshComponent0) Not currently registered. Aborting.
[2017.04.24-05.29.14:955][945]LogActorComponent: ReregisterComponent: (/Engine/Transient.World_2:PersistentLevel.Points_Ball_BP_C_0.StaticMeshComponent0) Not currently registered. Aborting.
[2017.04.24-05.29.32:081][768]PIE:Warning: Warning Invalid Simulate Options: Body (Points_Ball_BP_C_1.StaticMeshComponent0 Sphere) is set to simulate physics but Collision Enabled is incompatible
[2017.04.24-05.29.32:081][768]PIE:Warning: Warning Invalid Simulate Options: Body (Points_Ball_BP_C_1.StaticMeshComponent0 Sphere) is set to simulate physics but Collision Enabled is incompatible
[2017.04.24-05.29.32:082][768]PIE:Warning: Warning Invalid Simulate Options: Body (Points_Ball_BP_C_1.StaticMeshComponent0 Sphere) is set to simulate physics but Collision Enabled is incompatible
[2017.04.24-05.29.32:082][768]PIE:Warning: Warning Invalid Simulate Options: Body (Points_Ball_BP_C_1.StaticMeshComponent0 Sphere) is set to simulate physics but Collision Enabled is incompatible
[2017.04.24-05.29.32:082][768]PIE:Warning: Warning Invalid Simulate Options: Body (Points_Ball_BP_C_1.StaticMeshComponent0 Sphere) is set to simulate physics but Collision Enabled is incompatible
[2017.04.24-05.29.32:082][768]PIE:Warning: Warning Invalid Simulate Options: Body (Points_Ball_BP_C_1.StaticMeshComponent0 Sphere) is set to simulate physics but Collision Enabled is incompatible
[2017.04.24-05.29.32:094][768]PIE:Warning: Warning Invalid Simulate Options: Body (Points_Ball_BP_C_1.StaticMeshComponent0 Sphere) is set to simulate physics but Collision Enabled is incompatible
[2017.04.24-05.29.32:094][768]PIE:Warning: Warning Invalid Simulate Options: Body (Points_Ball_BP_C_1.StaticMeshComponent0 Sphere) is set to simulate physics but Collision Enabled is incompatible
[2017.04.24-05.31.00:795][761]LogTexture:Display: Building textures: T_Burst_M (AutoDXT)
[2017.04.24-05.31.01:004][761]LogTexture:Display: Building textures: T_Explosion_SubUV (AutoDXT)
[2017.04.24-05.31.01:826][761]LogTexture:Display: Building textures: T_Smoke_SubUV (AutoDXT)
[2017.04.24-05.31.03:030][761]LogTexture:Display: Building textures: T_Smoke_Tiled_D (AutoDXT)
[2017.04.24-05.31.03:100][761]LogTexture:Display: Building textures: ThumbnailTexture (DXT1)
[2017.04.24-05.34.19:244][561]LogFileHelpers: Editor autosave (incl. sublevels) for '/Game/CustomContent/Level1' took 0.016
[2017.04.24-05.34.19:245][561]OBJ SavePackage: Generating thumbnails for [1] asset(s) in package [/Game/CustomContent/Points_Ball_BP] ([1] browsable assets)...
[2017.04.24-05.34.19:271][561]OBJ SavePackage:     Rendered thumbnail for [Blueprint /Game/CustomContent/Points_Ball_BP.Points_Ball_BP]
[2017.04.24-05.34.19:271][561]OBJ SavePackage: Finished generating thumbnails for package [/Game/CustomContent/Points_Ball_BP]
[2017.04.24-05.34.19:398][561]LogSavePackage: Save=90.68ms
[2017.04.24-05.34.19:398][561]LogSavePackage: Moving 'C:/Users/gurle/Documents/Unreal Projects/GameEngine1Final/Saved/Points_Ball_BP_Auto2E6D325B74247FD66F55F909DB3664F57.tmp' to 'C:/Users/gurle/Documents/Unreal Projects/GameEngine1Final/Saved/Autosaves/Game/CustomContent/Points_Ball_BP_Auto2.uasset'
[2017.04.24-05.34.19:399][561]LogSavePackage:Display: Finished SavePackage C:/Users/gurle/Documents/Unreal Projects/GameEngine1Final/Saved/Autosaves/Game/CustomContent/Points_Ball_BP_Auto2.uasset
[2017.04.24-05.34.19:399][561]LogFileHelpers: Auto-saving content packages took 0.155
[2017.04.24-05.37.17:534][431]BlueprintLog: New page: Compile Points_Ball_BP
[2017.04.24-05.38.38:860][993]BlueprintLog: New page: Compile FirstPersonGameMode
[2017.04.24-05.41.16:169][ 92]BlueprintLog: New page: Compile Points_Ball_BP
[2017.04.24-05.41.16:175][ 92]LogBlueprint:Error: [Compiler Points_Ball_BP] Error This blueprint (self) is not a FirstPersonGameMode_C, therefore ' self ' must have a connection.
[2017.04.24-05.41.16:460][ 92]BlueprintEditorCompileResults:Error: Error This blueprint (self) is not a FirstPersonGameMode_C, therefore ' self ' must have a connection.
[2017.04.24-05.41.16:467][ 92]LogBlueprint:Warning: [Compiler Points_Ball_BP] Warning [0254.78] Compile of Points_Ball_BP failed. 1 Fatal Issue(s) 0 Warning(s) [in 290 ms] (/Game/CustomContent/Points_Ball_BP.Points_Ball_BP)
[2017.04.24-05.41.31:963][772]BlueprintLog: New page: Compile Points_Ball_BP
[2017.04.24-05.43.26:145][871]BlueprintLog: New page: Compile Points_Ball_BP
[2017.04.24-05.43.27:107][961]Cmd: OBJ SAVEPACKAGE PACKAGE="/Game/CustomContent/Points_Ball_BP" FILE="C:/Users/gurle/Documents/Unreal Projects/GameEngine1Final/Content/CustomContent/Points_Ball_BP.uasset" SILENT=true
[2017.04.24-05.43.27:230][961]LogSavePackage: Save=91.65ms
[2017.04.24-05.43.27:230][961]LogSavePackage: Moving 'C:/Users/gurle/Documents/Unreal Projects/GameEngine1Final/Saved/Points_Ball_BP0D1563614BC950768ABC7BBDE801246C.tmp' to 'C:/Users/gurle/Documents/Unreal Projects/GameEngine1Final/Content/CustomContent/Points_Ball_BP.uasset'
[2017.04.24-05.43.27:256][961]LogSavePackage:Display: Finished SavePackage C:/Users/gurle/Documents/Unreal Projects/GameEngine1Final/Content/CustomContent/Points_Ball_BP.uasset
[2017.04.24-05.44.03:490][597]LogStats: FPlatformStackWalk::StackWalkAndDump -  0.191 s
[2017.04.24-05.44.03:490][597]LogOutputDevice:Error: === Handled ensure: ===
[2017.04.24-05.44.03:490][597]LogOutputDevice:Error: 
[2017.04.24-05.44.03:490][597]LogOutputDevice:Error: Ensure condition failed: !PreviewSlateWidgetWeak.IsValid() [File:D:\Build\++UE4+Release-4.14+Compile\Sync\Engine\Source\Editor\UMGEditor\Private\WidgetBlueprintEditor.cpp] [Line: 768]
[2017.04.24-05.44.03:490][597]LogOutputDevice:Error: 
[2017.04.24-05.44.03:490][597]LogOutputDevice:Error: Stack: 
[2017.04.24-05.44.03:490][597]LogOutputDevice:Error: UE4Editor-Core.dll
[2017.04.24-05.44.03:490][597]LogOutputDevice:Error: UE4Editor-Core.dll
[2017.04.24-05.44.03:490][597]LogOutputDevice:Error: UE4Editor-Core.dll
[2017.04.24-05.44.03:490][597]LogOutputDevice:Error: UE4Editor-UMGEditor.dll
[2017.04.24-05.44.03:490][597]LogOutputDevice:Error: UE4Editor-UMGEditor.dll
[2017.04.24-05.44.03:490][597]LogOutputDevice:Error: UE4Editor-Kismet.dll
[2017.04.24-05.44.03:490][597]LogOutputDevice:Error: UE4Editor-Kismet.dll
[2017.04.24-05.44.03:490][597]LogOutputDevice:Error: UE4Editor-Engine.dll
[2017.04.24-05.44.03:490][597]LogOutputDevice:Error: UE4Editor-UnrealEd.dll
[2017.04.24-05.44.03:490][597]LogOutputDevice:Error: UE4Editor-UMGEditor.dll
[2017.04.24-05.44.03:490][597]LogOutputDevice:Error: UE4Editor-UMGEditor.dll
[2017.04.24-05.44.03:490][597]LogOutputDevice:Error: UE4Editor-UMGEditor.dll
[2017.04.24-05.44.03:490][597]LogOutputDevice:Error: UE4Editor-UMGEditor.dll
[2017.04.24-05.44.03:490][597]LogOutputDevice:Error: UE4Editor-Slate.dll
[2017.04.24-05.44.03:490][597]LogOutputDevice:Error: UE4Editor-Slate.dll
[2017.04.24-05.44.03:490][597]LogOutputDevice:Error: UE4Editor-Slate.dll
[2017.04.24-05.44.03:490][597]LogOutputDevice:Error: UE4Editor-Slate.dll
[2017.04.24-05.44.03:490][597]LogOutputDevice:Error: UE4Editor-UMGEditor.dll
[2017.04.24-05.44.03:490][597]LogOutputDevice:Error: UE4Editor-UMGEditor.dll
[2017.04.24-05.44.03:490][597]LogOutputDevice:Error: UE4Editor-UMGEditor.dll
[2017.04.24-05.44.03:490][597]LogOutputDevice:Error: UE4Editor-UMGEditor.dll
[2017.04.24-05.44.03:490][597]LogOutputDevice:Error: UE4Editor-UMGEditor.dll
[2017.04.24-05.44.03:490][597]LogOutputDevice:Error: UE4Editor-UMGEditor.dll
[2017.04.24-05.44.03:490][597]LogOutputDevice:Error: UE4Editor-UMGEditor.dll
[2017.04.24-05.44.03:490][597]LogOutputDevice:Error: UE4Editor-Slate.dll
[2017.04.24-05.44.03:490][597]LogOutputDevice:Error: UE4Editor-Slate.dll
[2017.04.24-05.44.03:490][597]LogOutputDevice:Error: UE4Editor-Slate.dll
[2017.04.24-05.44.03:490][597]LogOutputDevice:Error: UE4Editor-Slate.dll
[2017.04.24-05.44.03:490][597]LogOutputDevice:Error: UE4Editor-Slate.dll
[2017.04.24-05.44.03:490][597]LogOutputDevice:Error: UE4Editor-Core.dll
[2017.04.24-05.44.03:490][597]LogOutputDevice:Error: UE4Editor-Core.dll
[2017.04.24-05.44.03:490][597]LogOutputDevice:Error: UE4Editor-Core.dll
[2017.04.24-05.44.03:490][597]LogOutputDevice:Error: UE4Editor-Core.dll
[2017.04.24-05.44.03:490][597]LogOutputDevice:Error: USER32.dll
[2017.04.24-05.44.03:490][597]LogOutputDevice:Error: USER32.dll
[2017.04.24-05.44.03:490][597]LogOutputDevice:Error: UE4Editor-Core.dll
[2017.04.24-05.44.03:490][597]LogOutputDevice:Error: UE4Editor.exe
[2017.04.24-05.44.03:490][597]LogOutputDevice:Error: UE4Editor.exe
[2017.04.24-05.44.03:490][597]LogOutputDevice:Error: UE4Editor.exe
[2017.04.24-05.44.03:490][597]LogOutputDevice:Error: UE4Editor.exe
[2017.04.24-05.44.03:490][597]LogOutputDevice:Error: UE4Editor.exe
[2017.04.24-05.44.03:490][597]LogOutputDevice:Error: KERNEL32.DLL
[2017.04.24-05.44.03:490][597]LogOutputDevice:Error: ntdll.dll
[2017.04.24-05.44.03:490][597]LogOutputDevice:Error: 
[2017.04.24-05.44.03:500][597]LogStats:                SubmitErrorReport -  0.000 s
