Log file open, 04/02/17 21:37:20
LogInit:Display: Running engine for game: GameEngine1Final
LogPlatformFile: Not using cached read wrapper
LogInit:Display: RandInit(1608694624) SRandInit(1608694625).
LogTaskGraph: Started task graph with 5 named threads and 8 total threads with 1 sets of task threads.
LogStats: Stats thread started at 1.538569
LogPluginManager: Loaded Plugin Paper2D, From C:/Program Files/Epic Games/4.14/Engine/Plugins/2D/Paper2D/Paper2D.uplugin
LogPluginManager: Loaded Plugin LightPropagationVolume, From C:/Program Files/Epic Games/4.14/Engine/Plugins/Blendables/LightPropagationVolume/LightPropagationVolume.uplugin
LogPluginManager: Loaded Plugin BlankPlugin, From C:/Program Files/Epic Games/4.14/Engine/Plugins/Developer/BlankPlugin/BlankPlugin.uplugin
LogPluginManager: Loaded Plugin CodeLiteSourceCodeAccess, From C:/Program Files/Epic Games/4.14/Engine/Plugins/Developer/CodeLiteSourceCodeAccess/CodeLiteSourceCodeAccess.uplugin
LogPluginManager: Loaded Plugin GitSourceControl, From C:/Program Files/Epic Games/4.14/Engine/Plugins/Developer/GitSourceControl/GitSourceControl.uplugin
LogPluginManager: Loaded Plugin KDevelopSourceCodeAccess, From C:/Program Files/Epic Games/4.14/Engine/Plugins/Developer/KDevelopSourceCodeAccess/KDevelopSourceCodeAccess.uplugin
LogPluginManager: Loaded Plugin NullSourceCodeAccess, From C:/Program Files/Epic Games/4.14/Engine/Plugins/Developer/NullSourceCodeAccess/NullSourceCodeAccess.uplugin
LogPluginManager: Loaded Plugin OneSkyLocalizationService, From C:/Program Files/Epic Games/4.14/Engine/Plugins/Developer/OneSkyLocalizationService/OneSkyLocalizationService.uplugin
LogPluginManager: Loaded Plugin PerforceSourceControl, From C:/Program Files/Epic Games/4.14/Engine/Plugins/Developer/PerforceSourceControl/PerforceSourceControl.uplugin
LogPluginManager: Loaded Plugin SubversionSourceControl, From C:/Program Files/Epic Games/4.14/Engine/Plugins/Developer/SubversionSourceControl/SubversionSourceControl.uplugin
LogPluginManager: Loaded Plugin UObjectPlugin, From C:/Program Files/Epic Games/4.14/Engine/Plugins/Developer/UObjectPlugin/UObjectPlugin.uplugin
LogPluginManager: Loaded Plugin VisualStudioSourceCodeAccess, From C:/Program Files/Epic Games/4.14/Engine/Plugins/Developer/VisualStudioSourceCodeAccess/VisualStudioSourceCodeAccess.uplugin
LogPluginManager: Loaded Plugin XCodeSourceCodeAccess, From C:/Program Files/Epic Games/4.14/Engine/Plugins/Developer/XCodeSourceCodeAccess/XCodeSourceCodeAccess.uplugin
LogPluginManager: Loaded Plugin AudioCapture, From C:/Program Files/Epic Games/4.14/Engine/Plugins/Editor/AudioCapture/AudioCapture.uplugin
LogPluginManager: Loaded Plugin EpicSurvey, From C:/Program Files/Epic Games/4.14/Engine/Plugins/Editor/EpicSurvey/EpicSurvey.uplugin
LogPluginManager: Loaded Plugin MacGraphicsSwitching, From C:/Program Files/Epic Games/4.14/Engine/Plugins/Editor/MacGraphicsSwitching/MacGraphicsSwitching.uplugin
LogPluginManager: Loaded Plugin MobileLauncherProfileWizard, From C:/Program Files/Epic Games/4.14/Engine/Plugins/Editor/MobileLauncherProfileWizard/MobileLauncherProfileWizard.uplugin
LogPluginManager: Loaded Plugin PluginBrowser, From C:/Program Files/Epic Games/4.14/Engine/Plugins/Editor/PluginBrowser/PluginBrowser.uplugin
LogPluginManager: Loaded Plugin SpeedTreeImporter, From C:/Program Files/Epic Games/4.14/Engine/Plugins/Editor/SpeedTreeImporter/SpeedTreeImporter.uplugin
LogPluginManager: Loaded Plugin SuperSearchEditor, From C:/Program Files/Epic Games/4.14/Engine/Plugins/Editor/SuperSearchEditor/SuperSearchEditor.uplugin
LogPluginManager: Loaded Plugin AlembicImporter, From C:/Program Files/Epic Games/4.14/Engine/Plugins/Experimental/AlembicImporter/AlembicImporter.uplugin
LogPluginManager: Loaded Plugin BlueprintStats, From C:/Program Files/Epic Games/4.14/Engine/Plugins/Experimental/BlueprintStats/BlueprintStats.uplugin
LogPluginManager: Loaded Plugin CharacterAI, From C:/Program Files/Epic Games/4.14/Engine/Plugins/Experimental/CharacterAI/CharacterAI.uplugin
LogPluginManager: Loaded Plugin CodeEditor, From C:/Program Files/Epic Games/4.14/Engine/Plugins/Experimental/CodeEditor/CodeEditor.uplugin
LogPluginManager: Loaded Plugin CodeView, From C:/Program Files/Epic Games/4.14/Engine/Plugins/Experimental/CodeView/CodeView.uplugin
LogPluginManager: Loaded Plugin HTML5Networking, From C:/Program Files/Epic Games/4.14/Engine/Plugins/Experimental/HTML5Networking/HTML5Networking.uplugin
LogPluginManager: Loaded Plugin OSVR, From C:/Program Files/Epic Games/4.14/Engine/Plugins/Experimental/OSVR/OSVR.uplugin
LogPluginManager: Loaded Plugin Phya, From C:/Program Files/Epic Games/4.14/Engine/Plugins/Experimental/Phya/Phya.uplugin
LogPluginManager: Loaded Plugin SignificanceManager, From C:/Program Files/Epic Games/4.14/Engine/Plugins/Experimental/SignificanceManager/SignificanceManager.uplugin
LogPluginManager: Loaded Plugin SimpleHMD, From C:/Program Files/Epic Games/4.14/Engine/Plugins/Experimental/SimpleHMD/SimpleHMD.uplugin
LogPluginManager: Loaded Plugin StereoPanorama, From C:/Program Files/Epic Games/4.14/Engine/Plugins/Experimental/StereoPanorama/StereoPanorama.uplugin
LogPluginManager: Loaded Plugin StructBox, From C:/Program Files/Epic Games/4.14/Engine/Plugins/Experimental/StructBox/StructBox.uplugin
LogPluginManager: Loaded Plugin AndroidMedia, From C:/Program Files/Epic Games/4.14/Engine/Plugins/Media/AndroidMedia/AndroidMedia.uplugin
LogPluginManager: Loaded Plugin AvfMedia, From C:/Program Files/Epic Games/4.14/Engine/Plugins/Media/AvfMedia/AvfMedia.uplugin
LogPluginManager: Loaded Plugin MediaPlayerEditor, From C:/Program Files/Epic Games/4.14/Engine/Plugins/Media/MediaPlayerEditor/MediaPlayerEditor.uplugin
LogPluginManager: Loaded Plugin WmfMedia, From C:/Program Files/Epic Games/4.14/Engine/Plugins/Media/WmfMedia/WmfMedia.uplugin
LogPluginManager: Loaded Plugin MessagingDebugger, From C:/Program Files/Epic Games/4.14/Engine/Plugins/Messaging/MessagingDebugger/MessagingDebugger.uplugin
LogPluginManager: Loaded Plugin TcpMessaging, From C:/Program Files/Epic Games/4.14/Engine/Plugins/Messaging/TcpMessaging/TcpMessaging.uplugin
LogPluginManager: Loaded Plugin UdpMessaging, From C:/Program Files/Epic Games/4.14/Engine/Plugins/Messaging/UdpMessaging/UdpMessaging.uplugin
LogPluginManager: Loaded Plugin LevelSequenceEditor, From C:/Program Files/Epic Games/4.14/Engine/Plugins/MovieScene/LevelSequenceEditor/LevelSequenceEditor.uplugin
LogPluginManager: Loaded Plugin MatineeToLevelSequence, From C:/Program Files/Epic Games/4.14/Engine/Plugins/MovieScene/MatineeToLevelSequence/MatineeToLevelSequence.uplugin
LogPluginManager: Loaded Plugin NetcodeUnitTest, From C:/Program Files/Epic Games/4.14/Engine/Plugins/NetcodeUnitTest/NetcodeUnitTest/NetcodeUnitTest.uplugin
LogPluginManager: Loaded Plugin NUTUnrealEngine4, From C:/Program Files/Epic Games/4.14/Engine/Plugins/NetcodeUnitTest/NUTUnrealEngine4/NUTUnrealEngine4.uplugin
LogPluginManager: Loaded Plugin OnlineSubsystemGameCircle, From C:/Program Files/Epic Games/4.14/Engine/Plugins/Online/Android/OnlineSubsystemGameCircle/OnlineSubsystemGameCircle.uplugin
LogPluginManager: Loaded Plugin OnlineSubsystemGooglePlay, From C:/Program Files/Epic Games/4.14/Engine/Plugins/Online/Android/OnlineSubsystemGooglePlay/OnlineSubsystemGooglePlay.uplugin
LogPluginManager: Loaded Plugin OnlineSubsystemIOS, From C:/Program Files/Epic Games/4.14/Engine/Plugins/Online/IOS/OnlineSubsystemIOS/OnlineSubsystemIOS.uplugin
LogPluginManager: Loaded Plugin OnlineFramework, From C:/Program Files/Epic Games/4.14/Engine/Plugins/Online/OnlineFramework/OnlineFramework.uplugin
LogPluginManager: Loaded Plugin OnlineSubsystem, From C:/Program Files/Epic Games/4.14/Engine/Plugins/Online/OnlineSubsystem/OnlineSubsystem.uplugin
LogPluginManager: Loaded Plugin OnlineSubsystemAmazon, From C:/Program Files/Epic Games/4.14/Engine/Plugins/Online/OnlineSubsystemAmazon/OnlineSubsystemAmazon.uplugin
LogPluginManager: Loaded Plugin OnlineSubsystemFacebook, From C:/Program Files/Epic Games/4.14/Engine/Plugins/Online/OnlineSubsystemFacebook/OnlineSubsystemFacebook.uplugin
LogPluginManager: Loaded Plugin OnlineSubsystemNull, From C:/Program Files/Epic Games/4.14/Engine/Plugins/Online/OnlineSubsystemNull/OnlineSubsystemNull.uplugin
LogPluginManager: Loaded Plugin OnlineSubsystemOculus, From C:/Program Files/Epic Games/4.14/Engine/Plugins/Online/OnlineSubsystemOculus/OnlineSubsystemOculus.uplugin
LogPluginManager: Loaded Plugin OnlineSubsystemSteam, From C:/Program Files/Epic Games/4.14/Engine/Plugins/Online/OnlineSubsystemSteam/OnlineSubsystemSteam.uplugin
LogPluginManager: Loaded Plugin OnlineSubsystemUtils, From C:/Program Files/Epic Games/4.14/Engine/Plugins/Online/OnlineSubsystemUtils/OnlineSubsystemUtils.uplugin
LogPluginManager: Loaded Plugin IOSTapJoy, From C:/Program Files/Epic Games/4.14/Engine/Plugins/Runtime/Advertising/IOSTapJoy/IOSTapJoy.uplugin
LogPluginManager: Loaded Plugin AnalyticsBlueprintLibrary, From C:/Program Files/Epic Games/4.14/Engine/Plugins/Runtime/Analytics/AnalyticsBlueprintLibrary/AnalyticsBlueprintLibrary.uplugin
LogPluginManager: Loaded Plugin AnalyticsMulticast, From C:/Program Files/Epic Games/4.14/Engine/Plugins/Runtime/Analytics/AnalyticsMulticast/AnalyticsMulticast.uplugin
LogPluginManager: Loaded Plugin Apsalar, From C:/Program Files/Epic Games/4.14/Engine/Plugins/Runtime/Analytics/Apsalar/Apsalar.uplugin
LogPluginManager: Loaded Plugin FileLogging, From C:/Program Files/Epic Games/4.14/Engine/Plugins/Runtime/Analytics/FileLogging/FileLogging.uplugin
LogPluginManager: Loaded Plugin Flurry, From C:/Program Files/Epic Games/4.14/Engine/Plugins/Runtime/Analytics/Flurry/Flurry.uplugin
LogPluginManager: Loaded Plugin AndroidDeviceProfileSelector, From C:/Program Files/Epic Games/4.14/Engine/Plugins/Runtime/AndroidDeviceProfileSelector/AndroidDeviceProfileSelector.uplugin
LogPluginManager: Loaded Plugin AndroidMoviePlayer, From C:/Program Files/Epic Games/4.14/Engine/Plugins/Runtime/AndroidMoviePlayer/AndroidMoviePlayer.uplugin
LogPluginManager: Loaded Plugin AppleMoviePlayer, From C:/Program Files/Epic Games/4.14/Engine/Plugins/Runtime/AppleMoviePlayer/AppleMoviePlayer.uplugin
LogPluginManager: Loaded Plugin ArchVisCharacter, From C:/Program Files/Epic Games/4.14/Engine/Plugins/Runtime/ArchVisCharacter/ArchVisCharacter.uplugin
LogPluginManager: Loaded Plugin CableComponent, From C:/Program Files/Epic Games/4.14/Engine/Plugins/Runtime/CableComponent/CableComponent.uplugin
LogPluginManager: Loaded Plugin CustomMeshComponent, From C:/Program Files/Epic Games/4.14/Engine/Plugins/Runtime/CustomMeshComponent/CustomMeshComponent.uplugin
LogPluginManager: Loaded Plugin ExampleDeviceProfileSelector, From C:/Program Files/Epic Games/4.14/Engine/Plugins/Runtime/ExampleDeviceProfileSelector/ExampleDeviceProfileSelector.uplugin
LogPluginManager: Loaded Plugin GearVR, From C:/Program Files/Epic Games/4.14/Engine/Plugins/Runtime/GearVR/GearVR.uplugin
LogPluginManager: Loaded Plugin GoogleVRController, From C:/Program Files/Epic Games/4.14/Engine/Plugins/Runtime/GoogleVR/GoogleVRController/GoogleVRController.uplugin
LogPluginManager: Loaded Plugin GoogleVRHMD, From C:/Program Files/Epic Games/4.14/Engine/Plugins/Runtime/GoogleVR/GoogleVRHMD/GoogleVRHMD.uplugin
LogPluginManager: Loaded Plugin IOSDeviceProfileSelector, From C:/Program Files/Epic Games/4.14/Engine/Plugins/Runtime/IOSDeviceProfileSelector/IOSDeviceProfileSelector.uplugin
LogPluginManager: Loaded Plugin LeapMotion, From C:/Program Files/Epic Games/4.14/Engine/Plugins/Runtime/LeapMotion/LeapMotion.uplugin
LogPluginManager: Loaded Plugin LinuxDeviceProfileSelector, From C:/Program Files/Epic Games/4.14/Engine/Plugins/Runtime/LinuxDeviceProfileSelector/LinuxDeviceProfileSelector.uplugin
LogPluginManager: Loaded Plugin MIDIDevice, From C:/Program Files/Epic Games/4.14/Engine/Plugins/Runtime/MIDIDevice/MIDIDevice.uplugin
LogPluginManager: Loaded Plugin MobilePatchingUtils, From C:/Program Files/Epic Games/4.14/Engine/Plugins/Runtime/MobilePatchingUtils/MobilePatchingUtils.uplugin
LogPluginManager: Loaded Plugin Ansel, From C:/Program Files/Epic Games/4.14/Engine/Plugins/Runtime/Nvidia/Ansel/Ansel.uplugin
LogPluginManager: Loaded Plugin OculusAudio, From C:/Program Files/Epic Games/4.14/Engine/Plugins/Runtime/OculusAudio/OculusAudio.uplugin
LogPluginManager: Loaded Plugin OculusInput, From C:/Program Files/Epic Games/4.14/Engine/Plugins/Runtime/OculusInput/OculusInput.uplugin
LogPluginManager: Loaded Plugin OculusLibrary, From C:/Program Files/Epic Games/4.14/Engine/Plugins/Runtime/OculusLibrary/OculusLibrary.uplugin
LogPluginManager: Loaded Plugin OculusRift, From C:/Program Files/Epic Games/4.14/Engine/Plugins/Runtime/OculusRift/OculusRift.uplugin
LogPluginManager: Loaded Plugin Oodle, From C:/Program Files/Epic Games/4.14/Engine/Plugins/Runtime/PacketHandlers/CompressionComponents/Oodle/Oodle.uplugin
LogPluginManager: Loaded Plugin ProceduralMeshComponent, From C:/Program Files/Epic Games/4.14/Engine/Plugins/Runtime/ProceduralMeshComponent/ProceduralMeshComponent.uplugin
LogPluginManager: Loaded Plugin SoundMod, From C:/Program Files/Epic Games/4.14/Engine/Plugins/Runtime/SoundMod/SoundMod.uplugin
LogPluginManager: Loaded Plugin SoundVisualizations, From C:/Program Files/Epic Games/4.14/Engine/Plugins/Runtime/SoundVisualizations/SoundVisualizations.uplugin
LogPluginManager: Loaded Plugin SteamController, From C:/Program Files/Epic Games/4.14/Engine/Plugins/Runtime/Steam/SteamController/SteamController.uplugin
LogPluginManager: Loaded Plugin SteamVR, From C:/Program Files/Epic Games/4.14/Engine/Plugins/Runtime/Steam/SteamVR/SteamVR.uplugin
LogPluginManager: Loaded Plugin WebBrowserWidget, From C:/Program Files/Epic Games/4.14/Engine/Plugins/Runtime/WebBrowserWidget/WebBrowserWidget.uplugin
LogPluginManager: Loaded Plugin WindowsDeviceProfileSelector, From C:/Program Files/Epic Games/4.14/Engine/Plugins/Runtime/WindowsDeviceProfileSelector/WindowsDeviceProfileSelector.uplugin
LogPluginManager: Loaded Plugin WindowsMoviePlayer, From C:/Program Files/Epic Games/4.14/Engine/Plugins/Runtime/WindowsMoviePlayer/WindowsMoviePlayer.uplugin
LogPluginManager: Loaded Plugin ScriptPlugin, From C:/Program Files/Epic Games/4.14/Engine/Plugins/ScriptPlugin/ScriptPlugin.uplugin
LogPluginManager: Loaded Plugin SlateRemote, From C:/Program Files/Epic Games/4.14/Engine/Plugins/Slate/SlateRemote/SlateRemote.uplugin
LogPluginManager: Loaded Plugin EditorTests, From C:/Program Files/Epic Games/4.14/Engine/Plugins/Tests/EditorTests/EditorTests.uplugin
LogPluginManager: Loaded Plugin FbxAutomationTestBuilder, From C:/Program Files/Epic Games/4.14/Engine/Plugins/Tests/FbxAutomationTestBuilder/FbxAutomationTestBuilder.uplugin
LogPluginManager: Loaded Plugin FunctionalTestingEditor, From C:/Program Files/Epic Games/4.14/Engine/Plugins/Tests/FunctionalTestingEditor/FunctionalTestingEditor.uplugin
LogPluginManager: Loaded Plugin RuntimeTests, From C:/Program Files/Epic Games/4.14/Engine/Plugins/Tests/RuntimeTests/RuntimeTests.uplugin
LogPluginManager: Loaded Plugin ScreenshotTools, From C:/Program Files/Epic Games/4.14/Engine/Plugins/Tests/ScreenshotTools/ScreenshotTools.uplugin
LogInit: Using libcurl 7.47.1
LogInit:  - built for x86_64-pc-win32
LogInit:  - supports SSL with OpenSSL/1.0.2g
LogInit:  - supports HTTP deflate (compression) using libz 1.2.8
LogInit:  - other features:
LogInit:      CURL_VERSION_SSL
LogInit:      CURL_VERSION_LIBZ
LogInit:      CURL_VERSION_IPV6
LogInit:      CURL_VERSION_ASYNCHDNS
LogInit:      CURL_VERSION_LARGEFILE
LogInit:      CURL_VERSION_IDN
LogInit:  CurlRequestOptions (configurable via config and command line):
LogInit:  - bVerifyPeer = false  - Libcurl will NOT verify peer certificate
LogInit:  - bUseHttpProxy = false  - Libcurl will NOT use HTTP proxy
LogInit:  - bDontReuseConnections = false  - Libcurl will reuse connections
LogInit:  - CertBundlePath = nullptr  - Libcurl will use whatever was configured at build time.
LogInit: Build: ++UE4+Release-4.14-CL-3249277
LogInit: Engine Version: 4.14.3-3249277+++UE4+Release-4.14
LogInit: Compatible Engine Version: 4.14.0-3195953+++UE4+Release-4.14
LogInit: Net CL: 3195953
LogDevObjectVersion: Number of dev versions registered: 13
LogDevObjectVersion:   Dev-Blueprints (B0D832E4-1F89-4F0D-ACCF-7EB736FD4AA2): 7
LogDevObjectVersion:   Dev-Build (E1C64328-A22C-4D53-A36C-8E866417BD8C): 0
LogDevObjectVersion:   Dev-Core (375EC13C-06E4-48FB-B500-84F0262A717E): 1
LogDevObjectVersion:   Dev-Editor (E4B068ED-F494-42E9-A231-DA0B2E46BB41): 8
LogDevObjectVersion:   Dev-Framework (CFFC743F-43B0-4480-9391-14DF171D2073): 17
LogDevObjectVersion:   Dev-Mobile (B02B49B5-BB20-44E9-A304-32B752E40360): 0
LogDevObjectVersion:   Dev-Networking (A4E4105C-59A1-49B5-A7C5-40C4547EDFEE): 0
LogDevObjectVersion:   Dev-Online (39C831C9-5AE6-47DC-9A44-9C173E1C8E7C): 0
LogDevObjectVersion:   Dev-Physics (78F01B33-EBEA-4F98-B9B4-84EACCB95AA2): 0
LogDevObjectVersion:   Dev-Platform (6631380F-2D4D-43E0-8009-CF276956A95A): 0
LogDevObjectVersion:   Dev-Rendering (12F88B9F-8875-4AFC-A67C-D90C383ABD29): 12
LogDevObjectVersion:   Dev-Sequencer (7B5AE74C-D270-4C10-A958-57980B212A5A): 1
LogDevObjectVersion:   Dev-VR (D7296918-1DD6-4BDD-9DE2-64A83CC13884): 0
LogInit: Compiled (64-bit): Jan  6 2017 10:49:43
LogInit: Compiled with Visual C++: 19.00.23026.00
LogInit: Build Configuration: Development
LogInit: Branch Name: ++UE4+Release-4.14
LogInit: Command line:  
LogInit: Base directory: C:/Program Files/Epic Games/4.14/Engine/Binaries/Win64/
LogInit: Installed Engine Build: 1
LogInit: Presizing for max 8388607 objects, including 0 objects not considered by GC, pre-allocating 0 bytes for permanent pool.
LogInit: Object subsystem initialized
[2017.04.03-01.37.20:707][  0]LogInit: Selected Device Profile: [Windows]
[2017.04.03-01.37.20:707][  0]LogInit: Applying CVar settings loaded from the selected device profile: [Windows]
[2017.04.03-01.37.20:777][  0]LogInit: Computer: TOPHER_LAPTOP
[2017.04.03-01.37.20:777][  0]LogInit: User: christopher
[2017.04.03-01.37.20:777][  0]LogInit: CPU Page size=65536, Cores=4
[2017.04.03-01.37.20:777][  0]LogInit: High frequency timer resolution =2.533208 MHz
[2017.04.03-01.37.20:777][  0]LogMemory: Memory total: Physical=11.9GB (12GB approx)
[2017.04.03-01.37.20:786][  0]LogMemory: Platform Memory Stats for Windows
[2017.04.03-01.37.20:786][  0]LogMemory: Process Physical Memory: 263.83 MB used, 263.83 MB peak
[2017.04.03-01.37.20:786][  0]LogMemory: Process Virtual Memory: 262.80 MB used, 262.80 MB peak
[2017.04.03-01.37.20:786][  0]LogMemory: Physical Memory: 5917.46 MB used,  6288.34 MB free, 12205.81 MB total
[2017.04.03-01.37.20:786][  0]LogMemory: Virtual Memory: 676.64 MB used,  6288.34 MB free, 134217728.00 MB total
[2017.04.03-01.37.21:577][  0]LogTextLocalizationManager: No specific translations for ('en-US') exist, so ('en') translations will be used.
[2017.04.03-01.37.28:213][  0]LogD3D11RHI: D3D11 adapters:
[2017.04.03-01.37.28:834][  0]LogD3D11RHI:    0. 'NVIDIA GeForce GTX 960M' (Feature Level 11_0)
[2017.04.03-01.37.28:834][  0]LogD3D11RHI:       2019/0/6102 MB DedicatedVideo/DedicatedSystem/SharedSystem, Outputs:1, VendorId:0x10de
[2017.04.03-01.37.28:846][  0]LogD3D11RHI:    1. 'Intel(R) HD Graphics 4600' (Feature Level 11_0)
[2017.04.03-01.37.28:846][  0]LogD3D11RHI:       112/0/2048 MB DedicatedVideo/DedicatedSystem/SharedSystem, Outputs:0, VendorId:0x8086
[2017.04.03-01.37.28:855][  0]LogD3D11RHI:    2. 'Microsoft Basic Render Driver' (Feature Level 11_0)
[2017.04.03-01.37.28:855][  0]LogD3D11RHI:       0/0/6102 MB DedicatedVideo/DedicatedSystem/SharedSystem, Outputs:0, VendorId:0x1414
[2017.04.03-01.37.28:855][  0]LogD3D11RHI: Chosen D3D11 Adapter: 0
[2017.04.03-01.37.28:860][  0]LogD3D11RHI: Creating new Direct3DDevice
[2017.04.03-01.37.28:860][  0]LogD3D11RHI:     GPU DeviceId: 0x139b (for the marketing name, search the web for "GPU Device Id")
[2017.04.03-01.37.28:860][  0]LogWindows: EnumDisplayDevices:
[2017.04.03-01.37.28:860][  0]LogWindows:    0. 'Intel(R) HD Graphics 4600' (P:1 D:1)
[2017.04.03-01.37.28:860][  0]LogWindows:    1. 'Intel(R) HD Graphics 4600' (P:0 D:0)
[2017.04.03-01.37.28:860][  0]LogWindows:    2. 'Intel(R) HD Graphics 4600' (P:0 D:0)
[2017.04.03-01.37.28:860][  0]LogWindows: DebugString: PrimaryIsNotTheChoosenAdapter PrimaryIsNotTheChoosenAdapter PrimaryIsNotTheChoosenAdapter FoundDriverCount:0 
[2017.04.03-01.37.28:860][  0]LogD3D11RHI:     Adapter Name: NVIDIA GeForce GTX 960M
[2017.04.03-01.37.28:860][  0]LogD3D11RHI:   Driver Version: Unknown (internal:Unknown, unified:Unknown)
[2017.04.03-01.37.28:860][  0]LogD3D11RHI:      Driver Date: Unknown
[2017.04.03-01.37.28:860][  0]LogRHI: Texture pool is 1361 MB (70% of 1945 MB)
[2017.04.03-01.37.29:446][  0]LogD3D11RHI: Async texture creation enabled
[2017.04.03-01.37.29:579][  0]LogD3D11RHI: GPU Timing Frequency: 1000.000000 (Debug: 2 1)
[2017.04.03-01.37.29:606][  0]LogShaderCompilers: Guid format shader working directory is -27 characters bigger than the processId version (../../../../../../Users/christopher/Documents/Unreal Projects/GameEngine1Final/Intermediate/Shaders/WorkingDirectory/10600/).
[2017.04.03-01.37.29:606][  0]LogShaderCompilers: Cleaned the shader compiler working directory 'C:/Users/christopher/AppData/Local/Temp/UnrealShaderWorkingDir/85C2FAEC4C56D85A3322B4AC70AECF5A/'.
[2017.04.03-01.37.29:606][  0]LogShaderCompilers:Display: Using Local Shader Compiler.
[2017.04.03-01.37.35:498][  0]LogTemp:Display: Loaded TP AllDesktopTargetPlatform
[2017.04.03-01.37.35:551][  0]LogTemp:Display: Loaded TP MacClientTargetPlatform
[2017.04.03-01.37.35:603][  0]LogTemp:Display: Loaded TP MacNoEditorTargetPlatform
[2017.04.03-01.37.35:656][  0]LogTemp:Display: Loaded TP MacServerTargetPlatform
[2017.04.03-01.37.35:736][  0]LogTemp:Display: Loaded TP MacTargetPlatform
[2017.04.03-01.37.35:789][  0]LogTemp:Display: Loaded TP WindowsClientTargetPlatform
[2017.04.03-01.37.35:843][  0]LogTemp:Display: Loaded TP WindowsNoEditorTargetPlatform
[2017.04.03-01.37.35:896][  0]LogTemp:Display: Loaded TP WindowsServerTargetPlatform
[2017.04.03-01.37.35:940][  0]LogTemp:Display: Loaded TP WindowsTargetPlatform
[2017.04.03-01.37.36:005][  0]LogTemp:Display: Loaded TP AndroidTargetPlatform
[2017.04.03-01.37.36:069][  0]LogTemp:Display: Loaded TP Android_ASTCTargetPlatform
[2017.04.03-01.37.36:135][  0]LogTemp:Display: Loaded TP Android_ATCTargetPlatform
[2017.04.03-01.37.36:186][  0]LogTemp:Display: Loaded TP Android_DXTTargetPlatform
[2017.04.03-01.37.36:238][  0]LogTemp:Display: Loaded TP Android_ETC1TargetPlatform
[2017.04.03-01.37.36:299][  0]LogTemp:Display: Loaded TP Android_ETC2TargetPlatform
[2017.04.03-01.37.36:403][  0]LogTemp:Display: Loaded TP Android_MultiTargetPlatform
[2017.04.03-01.37.36:403][  0]LogTemp:Display: Loaded TP Android_PVRTCTargetPlatform
[2017.04.03-01.37.36:440][  0]LogTemp:Display: Loaded TP HTML5TargetPlatform
[2017.04.03-01.37.36:577][  0]LogTemp:Display: Loaded TP IOSTargetPlatform
[2017.04.03-01.37.36:610][  0]LogTemp:Display: Loaded TP TVOSTargetPlatform
[2017.04.03-01.37.36:662][  0]LogTemp:Display: Loaded TP LinuxClientTargetPlatform
[2017.04.03-01.37.36:713][  0]LogTemp:Display: Loaded TP LinuxNoEditorTargetPlatform
[2017.04.03-01.37.36:764][  0]LogTemp:Display: Loaded TP LinuxServerTargetPlatform
[2017.04.03-01.37.36:819][  0]LogTemp:Display: Loaded TP LinuxTargetPlatform
[2017.04.03-01.37.36:827][  0]LogTargetPlatformManager:Display: Building Assets For Windows
[2017.04.03-01.37.37:847][  0]LogDerivedDataCache:Display: Max Cache Size: 512 MB
[2017.04.03-01.37.38:260][  0]LogDerivedDataCache: Loaded boot cache 0.41s 50MB C:/Users/christopher/AppData/Local/UnrealEngine/4.14/DerivedDataCache/Boot.ddc.
[2017.04.03-01.37.38:260][  0]LogDerivedDataCache:Display: Loaded Boot cache: C:/Users/christopher/AppData/Local/UnrealEngine/4.14/DerivedDataCache/Boot.ddc
[2017.04.03-01.37.38:260][  0]LogDerivedDataCache: FDerivedDataBackendGraph:  Pak pak cache file ../../../../../../Users/christopher/Documents/Unreal Projects/GameEngine1Final/DerivedDataCache/DDC.ddp not found, will not use a pak cache.
[2017.04.03-01.37.38:260][  0]LogDerivedDataCache: Unable to find inner node Pak for hierarchical cache Hierarchy.
[2017.04.03-01.37.38:260][  0]LogDerivedDataCache: FDerivedDataBackendGraph:  CompressedPak pak cache file ../../../../../../Users/christopher/Documents/Unreal Projects/GameEngine1Final/DerivedDataCache/Compressed.ddp not found, will not use a pak cache.
[2017.04.03-01.37.38:260][  0]LogDerivedDataCache: Unable to find inner node CompressedPak for hierarchical cache Hierarchy.
[2017.04.03-01.37.38:314][  0]LogDerivedDataCache:Display: Pak cache opened for reading ../../../Engine/DerivedDataCache/Compressed.ddp.
[2017.04.03-01.37.38:345][  0]LogDerivedDataCache: Using Local data cache path C:/Users/christopher/AppData/Local/UnrealEngine/Common/DerivedDataCache: Writable
[2017.04.03-01.37.47:191][  0]LogInit: Selected Device Profile: [Windows]
[2017.04.03-01.37.47:315][  0]LogContentStreaming: Texture pool size is 0.00 MB
[2017.04.03-01.37.47:981][  0]LogMeshUtilities: Using QuadricMeshReduction for automatic static mesh reduction
[2017.04.03-01.37.48:124][  0]LogSimplygon: Simplygon DLL not present - disabling.
[2017.04.03-01.37.48:188][  0]LogMeshUtilities: Using SimplygonSwarm for distributed automatic mesh merging
[2017.04.03-01.37.48:188][  0]LogMeshUtilities: No automatic skeletal mesh reduction module available
[2017.04.03-01.37.48:188][  0]LogMeshUtilities: No automatic mesh merging module available
[2017.04.03-01.37.53:689][  0]LogNetVersion: GetLocalNetworkVersion: CL: 3195953, ProjectName: gameengine1final, ProjectVersion: , EngineNetworkVersion: 2, GameNetworkVersion: 0, NetworkChecksum: 979625224
[2017.04.03-01.37.53:865][  0]LogAssetRegistry: FAssetRegistry took 0.0250 seconds to start up
[2017.04.03-01.37.54:069][  0]LogPackageLocalizationCache: Processed 3 localized package path(s) for 2 prioritized culture(s) in 0.161144 seconds
[2017.04.03-01.37.54:075][  0]LogUObjectArray: 31946 objects as part of root set at end of initial load.
[2017.04.03-01.37.54:075][  0]LogUObjectAllocator: 6935840 out of 0 bytes used by permanent object pool.
[2017.04.03-01.37.54:075][  0]LogUObjectArray: CloseDisregardForGC: 0/0 objects in disregard for GC pool
[2017.04.03-01.37.54:209][  0]LogInit: WinSock: version 1.1 (2.2), MaxSocks=32767, MaxUdp=65467
[2017.04.03-01.37.56:980][  0]LogSlate: Using Freetype 2.6.0
[2017.04.03-01.37.57:018][  0]LogSlate: SlateFontCache - WITH_FREETYPE: 1, WITH_HARFBUZZ: 1
[2017.04.03-01.37.57:018][  0]LogSlate: SlateFontCache - WITH_FREETYPE: 1, WITH_HARFBUZZ: 1
[2017.04.03-01.38.15:843][  0]LogTcpMessaging: Initializing TcpMessaging bridge
[2017.04.03-01.38.15:907][  0]LogUdpMessaging: Initializing bridge on interface 0.0.0.0:0 to multicast group 230.0.0.1:6666.
[2017.04.03-01.38.17:291][  0]LogMaterial: Uniform references updated for custom material expression Custom.
[2017.04.03-01.38.18:332][  0]SourceControl: Info Source control is disabled
[2017.04.03-01.38.18:748][  0]SourceControl: Info Source control is disabled
[2017.04.03-01.38.18:887][  0]SourceControl: Info Source control is disabled
[2017.04.03-01.38.18:984][  0]SourceControl: Info Source control is disabled
[2017.04.03-01.38.22:366][  0]LogEngine: Initializing Engine...
[2017.04.03-01.38.22:388][  0]LogHMD: Failed to initialize OpenVR with code 110
[2017.04.03-01.38.23:514][  0]LogAIModule: Creating AISystem for world Untitled
[2017.04.03-01.38.23:549][  0]LogInit: XAudio2 using 'Speakers (Realtek High Definition Audio)' : 2 channels at 48 kHz using 32 bits per sample (channel mask 0x3)
[2017.04.03-01.38.23:581][  0]LogInit: FAudioDevice initialized.
[2017.04.03-01.38.23:614][  0]LogDerivedDataCache: Saved boot cache 0.03s 50MB C:/Users/christopher/AppData/Local/UnrealEngine/4.14/DerivedDataCache/Boot.ddc.
[2017.04.03-01.38.23:624][  0]LogInit: Texture streaming: Enabled
[2017.04.03-01.38.24:256][  0]LogInit: Transaction tracking system initialized
[2017.04.03-01.38.24:924][  0]BlueprintLog: New page: Editor Load
[2017.04.03-01.38.27:123][  0]LocalizationService: Info Localization service is disabled
[2017.04.03-01.38.28:445][  0]LogConsoleResponse:Display: 
[2017.04.03-01.38.30:903][  0]LogFileCache: Scanning file cache for directory 'C:/Users/christopher/Documents/Unreal Projects/GameEngine1Final/Content/' took 0.02s
[2017.04.03-01.38.30:903][  0]LogCook:Display: Max memory allowance for cook 16384mb min free memory 0mb
[2017.04.03-01.38.30:910][  0]LogCook:Display: Mobile HDR setting 1
[2017.04.03-01.38.33:780][  0]SourceControl: Info Source control is disabled
[2017.04.03-01.38.33:835][  0]Cmd: MAP LOAD FILE="../../../../../../Users/christopher/Documents/Unreal Projects/GameEngine1Final/Content/FirstPersonBP/Maps/FirstPersonExampleMap.umap" TEMPLATE=0 SHOWPROGRESS=1 FEATURELEVEL=3
[2017.04.03-01.38.33:906][  0]LightingResults: New page: Lighting Build
[2017.04.03-01.38.34:030][  0]MapCheck: New page: Map Check
[2017.04.03-01.38.34:030][  0]LightingResults: New page: Lighting Build
[2017.04.03-01.38.35:062][  0]LogLinker:Warning: Can't find file '/Game/CustomContent/Water2_Mat'
[2017.04.03-01.38.35:062][  0]LogLinker:Warning: Can't find file for asset '/Game/CustomContent/Water2_Mat' while loading ../../../../../../Users/christopher/Documents/Unreal Projects/GameEngine1Final/Content/FirstPersonBP/Blueprints/FirstPersonProjectile.uasset.
[2017.04.03-01.38.35:071][  0]LoadErrors:Error: Error /Game/FirstPersonBP/Blueprints/FirstPersonProjectile : Can't find file for asset. /Game/CustomContent/Water2_Mat
[2017.04.03-01.38.35:071][  0]LogLinker:Warning: Can't find file '/Game/CustomContent/Water2_Mat'
[2017.04.03-01.38.35:071][  0]LogLinker:Warning: Can't find file for asset '/Game/CustomContent/Water2_Mat' while loading ../../../../../../Users/christopher/Documents/Unreal Projects/GameEngine1Final/Content/FirstPersonBP/Blueprints/FirstPersonProjectile.uasset.
[2017.04.03-01.38.35:071][  0]LoadErrors:Error: Error /Game/FirstPersonBP/Blueprints/FirstPersonProjectile : Can't find file for asset. /Game/CustomContent/Water2_Mat
[2017.04.03-01.38.35:109][  0]LogLinker:Warning: Can't find file '/Game/CustomContent/Water2_Mat'
[2017.04.03-01.38.35:109][  0]LogLinker:Warning: Can't find file for asset '/Game/CustomContent/Water2_Mat' while loading ../../../../../../Users/christopher/Documents/Unreal Projects/GameEngine1Final/Content/FirstPersonBP/Blueprints/FirstPersonCharacter.uasset.
[2017.04.03-01.38.35:109][  0]LoadErrors:Error: Error /Game/FirstPersonBP/Blueprints/FirstPersonCharacter : Can't find file for asset. /Game/CustomContent/Water2_Mat
[2017.04.03-01.38.35:109][  0]LogLinker:Warning: Can't find file '/Game/CustomContent/Water2_Mat'
[2017.04.03-01.38.35:109][  0]LogLinker:Warning: Can't find file for asset '/Game/CustomContent/Water2_Mat' while loading ../../../../../../Users/christopher/Documents/Unreal Projects/GameEngine1Final/Content/FirstPersonBP/Blueprints/FirstPersonCharacter.uasset.
[2017.04.03-01.38.35:109][  0]LoadErrors:Error: Error /Game/FirstPersonBP/Blueprints/FirstPersonCharacter : Can't find file for asset. /Game/CustomContent/Water2_Mat
[2017.04.03-01.38.35:111][  0]LogLinker:Warning: Can't find file '/Game/CustomContent/Water2_Mat'
[2017.04.03-01.38.35:111][  0]LoadErrors: Info Failed to load /Game/CustomContent/Water2_Mat.Water2_Mat Referenced by StaticMeshComponent_252__1AD2D010
[2017.04.03-01.38.35:111][  0]LogLinker:Warning: Can't find file for asset '/Game/CustomContent/Water2_Mat' while loading ../../../../../../Users/christopher/Documents/Unreal Projects/GameEngine1Final/Content/FirstPersonBP/Blueprints/FirstPersonCharacter.uasset.
[2017.04.03-01.38.35:111][  0]LoadErrors: Info Failed to load /Game/CustomContent/Water2_Mat.Water2_Mat Referenced by StaticMeshComponent_252__1AD2D010
[2017.04.03-01.38.35:111][  0]LoadErrors:Error: Error /Game/FirstPersonBP/Blueprints/FirstPersonCharacter : Can't find file for asset. /Game/CustomContent/Water2_Mat
[2017.04.03-01.38.39:407][  0]LogAIModule: Creating AISystem for world FirstPersonExampleMap
[2017.04.03-01.38.39:840][  0]LogEditorServer: Finished looking for orphan Actors (0.005 secs)
[2017.04.03-01.38.39:920][  0]Cmd: MAP CHECKDEP NOCLEARLOG
[2017.04.03-01.38.39:990][  0]MapCheck: Info Map check complete: 0 Error(s), 0 Warning(s), took 67.745ms to complete.
[2017.04.03-01.38.39:990][  0]LogFileHelpers: Loading map 'FirstPersonExampleMap' took 6.177
[2017.04.03-01.38.40:952][  0]LogWindowsTextInputMethodSystem:Display: IME system now deactivated.
[2017.04.03-01.38.41:693][  0]LogCollectionManager: Loaded 0 collections in 0.001948 seconds
[2017.04.03-01.38.41:887][  0]LogFileCache: Scanning file cache for directory 'C:/Users/christopher/Documents/Unreal Projects/GameEngine1Final/Saved/Collections/' took 0.01s
[2017.04.03-01.38.41:887][  0]LogFileCache: Scanning file cache for directory 'C:/Users/christopher/Documents/Unreal Projects/GameEngine1Final/Content/Developers/christopher/Collections/' took 0.01s
[2017.04.03-01.38.41:887][  0]LogFileCache: Scanning file cache for directory 'C:/Users/christopher/Documents/Unreal Projects/GameEngine1Final/Content/Collections/' took 0.01s
[2017.04.03-01.38.41:887][  0]LogCollectionManager: Rebuilt the GUID cache for 0 collections in 0.000002 seconds
[2017.04.03-01.38.41:908][  0]LogContentBrowser: Native class hierarchy populated in 0.0094 seconds. Added 2190 classes and 428 folders.
[2017.04.03-01.38.42:045][  0]LogStats: UGameplayTagsManager::ConstructGameplayTagTree: Construct from data asset -  0.000 s
[2017.04.03-01.38.42:045][  0]LogStats: UGameplayTagsManager::ConstructGameplayTagTree: GameplayTagTreeChangedEvent.Broadcast -  0.000 s
[2017.04.03-01.38.42:047][  0]LogContentBrowser: Native class hierarchy updated for 'GameplayTags' in 0.0006 seconds. Added 13 classes and 0 folders.
[2017.04.03-01.38.42:132][  0]LogContentBrowser: Native class hierarchy updated for 'WidgetCarousel' in 0.0005 seconds. Added 0 classes and 0 folders.
[2017.04.03-01.38.43:210][  0]LogContentBrowser: Native class hierarchy updated for 'AddContentDialog' in 0.0005 seconds. Added 0 classes and 0 folders.
[2017.04.03-01.38.43:320][  0]LogContentBrowser: Native class hierarchy updated for 'SceneOutliner' in 0.0005 seconds. Added 1 classes and 2 folders.
[2017.04.03-01.38.44:457][  0]LogCrashTracker: Crashtracker disabled due to settings.
[2017.04.03-01.38.44:627][  0]LogUObjectGlobals:Warning: Failed to find object 'Class None.'
[2017.04.03-01.38.44:761][  0]LogContentBrowser: Native class hierarchy updated for 'HierarchicalLODOutliner' in 0.0005 seconds. Added 1 classes and 2 folders.
[2017.04.03-01.38.44:761][  0]LogLoad: (Engine Initialization) Total time: 91.69 seconds
[2017.04.03-01.38.44:761][  0]LogLoad: (Engine Initialization) Total Blueprint compile time: 0.80 seconds
[2017.04.03-01.38.44:768][  0]LogExternalProfiler: Found external profiler: VSPerf
[2017.04.03-01.38.44:768][  0]LogExternalProfiler: Using external profiler: VSPerf
[2017.04.03-01.38.44:799][  0]LogOcInput: OculusInput pre-init called
[2017.04.03-01.38.45:012][  0]LogContentStreaming: Texture pool size now 1000 MB
[2017.04.03-01.38.45:813][  0]LogRenderer: Reallocating scene render targets to support 1284x596 NumSamples 1 (Frame:2).
[2017.04.03-01.38.46:391][  4]LogAssetRegistry: Asset discovery search completed in 52.5486 seconds
[2017.04.03-01.38.46:404][  4]LogCollectionManager: Rebuilt the object cache for 0 collections in 0.000000 seconds (found 0 objects)
[2017.04.03-01.38.46:404][  4]LogCollectionManager: Fixed up redirectors for 0 collections in 0.000693 seconds (updated 0 objects)
[2017.04.03-01.39.25:120][863]LogTemp: Repeting last play command: Selected Viewport
[2017.04.03-01.39.25:150][863]LogBlueprintUserMessages: Early PlayInEditor Detection: Level '/Game/FirstPersonBP/Maps/FirstPersonExampleMap.FirstPersonExampleMap:PersistentLevel' has LevelScriptBlueprint '/Game/FirstPersonBP/Maps/FirstPersonExampleMap.FirstPersonExampleMap:PersistentLevel.FirstPersonExampleMap' with GeneratedClass '/Game/FirstPersonBP/Maps/FirstPersonExampleMap.FirstPersonExampleMap_C' with ClassGeneratedBy '/Game/FirstPersonBP/Maps/FirstPersonExampleMap.FirstPersonExampleMap:PersistentLevel.FirstPersonExampleMap'
[2017.04.03-01.39.25:165][863]LogPlayLevel: PlayLevel: No blueprints needed recompiling
[2017.04.03-01.39.25:239][863]PIE: New page: PIE session: FirstPersonExampleMap (Apr 2, 2017, 5:39:25 PM)
[2017.04.03-01.39.25:239][863]LogPlayLevel: Creating play world package: /Game/FirstPersonBP/Maps/UEDPIE_0_FirstPersonExampleMap
[2017.04.03-01.39.25:310][863]LogPlayLevel: PIE: StaticDuplicateObject took: (0.071587s)
[2017.04.03-01.39.25:311][863]LogAIModule: Creating AISystem for world FirstPersonExampleMap
[2017.04.03-01.39.25:327][863]LogPlayLevel: PIE: World Init took: (0.016983s)
[2017.04.03-01.39.25:333][863]LogPlayLevel: PIE: Created PIE world by copying editor world from /Game/FirstPersonBP/Maps/FirstPersonExampleMap.FirstPersonExampleMap to /Game/FirstPersonBP/Maps/UEDPIE_0_FirstPersonExampleMap.FirstPersonExampleMap (0.093738s)
[2017.04.03-01.39.25:344][863]LogInit: XAudio2 using 'Speakers (Realtek High Definition Audio)' : 2 channels at 48 kHz using 32 bits per sample (channel mask 0x3)
[2017.04.03-01.39.25:369][863]LogInit: FAudioDevice initialized.
[2017.04.03-01.39.25:531][863]LogLoad: Game class is 'FirstPersonGameMode_C'
[2017.04.03-01.39.25:577][863]LogWorld: Bringing World /Game/FirstPersonBP/Maps/UEDPIE_0_FirstPersonExampleMap.FirstPersonExampleMap up for play (max tick rate 60) at 2017.04.02-21.39.25
[2017.04.03-01.39.25:595][863]LogWorld: Bringing up level for play took: 0.020524
[2017.04.03-01.39.25:691][863]LogContentBrowser: Native class hierarchy updated for 'MovieSceneCapture' in 0.0006 seconds. Added 11 classes and 0 folders.
[2017.04.03-01.39.25:734][863]PIE: Info Play in editor start time for /Game/FirstPersonBP/Maps/UEDPIE_0_FirstPersonExampleMap 0.964
[2017.04.03-01.39.25:735][863]LogBlueprintUserMessages: Late PlayInEditor Detection: Level '/Game/FirstPersonBP/Maps/FirstPersonExampleMap.FirstPersonExampleMap:PersistentLevel' has LevelScriptBlueprint '/Game/FirstPersonBP/Maps/FirstPersonExampleMap.FirstPersonExampleMap:PersistentLevel.FirstPersonExampleMap' with GeneratedClass '/Game/FirstPersonBP/Maps/FirstPersonExampleMap.FirstPersonExampleMap_C' with ClassGeneratedBy '/Game/FirstPersonBP/Maps/FirstPersonExampleMap.FirstPersonExampleMap:PersistentLevel.FirstPersonExampleMap'
[2017.04.03-01.39.32:807][268]LogBlueprintUserMessages: Early EndPlayMap Detection: Level '/Game/FirstPersonBP/Maps/FirstPersonExampleMap.FirstPersonExampleMap:PersistentLevel' has LevelScriptBlueprint '/Game/FirstPersonBP/Maps/FirstPersonExampleMap.FirstPersonExampleMap:PersistentLevel.FirstPersonExampleMap' with GeneratedClass '/Game/FirstPersonBP/Maps/FirstPersonExampleMap.FirstPersonExampleMap_C' with ClassGeneratedBy '/Game/FirstPersonBP/Maps/FirstPersonExampleMap.FirstPersonExampleMap:PersistentLevel.FirstPersonExampleMap'
[2017.04.03-01.39.32:974][268]LogBlueprintUserMessages: Late EndPlayMap Detection: Level '/Game/FirstPersonBP/Maps/FirstPersonExampleMap.FirstPersonExampleMap:PersistentLevel' has LevelScriptBlueprint '/Game/FirstPersonBP/Maps/FirstPersonExampleMap.FirstPersonExampleMap:PersistentLevel.FirstPersonExampleMap' with GeneratedClass '/Game/FirstPersonBP/Maps/FirstPersonExampleMap.FirstPersonExampleMap_C' with ClassGeneratedBy '/Game/FirstPersonBP/Maps/FirstPersonExampleMap.FirstPersonExampleMap:PersistentLevel.FirstPersonExampleMap'
[2017.04.03-01.39.53:733][424]LogContentBrowser: Native class hierarchy updated for 'BlueprintGraph' in 0.0010 seconds. Added 111 classes and 0 folders.
[2017.04.03-01.39.58:746][557]LogRenderer: Reallocating scene render targets to support 1284x668 NumSamples 1 (Frame:4686).
[2017.04.03-01.40.46:103][196]BlueprintLog: New page: Compile FirstPersonCharacter
[2017.04.03-01.40.46:983][219]LogTemp: Repeting last play command: Selected Viewport
[2017.04.03-01.40.47:005][219]LogBlueprintUserMessages: Early PlayInEditor Detection: Level '/Game/FirstPersonBP/Maps/FirstPersonExampleMap.FirstPersonExampleMap:PersistentLevel' has LevelScriptBlueprint '/Game/FirstPersonBP/Maps/FirstPersonExampleMap.FirstPersonExampleMap:PersistentLevel.FirstPersonExampleMap' with GeneratedClass '/Game/FirstPersonBP/Maps/FirstPersonExampleMap.FirstPersonExampleMap_C' with ClassGeneratedBy '/Game/FirstPersonBP/Maps/FirstPersonExampleMap.FirstPersonExampleMap:PersistentLevel.FirstPersonExampleMap'
[2017.04.03-01.40.47:005][219]LogPlayLevel: PlayLevel: No blueprints needed recompiling
[2017.04.03-01.40.47:005][219]PIE: New page: PIE session: FirstPersonExampleMap (Apr 2, 2017, 5:40:47 PM)
[2017.04.03-01.40.47:005][219]LogPlayLevel: Creating play world package: /Game/FirstPersonBP/Maps/UEDPIE_0_FirstPersonExampleMap
[2017.04.03-01.40.47:091][219]LogPlayLevel: PIE: StaticDuplicateObject took: (0.085566s)
[2017.04.03-01.40.47:092][219]LogAIModule: Creating AISystem for world FirstPersonExampleMap
[2017.04.03-01.40.47:092][219]LogPlayLevel: PIE: World Init took: (0.001029s)
[2017.04.03-01.40.47:092][219]LogPlayLevel: PIE: Created PIE world by copying editor world from /Game/FirstPersonBP/Maps/FirstPersonExampleMap.FirstPersonExampleMap to /Game/FirstPersonBP/Maps/UEDPIE_0_FirstPersonExampleMap.FirstPersonExampleMap (0.086888s)
[2017.04.03-01.40.47:130][219]LogInit: XAudio2 using 'Speakers (Realtek High Definition Audio)' : 2 channels at 48 kHz using 32 bits per sample (channel mask 0x3)
[2017.04.03-01.40.47:154][219]LogInit: FAudioDevice initialized.
[2017.04.03-01.40.47:197][219]LogLoad: Game class is 'FirstPersonGameMode_C'
[2017.04.03-01.40.47:199][219]LogWorld: Bringing World /Game/FirstPersonBP/Maps/UEDPIE_0_FirstPersonExampleMap.FirstPersonExampleMap up for play (max tick rate 60) at 2017.04.02-21.40.47
[2017.04.03-01.40.47:200][219]LogWorld: Bringing up level for play took: 0.001975
[2017.04.03-01.40.47:201][219]PIE: Info Play in editor start time for /Game/FirstPersonBP/Maps/UEDPIE_0_FirstPersonExampleMap 0.431
[2017.04.03-01.40.47:201][219]LogBlueprintUserMessages: Late PlayInEditor Detection: Level '/Game/FirstPersonBP/Maps/FirstPersonExampleMap.FirstPersonExampleMap:PersistentLevel' has LevelScriptBlueprint '/Game/FirstPersonBP/Maps/FirstPersonExampleMap.FirstPersonExampleMap:PersistentLevel.FirstPersonExampleMap' with GeneratedClass '/Game/FirstPersonBP/Maps/FirstPersonExampleMap.FirstPersonExampleMap_C' with ClassGeneratedBy '/Game/FirstPersonBP/Maps/FirstPersonExampleMap.FirstPersonExampleMap:PersistentLevel.FirstPersonExampleMap'
[2017.04.03-01.40.53:234][558]LogBlueprintUserMessages: Early EndPlayMap Detection: Level '/Game/FirstPersonBP/Maps/FirstPersonExampleMap.FirstPersonExampleMap:PersistentLevel' has LevelScriptBlueprint '/Game/FirstPersonBP/Maps/FirstPersonExampleMap.FirstPersonExampleMap:PersistentLevel.FirstPersonExampleMap' with GeneratedClass '/Game/FirstPersonBP/Maps/FirstPersonExampleMap.FirstPersonExampleMap_C' with ClassGeneratedBy '/Game/FirstPersonBP/Maps/FirstPersonExampleMap.FirstPersonExampleMap:PersistentLevel.FirstPersonExampleMap'
[2017.04.03-01.40.53:282][558]LogBlueprintUserMessages: Late EndPlayMap Detection: Level '/Game/FirstPersonBP/Maps/FirstPersonExampleMap.FirstPersonExampleMap:PersistentLevel' has LevelScriptBlueprint '/Game/FirstPersonBP/Maps/FirstPersonExampleMap.FirstPersonExampleMap:PersistentLevel.FirstPersonExampleMap' with GeneratedClass '/Game/FirstPersonBP/Maps/FirstPersonExampleMap.FirstPersonExampleMap_C' with ClassGeneratedBy '/Game/FirstPersonBP/Maps/FirstPersonExampleMap.FirstPersonExampleMap:PersistentLevel.FirstPersonExampleMap'
[2017.04.03-01.40.58:960][881]LogTemp: Repeting last play command: Selected Viewport
[2017.04.03-01.40.58:978][881]LogBlueprintUserMessages: Early PlayInEditor Detection: Level '/Game/FirstPersonBP/Maps/FirstPersonExampleMap.FirstPersonExampleMap:PersistentLevel' has LevelScriptBlueprint '/Game/FirstPersonBP/Maps/FirstPersonExampleMap.FirstPersonExampleMap:PersistentLevel.FirstPersonExampleMap' with GeneratedClass '/Game/FirstPersonBP/Maps/FirstPersonExampleMap.FirstPersonExampleMap_C' with ClassGeneratedBy '/Game/FirstPersonBP/Maps/FirstPersonExampleMap.FirstPersonExampleMap:PersistentLevel.FirstPersonExampleMap'
[2017.04.03-01.40.58:978][881]LogPlayLevel: PlayLevel: No blueprints needed recompiling
[2017.04.03-01.40.58:978][881]PIE: New page: PIE session: FirstPersonExampleMap (Apr 2, 2017, 5:40:58 PM)
[2017.04.03-01.40.58:978][881]LogPlayLevel: Creating play world package: /Game/FirstPersonBP/Maps/UEDPIE_0_FirstPersonExampleMap
[2017.04.03-01.40.59:090][881]LogPlayLevel: PIE: StaticDuplicateObject took: (0.111848s)
[2017.04.03-01.40.59:091][881]LogAIModule: Creating AISystem for world FirstPersonExampleMap
[2017.04.03-01.40.59:091][881]LogPlayLevel: PIE: World Init took: (0.000766s)
[2017.04.03-01.40.59:091][881]LogPlayLevel: PIE: Created PIE world by copying editor world from /Game/FirstPersonBP/Maps/FirstPersonExampleMap.FirstPersonExampleMap to /Game/FirstPersonBP/Maps/UEDPIE_0_FirstPersonExampleMap.FirstPersonExampleMap (0.112855s)
[2017.04.03-01.40.59:111][881]LogInit: XAudio2 using 'Speakers (Realtek High Definition Audio)' : 2 channels at 48 kHz using 32 bits per sample (channel mask 0x3)
[2017.04.03-01.40.59:133][881]LogInit: FAudioDevice initialized.
[2017.04.03-01.40.59:162][881]LogLoad: Game class is 'FirstPersonGameMode_C'
[2017.04.03-01.40.59:165][881]LogWorld: Bringing World /Game/FirstPersonBP/Maps/UEDPIE_0_FirstPersonExampleMap.FirstPersonExampleMap up for play (max tick rate 60) at 2017.04.02-21.40.59
[2017.04.03-01.40.59:165][881]LogWorld: Bringing up level for play took: 0.002134
[2017.04.03-01.40.59:167][881]PIE: Info Play in editor start time for /Game/FirstPersonBP/Maps/UEDPIE_0_FirstPersonExampleMap 0.397
[2017.04.03-01.40.59:167][881]LogBlueprintUserMessages: Late PlayInEditor Detection: Level '/Game/FirstPersonBP/Maps/FirstPersonExampleMap.FirstPersonExampleMap:PersistentLevel' has LevelScriptBlueprint '/Game/FirstPersonBP/Maps/FirstPersonExampleMap.FirstPersonExampleMap:PersistentLevel.FirstPersonExampleMap' with GeneratedClass '/Game/FirstPersonBP/Maps/FirstPersonExampleMap.FirstPersonExampleMap_C' with ClassGeneratedBy '/Game/FirstPersonBP/Maps/FirstPersonExampleMap.FirstPersonExampleMap:PersistentLevel.FirstPersonExampleMap'
[2017.04.03-01.41.00:544][962]LogBlueprintUserMessages: Early EndPlayMap Detection: Level '/Game/FirstPersonBP/Maps/FirstPersonExampleMap.FirstPersonExampleMap:PersistentLevel' has LevelScriptBlueprint '/Game/FirstPersonBP/Maps/FirstPersonExampleMap.FirstPersonExampleMap:PersistentLevel.FirstPersonExampleMap' with GeneratedClass '/Game/FirstPersonBP/Maps/FirstPersonExampleMap.FirstPersonExampleMap_C' with ClassGeneratedBy '/Game/FirstPersonBP/Maps/FirstPersonExampleMap.FirstPersonExampleMap:PersistentLevel.FirstPersonExampleMap'
[2017.04.03-01.41.00:581][962]LogBlueprintUserMessages: Late EndPlayMap Detection: Level '/Game/FirstPersonBP/Maps/FirstPersonExampleMap.FirstPersonExampleMap:PersistentLevel' has LevelScriptBlueprint '/Game/FirstPersonBP/Maps/FirstPersonExampleMap.FirstPersonExampleMap:PersistentLevel.FirstPersonExampleMap' with GeneratedClass '/Game/FirstPersonBP/Maps/FirstPersonExampleMap.FirstPersonExampleMap_C' with ClassGeneratedBy '/Game/FirstPersonBP/Maps/FirstPersonExampleMap.FirstPersonExampleMap:PersistentLevel.FirstPersonExampleMap'
[2017.04.03-01.41.03:514][133]Cmd: SELECT NONE
[2017.04.03-01.41.12:743][525]LogSavePackage: Save=165.43ms
[2017.04.03-01.41.12:743][525]LogSavePackage: Moving '../../../../../../Users/christopher/Documents/Unreal Projects/GameEngine1Final/Saved/FirstPersonExampleMap3EA88EF0477C384A4B8DBDBB0522BB59.tmp' to '../../../../../../Users/christopher/Documents/Unreal Projects/GameEngine1Final/Content/FirstPersonBP/Maps/FirstPersonExampleMap.umap'
[2017.04.03-01.41.12:759][525]LogSavePackage:Display: Finished SavePackage ../../../../../../Users/christopher/Documents/Unreal Projects/GameEngine1Final/Content/FirstPersonBP/Maps/FirstPersonExampleMap.umap
[2017.04.03-01.41.12:790][525]LogFileHelpers: Saving map 'FirstPersonExampleMap' took 2.316
[2017.04.03-01.41.20:085][826]LogSavePackage: Save=83.46ms
[2017.04.03-01.41.20:085][826]LogSavePackage: Moving '../../../../../../Users/christopher/Documents/Unreal Projects/GameEngine1Final/Saved/FirstPersonCharacter511310B84A27DB8ABD6F33AEB4203360.tmp' to '../../../../../../Users/christopher/Documents/Unreal Projects/GameEngine1Final/Content/FirstPersonBP/Blueprints/FirstPersonCharacter.uasset'
[2017.04.03-01.41.20:088][826]LogSavePackage:Display: Finished SavePackage ../../../../../../Users/christopher/Documents/Unreal Projects/GameEngine1Final/Content/FirstPersonBP/Blueprints/FirstPersonCharacter.uasset
[2017.04.03-01.41.20:158][826]LogWindowsTextInputMethodSystem:Display: IME system now deactivated.
[2017.04.03-01.41.20:522][827]Cmd: QUIT_EDITOR
[2017.04.03-01.41.21:136][827]LogExit: Preparing to exit.
[2017.04.03-01.41.22:257][827]LogDirectoryWatcher: A directory notification for 'C:/Users/christopher/Documents/Unreal Projects/GameEngine1Final/Content/' was aborted.
[2017.04.03-01.41.22:321][827]LogExit: Editor shut down
[2017.04.03-01.41.22:321][827]LogExit: Transaction tracking system shut down
[2017.04.03-01.41.23:516][827]LogObj: Freed 0b from 0 cluster array pools.
[2017.04.03-01.41.23:516][827]LogExit: Object subsystem successfully closed.
[2017.04.03-01.41.23:643][827]LogD3D11RHI: Shutdown
[2017.04.03-01.41.23:651][827]LogD3D11RHI: CleanupD3DDevice
[2017.04.03-01.41.23:820][827]LogD3D11RHI: ~FD3D11DynamicRHI
[2017.04.03-01.41.24:517][827]LogHttp:Display: Http module shutting down, but needs to wait on 1 outstanding Http requests:
[2017.04.03-01.41.24:517][827]LogHttp:Display: 	verb=[POST] url=[https://datarouter.ol.epicgames.com/datarouter/api/v1/public/data?SessionID=%7B6D6D608C-4C0F-BF45-EAD0-75B2D59842AD%7D&AppID=UEEditor.Rocket.Release&AppVersion=4.14.3-3249277%2B%2B%2BUE4%2BRelease-4.14&UserID=2f8ab7df45c5fc51ba784aa6a4b3bac4%7C43f1765d7be84923a29d1b89e224367b%7Ccb2a7954-ae84-44da-88df-d7a7811b60a6&AppEnvironment=datacollector-binary&UploadType=eteventstream] status=Processing
[2017.04.03-01.41.24:589][827]LogModuleManager: Shutting down and abandoning module BlueprintGraph (244)
[2017.04.03-01.41.24:589][827]LogModuleManager: Shutting down and abandoning module BlueprintProfiler (243)
[2017.04.03-01.41.24:611][827]LogModuleManager: Shutting down and abandoning module MovieSceneCapture (242)
[2017.04.03-01.41.24:611][827]LogModuleManager: Shutting down and abandoning module HierarchicalLODOutliner (241)
[2017.04.03-01.41.24:617][827]LogModuleManager: Shutting down and abandoning module CrashTracker (240)
[2017.04.03-01.41.24:617][827]LogModuleManager: Shutting down and abandoning module SceneOutliner (239)
[2017.04.03-01.41.24:625][827]LogModuleManager: Shutting down and abandoning module WidgetCarousel (238)
[2017.04.03-01.41.24:625][827]LogModuleManager: Shutting down and abandoning module AddContentDialog (237)
[2017.04.03-01.41.24:647][827]LogDirectoryWatcher: A directory notification for 'C:/Program Files/Epic Games/4.14/FeaturePacks/' was aborted.
[2017.04.03-01.41.24:648][827]LogModuleManager: Shutting down and abandoning module GameplayTags (236)
[2017.04.03-01.41.24:648][827]LogModuleManager: Shutting down and abandoning module EditorWidgets (235)
[2017.04.03-01.41.24:648][827]LogModuleManager: Shutting down and abandoning module CollectionManager (234)
[2017.04.03-01.41.24:655][827]LogDirectoryWatcher: A directory notification for 'C:/Users/christopher/Documents/Unreal Projects/GameEngine1Final/Content/Collections/' was aborted.
[2017.04.03-01.41.24:655][827]LogDirectoryWatcher: A directory notification for 'C:/Users/christopher/Documents/Unreal Projects/GameEngine1Final/Content/Developers/christopher/Collections/' was aborted.
[2017.04.03-01.41.24:655][827]LogDirectoryWatcher: A directory notification for 'C:/Users/christopher/Documents/Unreal Projects/GameEngine1Final/Saved/Collections/' was aborted.
[2017.04.03-01.41.24:655][827]LogModuleManager: Shutting down and abandoning module StatsViewer (233)
[2017.04.03-01.41.24:666][827]LogModuleManager: Shutting down and abandoning module FoliageEdit (232)
[2017.04.03-01.41.24:669][827]LogModuleManager: Shutting down and abandoning module LandscapeEditor (231)
[2017.04.03-01.41.24:693][827]LogModuleManager: Shutting down and abandoning module SceneDepthPickerMode (230)
[2017.04.03-01.41.24:693][827]LogModuleManager: Shutting down and abandoning module ActorPickerMode (229)
[2017.04.03-01.41.24:693][827]LogModuleManager: Shutting down and abandoning module GeometryMode (228)
[2017.04.03-01.41.24:693][827]LogModuleManager: Shutting down and abandoning module TextureAlignMode (227)
[2017.04.03-01.41.24:693][827]LogModuleManager: Shutting down and abandoning module BspMode (226)
[2017.04.03-01.41.24:700][827]LogModuleManager: Shutting down and abandoning module HardwareSurvey (225)
[2017.04.03-01.41.24:700][827]LogModuleManager: Shutting down and abandoning module SequenceRecorderSections (224)
[2017.04.03-01.41.24:700][827]LogModuleManager: Shutting down and abandoning module AutomationWorker (223)
[2017.04.03-01.41.24:709][827]LogModuleManager: Shutting down and abandoning module MatineeToLevelSequence (222)
[2017.04.03-01.41.24:716][827]LogModuleManager: Shutting down and abandoning module PlacementMode (221)
[2017.04.03-01.41.24:721][827]LogModuleManager: Shutting down and abandoning module LevelSequenceEditor (220)
[2017.04.03-01.41.24:745][827]LogModuleManager: Shutting down and abandoning module WmfMediaFactory (219)
[2017.04.03-01.41.24:745][827]LogModuleManager: Shutting down and abandoning module WmfMediaEditor (218)
[2017.04.03-01.41.24:745][827]LogModuleManager: Shutting down and abandoning module AvfMediaFactory (217)
[2017.04.03-01.41.24:745][827]LogModuleManager: Shutting down and abandoning module AvfMediaEditor (216)
[2017.04.03-01.41.24:745][827]LogModuleManager: Shutting down and abandoning module Media (215)
[2017.04.03-01.41.24:745][827]LogModuleManager: Shutting down and abandoning module AndroidMediaFactory (214)
[2017.04.03-01.41.24:745][827]LogModuleManager: Shutting down and abandoning module AndroidMediaEditor (213)
[2017.04.03-01.41.24:745][827]LogModuleManager: Shutting down and abandoning module CharacterAI (212)
[2017.04.03-01.41.24:745][827]LogModuleManager: Shutting down and abandoning module SequenceRecorder (211)
[2017.04.03-01.41.24:755][827]LogModuleManager: Shutting down and abandoning module AudioCapture (210)
[2017.04.03-01.41.24:755][827]LogModuleManager: Shutting down and abandoning module SmartSnapping (209)
[2017.04.03-01.41.24:755][827]LogModuleManager: Shutting down and abandoning module SessionServices (208)
[2017.04.03-01.41.24:755][827]LogModuleManager: Shutting down and abandoning module ViewportSnapping (207)
[2017.04.03-01.41.24:755][827]LogModuleManager: Shutting down and abandoning module ViewportInteraction (206)
[2017.04.03-01.41.24:755][827]LogModuleManager: Shutting down and abandoning module LogVisualizer (205)
[2017.04.03-01.41.24:769][827]LogModuleManager: Shutting down and abandoning module GameProjectGeneration (204)
[2017.04.03-01.41.24:786][827]LogModuleManager: Shutting down and abandoning module IntroTutorials (203)
[2017.04.03-01.41.24:798][827]LogModuleManager: Shutting down and abandoning module EditorLiveStreaming (202)
[2017.04.03-01.41.24:798][827]LogModuleManager: Shutting down and abandoning module IOSPlatformEditor (201)
[2017.04.03-01.41.24:811][827]LogModuleManager: Shutting down and abandoning module HTML5PlatformEditor (200)
[2017.04.03-01.41.24:811][827]LogModuleManager: Shutting down and abandoning module AndroidDeviceDetection (199)
[2017.04.03-01.41.25:787][827]LogModuleManager: Shutting down and abandoning module AndroidPlatformEditor (198)
[2017.04.03-01.41.25:792][827]LogModuleManager: Shutting down and abandoning module IOSRuntimeSettings (197)
[2017.04.03-01.41.25:792][827]LogModuleManager: Shutting down and abandoning module AndroidRuntimeSettings (196)
[2017.04.03-01.41.25:792][827]LogModuleManager: Shutting down and abandoning module InputBindingEditor (195)
[2017.04.03-01.41.25:795][827]LogModuleManager: Shutting down and abandoning module NiagaraEditor (194)
[2017.04.03-01.41.25:823][827]LogModuleManager: Shutting down and abandoning module MergeActors (193)
[2017.04.03-01.41.25:829][827]LogModuleManager: Shutting down and abandoning module SizeMap (192)
[2017.04.03-01.41.25:841][827]LogModuleManager: Shutting down and abandoning module TreeMap (191)
[2017.04.03-01.41.25:855][827]LogModuleManager: Shutting down and abandoning module ReferenceViewer (190)
[2017.04.03-01.41.25:855][827]LogModuleManager: Shutting down and abandoning module LocalizationService (189)
[2017.04.03-01.41.25:860][827]LogModuleManager: Shutting down and abandoning module LocalizationDashboard (188)
[2017.04.03-01.41.25:873][827]LogModuleManager: Shutting down and abandoning module HardwareTargeting (187)
[2017.04.03-01.41.25:877][827]LogModuleManager: Shutting down and abandoning module DeviceProfileEditor (186)
[2017.04.03-01.41.25:896][827]LogModuleManager: Shutting down and abandoning module UndoHistory (185)
[2017.04.03-01.41.25:902][827]LogModuleManager: Shutting down and abandoning module UserFeedback (184)
[2017.04.03-01.41.25:902][827]LogModuleManager: Shutting down and abandoning module XmlParser (183)
[2017.04.03-01.41.25:902][827]LogModuleManager: Shutting down and abandoning module Blutility (182)
[2017.04.03-01.41.25:913][827]LogModuleManager: Shutting down and abandoning module ProjectTargetPlatformEditor (181)
[2017.04.03-01.41.25:913][827]LogModuleManager: Shutting down and abandoning module ProjectSettingsViewer (180)
[2017.04.03-01.41.25:913][827]LogModuleManager: Shutting down and abandoning module EditorSettingsViewer (179)
[2017.04.03-01.41.25:913][827]LogModuleManager: Shutting down and abandoning module SettingsEditor (178)
[2017.04.03-01.41.25:925][827]LogModuleManager: Shutting down and abandoning module ProjectLauncher (177)
[2017.04.03-01.41.25:943][827]LogModuleManager: Shutting down and abandoning module SessionFrontend (176)
[2017.04.03-01.41.25:948][827]LogModuleManager: Shutting down and abandoning module ProfilerClient (175)
[2017.04.03-01.41.25:953][827]LogModuleManager: Shutting down and abandoning module TargetDeviceServices (174)
[2017.04.03-01.41.25:953][827]LogModuleManager: Shutting down and abandoning module DeviceManager (173)
[2017.04.03-01.41.26:009][827]LogModuleManager: Shutting down and abandoning module AutomationController (172)
[2017.04.03-01.41.26:016][827]LogModuleManager: Shutting down and abandoning module AutomationWindow (171)
[2017.04.03-01.41.26:037][827]LogModuleManager: Shutting down and abandoning module Layers (170)
[2017.04.03-01.41.26:054][827]LogModuleManager: Shutting down and abandoning module ComponentVisualizers (169)
[2017.04.03-01.41.26:054][827]LogModuleManager: Shutting down and abandoning module DetailCustomizations (168)
[2017.04.03-01.41.26:071][827]LogModuleManager: Shutting down and abandoning module PackagesDialog (167)
[2017.04.03-01.41.26:071][827]LogModuleManager: Shutting down and abandoning module AnimGraph (166)
[2017.04.03-01.41.26:071][827]LogModuleManager: Shutting down and abandoning module Persona (165)
[2017.04.03-01.41.26:086][827]LogModuleManager: Shutting down and abandoning module Kismet (164)
[2017.04.03-01.41.26:097][827]LogModuleManager: Shutting down and abandoning module GraphEditor (163)
[2017.04.03-01.41.26:097][827]LogModuleManager: Shutting down and abandoning module ClassViewer (162)
[2017.04.03-01.41.26:106][827]LogModuleManager: Shutting down and abandoning module Toolbox (161)
[2017.04.03-01.41.26:113][827]LogModuleManager: Shutting down and abandoning module ModuleUI (160)
[2017.04.03-01.41.26:121][827]LogModuleManager: Shutting down and abandoning module MovieSceneTools (159)
[2017.04.03-01.41.26:143][827]LogModuleManager: Shutting down and abandoning module OutputLog (158)
[2017.04.03-01.41.26:159][827]LogModuleManager: Shutting down and abandoning module GammaUI (157)
[2017.04.03-01.41.26:170][827]LogModuleManager: Shutting down and abandoning module Documentation (156)
[2017.04.03-01.41.26:170][827]LogModuleManager: Shutting down and abandoning module Niagara (155)
[2017.04.03-01.41.26:170][827]LogModuleManager: Shutting down and abandoning module StreamingPauseRendering (154)
[2017.04.03-01.41.26:170][827]LogModuleManager: Shutting down and abandoning module AnalyticsET (153)
[2017.04.03-01.41.26:170][827]LogModuleManager: Shutting down and abandoning module PortalServices (152)
[2017.04.03-01.41.26:170][827]LogModuleManager: Shutting down and abandoning module PortalRpc (151)
[2017.04.03-01.41.26:170][827]LogModuleManager: Shutting down and abandoning module MessagingRpc (150)
[2017.04.03-01.41.26:170][827]LogModuleManager: Shutting down and abandoning module GameplayDebugger (149)
[2017.04.03-01.41.26:179][827]LogModuleManager: Shutting down and abandoning module AITestSuite (148)
[2017.04.03-01.41.26:186][827]LogModuleManager: Shutting down and abandoning module AIModule (147)
[2017.04.03-01.41.26:186][827]LogModuleManager: Shutting down and abandoning module ProfilerService (146)
[2017.04.03-01.41.26:225][827]LogModuleManager: Shutting down and abandoning module TaskGraph (145)
[2017.04.03-01.41.26:238][827]LogModuleManager: Shutting down and abandoning module SlateRemote (144)
[2017.04.03-01.41.26:238][827]LogModuleManager: Shutting down and abandoning module SteamVRController (143)
[2017.04.03-01.41.26:238][827]LogModuleManager: Shutting down and abandoning module SteamVR (142)
[2017.04.03-01.41.26:238][827]LogModuleManager: Shutting down and abandoning module ProceduralMeshComponentEditor (141)
[2017.04.03-01.41.26:249][827]LogModuleManager: Shutting down and abandoning module ProceduralMeshComponent (140)
[2017.04.03-01.41.26:256][827]LogModuleManager: Shutting down and abandoning module OculusLibrary (139)
[2017.04.03-01.41.26:256][827]LogModuleManager: Shutting down and abandoning module OculusInput (138)
[2017.04.03-01.41.26:256][827]LogModuleManager: Shutting down and abandoning module MobilePatchingUtils (137)
[2017.04.03-01.41.26:256][827]LogModuleManager: Shutting down and abandoning module CustomMeshComponent (136)
[2017.04.03-01.41.26:256][827]LogModuleManager: Shutting down and abandoning module CableComponent (135)
[2017.04.03-01.41.26:256][827]LogModuleManager: Shutting down and abandoning module ArchVisCharacter (134)
[2017.04.03-01.41.26:256][827]LogModuleManager: Shutting down and abandoning module MediaPlayerEditor (132)
[2017.04.03-01.41.26:277][827]LogModuleManager: Shutting down and abandoning module HTML5Networking (131)
[2017.04.03-01.41.26:277][827]LogModuleManager: Shutting down and abandoning module GeometryCacheEd (130)
[2017.04.03-01.41.26:277][827]LogModuleManager: Shutting down and abandoning module GeometryCache (129)
[2017.04.03-01.41.26:277][827]LogModuleManager: Shutting down and abandoning module AlembicLibrary (128)
[2017.04.03-01.41.26:288][827]LogModuleManager: Shutting down and abandoning module AlembicImporter (127)
[2017.04.03-01.41.26:297][827]LogModuleManager: Shutting down and abandoning module SuperSearch (126)
[2017.04.03-01.41.26:297][827]LogModuleManager: Shutting down and abandoning module SuperSearchEditor (125)
[2017.04.03-01.41.26:297][827]LogModuleManager: Shutting down and abandoning module SpeedTreeImporter (124)
[2017.04.03-01.41.26:297][827]LogModuleManager: Shutting down and abandoning module PluginBrowser (123)
[2017.04.03-01.41.26:309][827]LogModuleManager: Shutting down and abandoning module MobileLauncherProfileWizard (122)
[2017.04.03-01.41.26:325][827]LogModuleManager: Shutting down and abandoning module EpicSurvey (121)
[2017.04.03-01.41.26:331][827]LogModuleManager: Shutting down and abandoning module DesktopPlatform (120)
[2017.04.03-01.41.26:331][827]LogModuleManager: Shutting down and abandoning module VisualStudioSourceCodeAccess (119)
[2017.04.03-01.41.26:331][827]LogModuleManager: Shutting down and abandoning module UObjectPlugin (118)
[2017.04.03-01.41.26:331][827]LogModuleManager: Shutting down and abandoning module SubversionSourceControl (117)
[2017.04.03-01.41.26:338][827]LogModuleManager: Shutting down and abandoning module PerforceSourceControl (116)
[2017.04.03-01.41.26:345][827]LogModuleManager: Shutting down and abandoning module SourceControl (115)
[2017.04.03-01.41.26:352][827]LogModuleManager: Shutting down and abandoning module GitSourceControl (114)
[2017.04.03-01.41.26:362][827]LogModuleManager: Shutting down and abandoning module LightPropagationVolumeEditor (113)
[2017.04.03-01.41.26:362][827]LogModuleManager: Shutting down and abandoning module PaperTiledImporter (112)
[2017.04.03-01.41.26:371][827]LogModuleManager: Shutting down and abandoning module PaperSpriteSheetImporter (111)
[2017.04.03-01.41.26:371][827]LogModuleManager: Shutting down and abandoning module MeshPaint (110)
[2017.04.03-01.41.26:371][827]LogModuleManager: Shutting down and abandoning module PixelInspectorModule (109)
[2017.04.03-01.41.26:381][827]LogModuleManager: Shutting down and abandoning module HotReload (108)
[2017.04.03-01.41.26:381][827]LogModuleManager: Shutting down and abandoning module MainFrame (107)
[2017.04.03-01.41.26:381][827]LogModuleManager: Shutting down and abandoning module LevelEditor (106)
[2017.04.03-01.41.26:382][827]LogModuleManager: Shutting down and abandoning module ContentBrowser (105)
[2017.04.03-01.41.26:383][827]LogModuleManager: Shutting down and abandoning module Paper2DEditor (104)
[2017.04.03-01.41.26:398][827]LogModuleManager: Shutting down and abandoning module UdpMessaging (103)
[2017.04.03-01.41.26:499][827]LogModuleManager: Shutting down and abandoning module TcpMessaging (102)
[2017.04.03-01.41.26:604][827]LogModuleManager: Shutting down and abandoning module LightPropagationVolumeRuntime (101)
[2017.04.03-01.41.26:604][827]LogModuleManager: Shutting down and abandoning module Paper2D (100)
[2017.04.03-01.41.26:611][827]LogModuleManager: Shutting down and abandoning module WindowsMoviePlayer (99)
[2017.04.03-01.41.26:611][827]LogModuleManager: Shutting down and abandoning module WmfMedia (98)
[2017.04.03-01.41.26:615][827]LogModuleManager: Shutting down and abandoning module MediaAssets (97)
[2017.04.03-01.41.26:626][827]LogModuleManager: Shutting down and abandoning module GameLiveStreaming (96)
[2017.04.03-01.41.26:626][827]LogModuleManager: Shutting down and abandoning module GameplayTagsEditor (95)
[2017.04.03-01.41.26:626][827]LogModuleManager: Shutting down and abandoning module VREditor (94)
[2017.04.03-01.41.26:626][827]LogModuleManager: Shutting down and abandoning module GameplayTasksEditor (93)
[2017.04.03-01.41.26:626][827]LogModuleManager: Shutting down and abandoning module BehaviorTreeEditor (92)
[2017.04.03-01.41.26:648][827]LogModuleManager: Shutting down and abandoning module FunctionalTesting (91)
[2017.04.03-01.41.26:655][827]LogModuleManager: Shutting down and abandoning module CollisionAnalyzer (90)
[2017.04.03-01.41.26:660][827]LogModuleManager: Shutting down and abandoning module Sequencer (89)
[2017.04.03-01.41.26:686][827]LogModuleManager: Shutting down and abandoning module WorkspaceMenuStructure (88)
[2017.04.03-01.41.26:686][827]LogModuleManager: Shutting down and abandoning module MessageLog (87)
[2017.04.03-01.41.26:686][827]LogModuleManager: Shutting down and abandoning module AssetTools (86)
[2017.04.03-01.41.26:706][827]LogModuleManager: Shutting down and abandoning module UMGEditor (85)
[2017.04.03-01.41.26:735][827]LogModuleManager: Shutting down and abandoning module UMG (84)
[2017.04.03-01.41.26:747][827]LogModuleManager: Shutting down and abandoning module SlateReflector (83)
[2017.04.03-01.41.26:777][827]LogModuleManager: Shutting down and abandoning module Slate (82)
[2017.04.03-01.41.26:777][827]LogModuleManager: Shutting down and abandoning module EditorStyle (81)
[2017.04.03-01.41.26:780][827]LogModuleManager: Shutting down and abandoning module SourceCodeAccess (80)
[2017.04.03-01.41.26:780][827]LogModuleManager: Shutting down and abandoning module HeadMountedDisplay (79)
[2017.04.03-01.41.26:780][827]LogModuleManager: Shutting down and abandoning module XAudio2 (78)
[2017.04.03-01.41.26:780][827]LogModuleManager: Shutting down and abandoning module Networking (76)
[2017.04.03-01.41.26:780][827]LogModuleManager: Shutting down and abandoning module Core (75)
[2017.04.03-01.41.26:780][827]LogModuleManager: Shutting down and abandoning module DirectoryWatcher (74)
[2017.04.03-01.41.26:780][827]LogDirectoryWatcher: A directory notification for '../../../Engine/Content/' was aborted.
[2017.04.03-01.41.26:780][827]LogDirectoryWatcher: A directory notification for '../../../../../../Users/christopher/Documents/Unreal Projects/GameEngine1Final/Content/' was aborted.
[2017.04.03-01.41.26:780][827]LogDirectoryWatcher: A directory notification for '../../../Engine/Plugins/2D/Paper2D/Content/' was aborted.
[2017.04.03-01.41.26:780][827]LogModuleManager: Shutting down and abandoning module AssetRegistry (73)
[2017.04.03-01.41.26:956][827]LogModuleManager: Shutting down and abandoning module KismetCompiler (72)
[2017.04.03-01.41.26:956][827]LogModuleManager: Shutting down and abandoning module PhysXFormats (71)
[2017.04.03-01.41.26:956][827]LogModuleManager: Shutting down and abandoning module SimplygonSwarm (70)
[2017.04.03-01.41.26:961][827]LogModuleManager: Shutting down and abandoning module SimplygonMeshReduction (69)
[2017.04.03-01.41.26:971][827]LogModuleManager: Shutting down and abandoning module QuadricMeshReduction (68)
[2017.04.03-01.41.26:971][827]LogModuleManager: Shutting down and abandoning module PropertyEditor (67)
[2017.04.03-01.41.26:972][827]LogModuleManager: Shutting down and abandoning module MeshUtilities (66)
[2017.04.03-01.41.26:983][827]LogModuleManager: Shutting down and abandoning module DerivedDataCache (65)
[2017.04.03-01.41.26:999][827]LogDerivedDataCache: Shutdown
[2017.04.03-01.41.27:001][827]LogModuleManager: Shutting down and abandoning module VulkanShaderFormat (64)
[2017.04.03-01.41.27:013][827]LogModuleManager: Shutting down and abandoning module ShaderFormatOpenGL (63)
[2017.04.03-01.41.27:023][827]LogModuleManager: Shutting down and abandoning module ShaderFormatD3D (62)
[2017.04.03-01.41.27:023][827]LogModuleManager: Shutting down and abandoning module MetalShaderFormat (61)
[2017.04.03-01.41.27:028][827]LogModuleManager: Shutting down and abandoning module TextureFormatUncompressed (60)
[2017.04.03-01.41.27:028][827]LogModuleManager: Shutting down and abandoning module TextureFormatPVR (59)
[2017.04.03-01.41.27:028][827]LogModuleManager: Shutting down and abandoning module TextureFormatDXT (58)
[2017.04.03-01.41.27:028][827]LogModuleManager: Shutting down and abandoning module TextureFormatIntelISPCTexComp (57)
[2017.04.03-01.41.27:050][827]LogModuleManager: Shutting down and abandoning module ImageWrapper (56)
[2017.04.03-01.41.27:050][827]LogModuleManager: Shutting down and abandoning module TextureFormatASTC (55)
[2017.04.03-01.41.27:050][827]LogModuleManager: Shutting down and abandoning module TextureFormatAndroid (54)
[2017.04.03-01.41.27:050][827]LogModuleManager: Shutting down and abandoning module AudioFormatOpus (53)
[2017.04.03-01.41.27:056][827]LogModuleManager: Shutting down and abandoning module AudioFormatOgg (52)
[2017.04.03-01.41.27:056][827]LogModuleManager: Shutting down and abandoning module AudioFormatADPCM (51)
[2017.04.03-01.41.27:056][827]LogModuleManager: Shutting down and abandoning module LinuxTargetPlatform (50)
[2017.04.03-01.41.27:056][827]LogModuleManager: Shutting down and abandoning module LinuxServerTargetPlatform (49)
[2017.04.03-01.41.27:056][827]LogModuleManager: Shutting down and abandoning module LinuxNoEditorTargetPlatform (48)
[2017.04.03-01.41.27:056][827]LogModuleManager: Shutting down and abandoning module LinuxClientTargetPlatform (47)
[2017.04.03-01.41.27:056][827]LogModuleManager: Shutting down and abandoning module TVOSTargetPlatform (46)
[2017.04.03-01.41.27:056][827]LogModuleManager: Shutting down and abandoning module Messaging (45)
[2017.04.03-01.41.27:056][827]LogModuleManager: Shutting down and abandoning module IOSTargetPlatform (44)
[2017.04.03-01.41.27:056][827]LogModuleManager: Shutting down and abandoning module HTML5TargetPlatform (43)
[2017.04.03-01.41.27:056][827]LogModuleManager: Shutting down and abandoning module Android_PVRTCTargetPlatform (42)
[2017.04.03-01.41.27:056][827]LogModuleManager: Shutting down and abandoning module Android_MultiTargetPlatform (41)
[2017.04.03-01.41.27:056][827]LogModuleManager: Shutting down and abandoning module Android_ETC2TargetPlatform (40)
[2017.04.03-01.41.27:056][827]LogModuleManager: Shutting down and abandoning module Android_ETC1TargetPlatform (39)
[2017.04.03-01.41.27:056][827]LogModuleManager: Shutting down and abandoning module Android_DXTTargetPlatform (38)
[2017.04.03-01.41.27:056][827]LogModuleManager: Shutting down and abandoning module Android_ATCTargetPlatform (37)
[2017.04.03-01.41.27:056][827]LogModuleManager: Shutting down and abandoning module Android_ASTCTargetPlatform (36)
[2017.04.03-01.41.27:056][827]LogModuleManager: Shutting down and abandoning module AndroidTargetPlatform (35)
[2017.04.03-01.41.27:056][827]LogModuleManager: Shutting down and abandoning module WindowsTargetPlatform (34)
[2017.04.03-01.41.27:056][827]LogModuleManager: Shutting down and abandoning module WindowsServerTargetPlatform (33)
[2017.04.03-01.41.27:056][827]LogModuleManager: Shutting down and abandoning module WindowsNoEditorTargetPlatform (32)
[2017.04.03-01.41.27:056][827]LogModuleManager: Shutting down and abandoning module WindowsClientTargetPlatform (31)
[2017.04.03-01.41.27:056][827]LogModuleManager: Shutting down and abandoning module MacTargetPlatform (30)
[2017.04.03-01.41.27:056][827]LogModuleManager: Shutting down and abandoning module MacServerTargetPlatform (29)
[2017.04.03-01.41.27:056][827]LogModuleManager: Shutting down and abandoning module MacNoEditorTargetPlatform (28)
[2017.04.03-01.41.27:056][827]LogModuleManager: Shutting down and abandoning module MacClientTargetPlatform (27)
[2017.04.03-01.41.27:056][827]LogModuleManager: Shutting down and abandoning module AllDesktopTargetPlatform (26)
[2017.04.03-01.41.27:056][827]LogModuleManager: Shutting down and abandoning module TargetPlatform (25)
[2017.04.03-01.41.27:056][827]LogModuleManager: Shutting down and abandoning module InputCore (24)
[2017.04.03-01.41.27:056][827]LogModuleManager: Shutting down and abandoning module Settings (23)
[2017.04.03-01.41.27:056][827]LogModuleManager: Shutting down and abandoning module OculusRift (22)
[2017.04.03-01.41.27:065][827]LogModuleManager: Shutting down and abandoning module ExampleDeviceProfileSelector (21)
[2017.04.03-01.41.27:065][827]LogModuleManager: Shutting down and abandoning module OnlineBlueprintSupport (20)
[2017.04.03-01.41.27:065][827]LogModuleManager: Shutting down and abandoning module OnlineSubsystem (18)
[2017.04.03-01.41.27:065][827]LogOnline:Display: Unloading online subsystem: NULL
[2017.04.03-01.41.27:082][827]LogModuleManager: Shutting down and abandoning module SSL (17)
[2017.04.03-01.41.27:092][827]LogModuleManager: Shutting down and abandoning module HTTP (16)
[2017.04.03-01.41.27:092][827]LogModuleManager: Shutting down and abandoning module XMPP (15)
[2017.04.03-01.41.27:101][827]LogModuleManager: Shutting down and abandoning module TextureCompressor (14)
[2017.04.03-01.41.27:113][827]LogModuleManager: Shutting down and abandoning module ShaderCore (13)
[2017.04.03-01.41.27:113][827]LogModuleManager: Shutting down and abandoning module Landscape (12)
[2017.04.03-01.41.27:113][827]LogModuleManager: Shutting down and abandoning module SlateRHIRenderer (11)
[2017.04.03-01.41.27:140][827]LogModuleManager: Shutting down and abandoning module OpenGLDrv (10)
[2017.04.03-01.41.27:160][827]LogModuleManager: Shutting down and abandoning module D3D11RHI (9)
[2017.04.03-01.41.27:160][827]LogModuleManager: Shutting down and abandoning module AnimGraphRuntime (8)
[2017.04.03-01.41.27:165][827]LogModuleManager: Shutting down and abandoning module Renderer (7)
[2017.04.03-01.41.27:165][827]LogModuleManager: Shutting down and abandoning module Engine (6)
[2017.04.03-01.41.27:165][827]LogModuleManager: Shutting down and abandoning module CoreUObject (5)
[2017.04.03-01.41.27:165][827]LogModuleManager: Shutting down and abandoning module NetworkFile (4)
[2017.04.03-01.41.27:170][827]LogModuleManager: Shutting down and abandoning module StreamingFile (3)
[2017.04.03-01.41.27:170][827]LogModuleManager: Shutting down and abandoning module SandboxFile (2)
[2017.04.03-01.41.27:170][827]LogModuleManager: Shutting down and abandoning module PakFile (1)
[2017.04.03-01.41.27:185][827]LogExit: Exiting.
[2017.04.03-01.41.27:187][827]Log file closed, 04/02/17 21:41:27
