Log file open, 04/17/17 12:46:36
LogInit:Display: Running engine for game: GameEngine1Final
LogPlatformFile: Not using cached read wrapper
LogInit:Display: RandInit(538872028) SRandInit(538872028).
LogTaskGraph: Started task graph with 5 named threads and 8 total threads with 1 sets of task threads.
LogStats: Stats thread started at 0.167926
LogPluginManager: Loaded Plugin Paper2D, From C:/Program Files/Epic Games/4.14/Engine/Plugins/2D/Paper2D/Paper2D.uplugin
LogPluginManager: Loaded Plugin LightPropagationVolume, From C:/Program Files/Epic Games/4.14/Engine/Plugins/Blendables/LightPropagationVolume/LightPropagationVolume.uplugin
LogPluginManager: Loaded Plugin BlankPlugin, From C:/Program Files/Epic Games/4.14/Engine/Plugins/Developer/BlankPlugin/BlankPlugin.uplugin
LogPluginManager: Loaded Plugin CodeLiteSourceCodeAccess, From C:/Program Files/Epic Games/4.14/Engine/Plugins/Developer/CodeLiteSourceCodeAccess/CodeLiteSourceCodeAccess.uplugin
LogPluginManager: Loaded Plugin GitSourceControl, From C:/Program Files/Epic Games/4.14/Engine/Plugins/Developer/GitSourceControl/GitSourceControl.uplugin
LogPluginManager: Loaded Plugin KDevelopSourceCodeAccess, From C:/Program Files/Epic Games/4.14/Engine/Plugins/Developer/KDevelopSourceCodeAccess/KDevelopSourceCodeAccess.uplugin
LogPluginManager: Loaded Plugin NullSourceCodeAccess, From C:/Program Files/Epic Games/4.14/Engine/Plugins/Developer/NullSourceCodeAccess/NullSourceCodeAccess.uplugin
LogPluginManager: Loaded Plugin OneSkyLocalizationService, From C:/Program Files/Epic Games/4.14/Engine/Plugins/Developer/OneSkyLocalizationService/OneSkyLocalizationService.uplugin
LogPluginManager: Loaded Plugin PerforceSourceControl, From C:/Program Files/Epic Games/4.14/Engine/Plugins/Developer/PerforceSourceControl/PerforceSourceControl.uplugin
LogPluginManager: Loaded Plugin SubversionSourceControl, From C:/Program Files/Epic Games/4.14/Engine/Plugins/Developer/SubversionSourceControl/SubversionSourceControl.uplugin
LogPluginManager: Loaded Plugin UObjectPlugin, From C:/Program Files/Epic Games/4.14/Engine/Plugins/Developer/UObjectPlugin/UObjectPlugin.uplugin
LogPluginManager: Loaded Plugin VisualStudioSourceCodeAccess, From C:/Program Files/Epic Games/4.14/Engine/Plugins/Developer/VisualStudioSourceCodeAccess/VisualStudioSourceCodeAccess.uplugin
LogPluginManager: Loaded Plugin XCodeSourceCodeAccess, From C:/Program Files/Epic Games/4.14/Engine/Plugins/Developer/XCodeSourceCodeAccess/XCodeSourceCodeAccess.uplugin
LogPluginManager: Loaded Plugin AudioCapture, From C:/Program Files/Epic Games/4.14/Engine/Plugins/Editor/AudioCapture/AudioCapture.uplugin
LogPluginManager: Loaded Plugin EpicSurvey, From C:/Program Files/Epic Games/4.14/Engine/Plugins/Editor/EpicSurvey/EpicSurvey.uplugin
LogPluginManager: Loaded Plugin MacGraphicsSwitching, From C:/Program Files/Epic Games/4.14/Engine/Plugins/Editor/MacGraphicsSwitching/MacGraphicsSwitching.uplugin
LogPluginManager: Loaded Plugin MobileLauncherProfileWizard, From C:/Program Files/Epic Games/4.14/Engine/Plugins/Editor/MobileLauncherProfileWizard/MobileLauncherProfileWizard.uplugin
LogPluginManager: Loaded Plugin PluginBrowser, From C:/Program Files/Epic Games/4.14/Engine/Plugins/Editor/PluginBrowser/PluginBrowser.uplugin
LogPluginManager: Loaded Plugin SpeedTreeImporter, From C:/Program Files/Epic Games/4.14/Engine/Plugins/Editor/SpeedTreeImporter/SpeedTreeImporter.uplugin
LogPluginManager: Loaded Plugin SuperSearchEditor, From C:/Program Files/Epic Games/4.14/Engine/Plugins/Editor/SuperSearchEditor/SuperSearchEditor.uplugin
LogPluginManager: Loaded Plugin AlembicImporter, From C:/Program Files/Epic Games/4.14/Engine/Plugins/Experimental/AlembicImporter/AlembicImporter.uplugin
LogPluginManager: Loaded Plugin BlueprintStats, From C:/Program Files/Epic Games/4.14/Engine/Plugins/Experimental/BlueprintStats/BlueprintStats.uplugin
LogPluginManager: Loaded Plugin CharacterAI, From C:/Program Files/Epic Games/4.14/Engine/Plugins/Experimental/CharacterAI/CharacterAI.uplugin
LogPluginManager: Loaded Plugin CodeEditor, From C:/Program Files/Epic Games/4.14/Engine/Plugins/Experimental/CodeEditor/CodeEditor.uplugin
LogPluginManager: Loaded Plugin CodeView, From C:/Program Files/Epic Games/4.14/Engine/Plugins/Experimental/CodeView/CodeView.uplugin
LogPluginManager: Loaded Plugin HTML5Networking, From C:/Program Files/Epic Games/4.14/Engine/Plugins/Experimental/HTML5Networking/HTML5Networking.uplugin
LogPluginManager: Loaded Plugin OSVR, From C:/Program Files/Epic Games/4.14/Engine/Plugins/Experimental/OSVR/OSVR.uplugin
LogPluginManager: Loaded Plugin Phya, From C:/Program Files/Epic Games/4.14/Engine/Plugins/Experimental/Phya/Phya.uplugin
LogPluginManager: Loaded Plugin SignificanceManager, From C:/Program Files/Epic Games/4.14/Engine/Plugins/Experimental/SignificanceManager/SignificanceManager.uplugin
LogPluginManager: Loaded Plugin SimpleHMD, From C:/Program Files/Epic Games/4.14/Engine/Plugins/Experimental/SimpleHMD/SimpleHMD.uplugin
LogPluginManager: Loaded Plugin StereoPanorama, From C:/Program Files/Epic Games/4.14/Engine/Plugins/Experimental/StereoPanorama/StereoPanorama.uplugin
LogPluginManager: Loaded Plugin StructBox, From C:/Program Files/Epic Games/4.14/Engine/Plugins/Experimental/StructBox/StructBox.uplugin
LogPluginManager: Loaded Plugin AndroidMedia, From C:/Program Files/Epic Games/4.14/Engine/Plugins/Media/AndroidMedia/AndroidMedia.uplugin
LogPluginManager: Loaded Plugin AvfMedia, From C:/Program Files/Epic Games/4.14/Engine/Plugins/Media/AvfMedia/AvfMedia.uplugin
LogPluginManager: Loaded Plugin MediaPlayerEditor, From C:/Program Files/Epic Games/4.14/Engine/Plugins/Media/MediaPlayerEditor/MediaPlayerEditor.uplugin
LogPluginManager: Loaded Plugin WmfMedia, From C:/Program Files/Epic Games/4.14/Engine/Plugins/Media/WmfMedia/WmfMedia.uplugin
LogPluginManager: Loaded Plugin MessagingDebugger, From C:/Program Files/Epic Games/4.14/Engine/Plugins/Messaging/MessagingDebugger/MessagingDebugger.uplugin
LogPluginManager: Loaded Plugin TcpMessaging, From C:/Program Files/Epic Games/4.14/Engine/Plugins/Messaging/TcpMessaging/TcpMessaging.uplugin
LogPluginManager: Loaded Plugin UdpMessaging, From C:/Program Files/Epic Games/4.14/Engine/Plugins/Messaging/UdpMessaging/UdpMessaging.uplugin
LogPluginManager: Loaded Plugin LevelSequenceEditor, From C:/Program Files/Epic Games/4.14/Engine/Plugins/MovieScene/LevelSequenceEditor/LevelSequenceEditor.uplugin
LogPluginManager: Loaded Plugin MatineeToLevelSequence, From C:/Program Files/Epic Games/4.14/Engine/Plugins/MovieScene/MatineeToLevelSequence/MatineeToLevelSequence.uplugin
LogPluginManager: Loaded Plugin NetcodeUnitTest, From C:/Program Files/Epic Games/4.14/Engine/Plugins/NetcodeUnitTest/NetcodeUnitTest/NetcodeUnitTest.uplugin
LogPluginManager: Loaded Plugin NUTUnrealEngine4, From C:/Program Files/Epic Games/4.14/Engine/Plugins/NetcodeUnitTest/NUTUnrealEngine4/NUTUnrealEngine4.uplugin
LogPluginManager: Loaded Plugin OnlineSubsystemGameCircle, From C:/Program Files/Epic Games/4.14/Engine/Plugins/Online/Android/OnlineSubsystemGameCircle/OnlineSubsystemGameCircle.uplugin
LogPluginManager: Loaded Plugin OnlineSubsystemGooglePlay, From C:/Program Files/Epic Games/4.14/Engine/Plugins/Online/Android/OnlineSubsystemGooglePlay/OnlineSubsystemGooglePlay.uplugin
LogPluginManager: Loaded Plugin OnlineSubsystemIOS, From C:/Program Files/Epic Games/4.14/Engine/Plugins/Online/IOS/OnlineSubsystemIOS/OnlineSubsystemIOS.uplugin
LogPluginManager: Loaded Plugin OnlineFramework, From C:/Program Files/Epic Games/4.14/Engine/Plugins/Online/OnlineFramework/OnlineFramework.uplugin
LogPluginManager: Loaded Plugin OnlineSubsystem, From C:/Program Files/Epic Games/4.14/Engine/Plugins/Online/OnlineSubsystem/OnlineSubsystem.uplugin
LogPluginManager: Loaded Plugin OnlineSubsystemAmazon, From C:/Program Files/Epic Games/4.14/Engine/Plugins/Online/OnlineSubsystemAmazon/OnlineSubsystemAmazon.uplugin
LogPluginManager: Loaded Plugin OnlineSubsystemFacebook, From C:/Program Files/Epic Games/4.14/Engine/Plugins/Online/OnlineSubsystemFacebook/OnlineSubsystemFacebook.uplugin
LogPluginManager: Loaded Plugin OnlineSubsystemNull, From C:/Program Files/Epic Games/4.14/Engine/Plugins/Online/OnlineSubsystemNull/OnlineSubsystemNull.uplugin
LogPluginManager: Loaded Plugin OnlineSubsystemOculus, From C:/Program Files/Epic Games/4.14/Engine/Plugins/Online/OnlineSubsystemOculus/OnlineSubsystemOculus.uplugin
LogPluginManager: Loaded Plugin OnlineSubsystemSteam, From C:/Program Files/Epic Games/4.14/Engine/Plugins/Online/OnlineSubsystemSteam/OnlineSubsystemSteam.uplugin
LogPluginManager: Loaded Plugin OnlineSubsystemUtils, From C:/Program Files/Epic Games/4.14/Engine/Plugins/Online/OnlineSubsystemUtils/OnlineSubsystemUtils.uplugin
LogPluginManager: Loaded Plugin IOSTapJoy, From C:/Program Files/Epic Games/4.14/Engine/Plugins/Runtime/Advertising/IOSTapJoy/IOSTapJoy.uplugin
LogPluginManager: Loaded Plugin AnalyticsBlueprintLibrary, From C:/Program Files/Epic Games/4.14/Engine/Plugins/Runtime/Analytics/AnalyticsBlueprintLibrary/AnalyticsBlueprintLibrary.uplugin
LogPluginManager: Loaded Plugin AnalyticsMulticast, From C:/Program Files/Epic Games/4.14/Engine/Plugins/Runtime/Analytics/AnalyticsMulticast/AnalyticsMulticast.uplugin
LogPluginManager: Loaded Plugin Apsalar, From C:/Program Files/Epic Games/4.14/Engine/Plugins/Runtime/Analytics/Apsalar/Apsalar.uplugin
LogPluginManager: Loaded Plugin FileLogging, From C:/Program Files/Epic Games/4.14/Engine/Plugins/Runtime/Analytics/FileLogging/FileLogging.uplugin
LogPluginManager: Loaded Plugin Flurry, From C:/Program Files/Epic Games/4.14/Engine/Plugins/Runtime/Analytics/Flurry/Flurry.uplugin
LogPluginManager: Loaded Plugin AndroidDeviceProfileSelector, From C:/Program Files/Epic Games/4.14/Engine/Plugins/Runtime/AndroidDeviceProfileSelector/AndroidDeviceProfileSelector.uplugin
LogPluginManager: Loaded Plugin AndroidMoviePlayer, From C:/Program Files/Epic Games/4.14/Engine/Plugins/Runtime/AndroidMoviePlayer/AndroidMoviePlayer.uplugin
LogPluginManager: Loaded Plugin AppleMoviePlayer, From C:/Program Files/Epic Games/4.14/Engine/Plugins/Runtime/AppleMoviePlayer/AppleMoviePlayer.uplugin
LogPluginManager: Loaded Plugin ArchVisCharacter, From C:/Program Files/Epic Games/4.14/Engine/Plugins/Runtime/ArchVisCharacter/ArchVisCharacter.uplugin
LogPluginManager: Loaded Plugin CableComponent, From C:/Program Files/Epic Games/4.14/Engine/Plugins/Runtime/CableComponent/CableComponent.uplugin
LogPluginManager: Loaded Plugin CustomMeshComponent, From C:/Program Files/Epic Games/4.14/Engine/Plugins/Runtime/CustomMeshComponent/CustomMeshComponent.uplugin
LogPluginManager: Loaded Plugin ExampleDeviceProfileSelector, From C:/Program Files/Epic Games/4.14/Engine/Plugins/Runtime/ExampleDeviceProfileSelector/ExampleDeviceProfileSelector.uplugin
LogPluginManager: Loaded Plugin GearVR, From C:/Program Files/Epic Games/4.14/Engine/Plugins/Runtime/GearVR/GearVR.uplugin
LogPluginManager: Loaded Plugin GoogleVRController, From C:/Program Files/Epic Games/4.14/Engine/Plugins/Runtime/GoogleVR/GoogleVRController/GoogleVRController.uplugin
LogPluginManager: Loaded Plugin GoogleVRHMD, From C:/Program Files/Epic Games/4.14/Engine/Plugins/Runtime/GoogleVR/GoogleVRHMD/GoogleVRHMD.uplugin
LogPluginManager: Loaded Plugin IOSDeviceProfileSelector, From C:/Program Files/Epic Games/4.14/Engine/Plugins/Runtime/IOSDeviceProfileSelector/IOSDeviceProfileSelector.uplugin
LogPluginManager: Loaded Plugin LeapMotion, From C:/Program Files/Epic Games/4.14/Engine/Plugins/Runtime/LeapMotion/LeapMotion.uplugin
LogPluginManager: Loaded Plugin LinuxDeviceProfileSelector, From C:/Program Files/Epic Games/4.14/Engine/Plugins/Runtime/LinuxDeviceProfileSelector/LinuxDeviceProfileSelector.uplugin
LogPluginManager: Loaded Plugin MIDIDevice, From C:/Program Files/Epic Games/4.14/Engine/Plugins/Runtime/MIDIDevice/MIDIDevice.uplugin
LogPluginManager: Loaded Plugin MobilePatchingUtils, From C:/Program Files/Epic Games/4.14/Engine/Plugins/Runtime/MobilePatchingUtils/MobilePatchingUtils.uplugin
LogPluginManager: Loaded Plugin Ansel, From C:/Program Files/Epic Games/4.14/Engine/Plugins/Runtime/Nvidia/Ansel/Ansel.uplugin
LogPluginManager: Loaded Plugin OculusAudio, From C:/Program Files/Epic Games/4.14/Engine/Plugins/Runtime/OculusAudio/OculusAudio.uplugin
LogPluginManager: Loaded Plugin OculusInput, From C:/Program Files/Epic Games/4.14/Engine/Plugins/Runtime/OculusInput/OculusInput.uplugin
LogPluginManager: Loaded Plugin OculusLibrary, From C:/Program Files/Epic Games/4.14/Engine/Plugins/Runtime/OculusLibrary/OculusLibrary.uplugin
LogPluginManager: Loaded Plugin OculusRift, From C:/Program Files/Epic Games/4.14/Engine/Plugins/Runtime/OculusRift/OculusRift.uplugin
LogPluginManager: Loaded Plugin Oodle, From C:/Program Files/Epic Games/4.14/Engine/Plugins/Runtime/PacketHandlers/CompressionComponents/Oodle/Oodle.uplugin
LogPluginManager: Loaded Plugin ProceduralMeshComponent, From C:/Program Files/Epic Games/4.14/Engine/Plugins/Runtime/ProceduralMeshComponent/ProceduralMeshComponent.uplugin
LogPluginManager: Loaded Plugin SoundMod, From C:/Program Files/Epic Games/4.14/Engine/Plugins/Runtime/SoundMod/SoundMod.uplugin
LogPluginManager: Loaded Plugin SoundVisualizations, From C:/Program Files/Epic Games/4.14/Engine/Plugins/Runtime/SoundVisualizations/SoundVisualizations.uplugin
LogPluginManager: Loaded Plugin SteamController, From C:/Program Files/Epic Games/4.14/Engine/Plugins/Runtime/Steam/SteamController/SteamController.uplugin
LogPluginManager: Loaded Plugin SteamVR, From C:/Program Files/Epic Games/4.14/Engine/Plugins/Runtime/Steam/SteamVR/SteamVR.uplugin
LogPluginManager: Loaded Plugin WebBrowserWidget, From C:/Program Files/Epic Games/4.14/Engine/Plugins/Runtime/WebBrowserWidget/WebBrowserWidget.uplugin
LogPluginManager: Loaded Plugin WindowsDeviceProfileSelector, From C:/Program Files/Epic Games/4.14/Engine/Plugins/Runtime/WindowsDeviceProfileSelector/WindowsDeviceProfileSelector.uplugin
LogPluginManager: Loaded Plugin WindowsMoviePlayer, From C:/Program Files/Epic Games/4.14/Engine/Plugins/Runtime/WindowsMoviePlayer/WindowsMoviePlayer.uplugin
LogPluginManager: Loaded Plugin ScriptPlugin, From C:/Program Files/Epic Games/4.14/Engine/Plugins/ScriptPlugin/ScriptPlugin.uplugin
LogPluginManager: Loaded Plugin SlateRemote, From C:/Program Files/Epic Games/4.14/Engine/Plugins/Slate/SlateRemote/SlateRemote.uplugin
LogPluginManager: Loaded Plugin EditorTests, From C:/Program Files/Epic Games/4.14/Engine/Plugins/Tests/EditorTests/EditorTests.uplugin
LogPluginManager: Loaded Plugin FbxAutomationTestBuilder, From C:/Program Files/Epic Games/4.14/Engine/Plugins/Tests/FbxAutomationTestBuilder/FbxAutomationTestBuilder.uplugin
LogPluginManager: Loaded Plugin FunctionalTestingEditor, From C:/Program Files/Epic Games/4.14/Engine/Plugins/Tests/FunctionalTestingEditor/FunctionalTestingEditor.uplugin
LogPluginManager: Loaded Plugin RuntimeTests, From C:/Program Files/Epic Games/4.14/Engine/Plugins/Tests/RuntimeTests/RuntimeTests.uplugin
LogPluginManager: Loaded Plugin ScreenshotTools, From C:/Program Files/Epic Games/4.14/Engine/Plugins/Tests/ScreenshotTools/ScreenshotTools.uplugin
LogInit: Using libcurl 7.47.1
LogInit:  - built for x86_64-pc-win32
LogInit:  - supports SSL with OpenSSL/1.0.2g
LogInit:  - supports HTTP deflate (compression) using libz 1.2.8
LogInit:  - other features:
LogInit:      CURL_VERSION_SSL
LogInit:      CURL_VERSION_LIBZ
LogInit:      CURL_VERSION_IPV6
LogInit:      CURL_VERSION_ASYNCHDNS
LogInit:      CURL_VERSION_LARGEFILE
LogInit:      CURL_VERSION_IDN
LogInit:  CurlRequestOptions (configurable via config and command line):
LogInit:  - bVerifyPeer = false  - Libcurl will NOT verify peer certificate
LogInit:  - bUseHttpProxy = false  - Libcurl will NOT use HTTP proxy
LogInit:  - bDontReuseConnections = false  - Libcurl will reuse connections
LogInit:  - CertBundlePath = nullptr  - Libcurl will use whatever was configured at build time.
LogInit: Build: ++UE4+Release-4.14-CL-3249277
LogInit: Engine Version: 4.14.3-3249277+++UE4+Release-4.14
LogInit: Compatible Engine Version: 4.14.0-3195953+++UE4+Release-4.14
LogInit: Net CL: 3195953
LogDevObjectVersion: Number of dev versions registered: 13
LogDevObjectVersion:   Dev-Blueprints (B0D832E4-1F89-4F0D-ACCF-7EB736FD4AA2): 7
LogDevObjectVersion:   Dev-Build (E1C64328-A22C-4D53-A36C-8E866417BD8C): 0
LogDevObjectVersion:   Dev-Core (375EC13C-06E4-48FB-B500-84F0262A717E): 1
LogDevObjectVersion:   Dev-Editor (E4B068ED-F494-42E9-A231-DA0B2E46BB41): 8
LogDevObjectVersion:   Dev-Framework (CFFC743F-43B0-4480-9391-14DF171D2073): 17
LogDevObjectVersion:   Dev-Mobile (B02B49B5-BB20-44E9-A304-32B752E40360): 0
LogDevObjectVersion:   Dev-Networking (A4E4105C-59A1-49B5-A7C5-40C4547EDFEE): 0
LogDevObjectVersion:   Dev-Online (39C831C9-5AE6-47DC-9A44-9C173E1C8E7C): 0
LogDevObjectVersion:   Dev-Physics (78F01B33-EBEA-4F98-B9B4-84EACCB95AA2): 0
LogDevObjectVersion:   Dev-Platform (6631380F-2D4D-43E0-8009-CF276956A95A): 0
LogDevObjectVersion:   Dev-Rendering (12F88B9F-8875-4AFC-A67C-D90C383ABD29): 12
LogDevObjectVersion:   Dev-Sequencer (7B5AE74C-D270-4C10-A958-57980B212A5A): 1
LogDevObjectVersion:   Dev-VR (D7296918-1DD6-4BDD-9DE2-64A83CC13884): 0
LogInit: Compiled (64-bit): Jan  6 2017 10:49:43
LogInit: Compiled with Visual C++: 19.00.23026.00
LogInit: Build Configuration: Development
LogInit: Branch Name: ++UE4+Release-4.14
LogInit: Command line:  
LogInit: Base directory: C:/Program Files/Epic Games/4.14/Engine/Binaries/Win64/
LogInit: Installed Engine Build: 1
LogInit: Presizing for max 8388607 objects, including 0 objects not considered by GC, pre-allocating 0 bytes for permanent pool.
LogInit: Object subsystem initialized
[2017.04.17-16.46.37:016][  0]LogInit: Selected Device Profile: [Windows]
[2017.04.17-16.46.37:016][  0]LogInit: Applying CVar settings loaded from the selected device profile: [Windows]
[2017.04.17-16.46.37:092][  0]LogInit: Computer: TOPHER_LAPTOP
[2017.04.17-16.46.37:092][  0]LogInit: User: christopher
[2017.04.17-16.46.37:092][  0]LogInit: CPU Page size=65536, Cores=4
[2017.04.17-16.46.37:092][  0]LogInit: High frequency timer resolution =2.533198 MHz
[2017.04.17-16.46.37:092][  0]LogMemory: Memory total: Physical=11.9GB (12GB approx)
[2017.04.17-16.46.37:092][  0]LogMemory: Platform Memory Stats for Windows
[2017.04.17-16.46.37:092][  0]LogMemory: Process Physical Memory: 264.28 MB used, 264.28 MB peak
[2017.04.17-16.46.37:092][  0]LogMemory: Process Virtual Memory: 262.83 MB used, 262.83 MB peak
[2017.04.17-16.46.37:092][  0]LogMemory: Physical Memory: 4470.64 MB used,  7735.17 MB free, 12205.81 MB total
[2017.04.17-16.46.37:092][  0]LogMemory: Virtual Memory: 676.63 MB used,  7735.17 MB free, 134217728.00 MB total
[2017.04.17-16.46.37:634][  0]LogTextLocalizationManager: No specific translations for ('en-US') exist, so ('en') translations will be used.
[2017.04.17-16.46.43:076][  0]LogD3D11RHI: D3D11 adapters:
[2017.04.17-16.46.44:061][  0]LogD3D11RHI:    0. 'NVIDIA GeForce GTX 960M' (Feature Level 11_0)
[2017.04.17-16.46.44:061][  0]LogD3D11RHI:       2019/0/6102 MB DedicatedVideo/DedicatedSystem/SharedSystem, Outputs:1, VendorId:0x10de
[2017.04.17-16.46.44:069][  0]LogD3D11RHI:    1. 'Intel(R) HD Graphics 4600' (Feature Level 11_0)
[2017.04.17-16.46.44:069][  0]LogD3D11RHI:       112/0/2048 MB DedicatedVideo/DedicatedSystem/SharedSystem, Outputs:0, VendorId:0x8086
[2017.04.17-16.46.44:070][  0]LogD3D11RHI:    2. 'Microsoft Basic Render Driver' (Feature Level 11_0)
[2017.04.17-16.46.44:070][  0]LogD3D11RHI:       0/0/6102 MB DedicatedVideo/DedicatedSystem/SharedSystem, Outputs:0, VendorId:0x1414
[2017.04.17-16.46.44:070][  0]LogD3D11RHI: Chosen D3D11 Adapter: 0
[2017.04.17-16.46.44:077][  0]LogD3D11RHI: Creating new Direct3DDevice
[2017.04.17-16.46.44:077][  0]LogD3D11RHI:     GPU DeviceId: 0x139b (for the marketing name, search the web for "GPU Device Id")
[2017.04.17-16.46.44:077][  0]LogWindows: EnumDisplayDevices:
[2017.04.17-16.46.44:078][  0]LogWindows:    0. 'Intel(R) HD Graphics 4600' (P:1 D:1)
[2017.04.17-16.46.44:078][  0]LogWindows:    1. 'Intel(R) HD Graphics 4600' (P:0 D:0)
[2017.04.17-16.46.44:078][  0]LogWindows:    2. 'Intel(R) HD Graphics 4600' (P:0 D:0)
[2017.04.17-16.46.44:078][  0]LogWindows: DebugString: PrimaryIsNotTheChoosenAdapter PrimaryIsNotTheChoosenAdapter PrimaryIsNotTheChoosenAdapter FoundDriverCount:0 
[2017.04.17-16.46.44:078][  0]LogD3D11RHI:     Adapter Name: NVIDIA GeForce GTX 960M
[2017.04.17-16.46.44:078][  0]LogD3D11RHI:   Driver Version: Unknown (internal:Unknown, unified:Unknown)
[2017.04.17-16.46.44:078][  0]LogD3D11RHI:      Driver Date: Unknown
[2017.04.17-16.46.44:078][  0]LogRHI: Texture pool is 1361 MB (70% of 1945 MB)
[2017.04.17-16.46.44:764][  0]LogD3D11RHI: Async texture creation enabled
[2017.04.17-16.46.44:814][  0]LogD3D11RHI: GPU Timing Frequency: 1000.000000 (Debug: 2 1)
[2017.04.17-16.46.44:814][  0]LogShaderCompilers: Guid format shader working directory is -26 characters bigger than the processId version (../../../../../../Users/christopher/Documents/Unreal Projects/GameEngine1Final/Intermediate/Shaders/WorkingDirectory/7976/).
[2017.04.17-16.46.44:814][  0]LogShaderCompilers: Cleaned the shader compiler working directory 'C:/Users/christopher/AppData/Local/Temp/UnrealShaderWorkingDir/22858DB84BF84C89782DFD8E4C94EE4A/'.
[2017.04.17-16.46.44:814][  0]LogShaderCompilers:Display: Using Local Shader Compiler.
[2017.04.17-16.46.49:622][  0]LogTemp:Display: Loaded TP AllDesktopTargetPlatform
[2017.04.17-16.46.49:690][  0]LogTemp:Display: Loaded TP MacClientTargetPlatform
[2017.04.17-16.46.49:756][  0]LogTemp:Display: Loaded TP MacNoEditorTargetPlatform
[2017.04.17-16.46.49:821][  0]LogTemp:Display: Loaded TP MacServerTargetPlatform
[2017.04.17-16.46.49:908][  0]LogTemp:Display: Loaded TP MacTargetPlatform
[2017.04.17-16.46.49:975][  0]LogTemp:Display: Loaded TP WindowsClientTargetPlatform
[2017.04.17-16.46.50:041][  0]LogTemp:Display: Loaded TP WindowsNoEditorTargetPlatform
[2017.04.17-16.46.50:108][  0]LogTemp:Display: Loaded TP WindowsServerTargetPlatform
[2017.04.17-16.46.50:162][  0]LogTemp:Display: Loaded TP WindowsTargetPlatform
[2017.04.17-16.46.50:248][  0]LogTemp:Display: Loaded TP AndroidTargetPlatform
[2017.04.17-16.46.50:313][  0]LogTemp:Display: Loaded TP Android_ASTCTargetPlatform
[2017.04.17-16.46.50:378][  0]LogTemp:Display: Loaded TP Android_ATCTargetPlatform
[2017.04.17-16.46.50:442][  0]LogTemp:Display: Loaded TP Android_DXTTargetPlatform
[2017.04.17-16.46.50:507][  0]LogTemp:Display: Loaded TP Android_ETC1TargetPlatform
[2017.04.17-16.46.50:572][  0]LogTemp:Display: Loaded TP Android_ETC2TargetPlatform
[2017.04.17-16.46.50:705][  0]LogTemp:Display: Loaded TP Android_MultiTargetPlatform
[2017.04.17-16.46.50:705][  0]LogTemp:Display: Loaded TP Android_PVRTCTargetPlatform
[2017.04.17-16.46.50:750][  0]LogTemp:Display: Loaded TP HTML5TargetPlatform
[2017.04.17-16.46.50:917][  0]LogTemp:Display: Loaded TP IOSTargetPlatform
[2017.04.17-16.46.50:959][  0]LogTemp:Display: Loaded TP TVOSTargetPlatform
[2017.04.17-16.46.51:029][  0]LogTemp:Display: Loaded TP LinuxClientTargetPlatform
[2017.04.17-16.46.51:095][  0]LogTemp:Display: Loaded TP LinuxNoEditorTargetPlatform
[2017.04.17-16.46.51:160][  0]LogTemp:Display: Loaded TP LinuxServerTargetPlatform
[2017.04.17-16.46.51:242][  0]LogTemp:Display: Loaded TP LinuxTargetPlatform
[2017.04.17-16.46.51:242][  0]LogTargetPlatformManager:Display: Building Assets For Windows
[2017.04.17-16.46.52:292][  0]LogDerivedDataCache:Display: Max Cache Size: 512 MB
[2017.04.17-16.46.52:797][  0]LogDerivedDataCache: Loaded boot cache 0.50s 50MB C:/Users/christopher/AppData/Local/UnrealEngine/4.14/DerivedDataCache/Boot.ddc.
[2017.04.17-16.46.52:797][  0]LogDerivedDataCache:Display: Loaded Boot cache: C:/Users/christopher/AppData/Local/UnrealEngine/4.14/DerivedDataCache/Boot.ddc
[2017.04.17-16.46.52:797][  0]LogDerivedDataCache: FDerivedDataBackendGraph:  Pak pak cache file ../../../../../../Users/christopher/Documents/Unreal Projects/GameEngine1Final/DerivedDataCache/DDC.ddp not found, will not use a pak cache.
[2017.04.17-16.46.52:797][  0]LogDerivedDataCache: Unable to find inner node Pak for hierarchical cache Hierarchy.
[2017.04.17-16.46.52:797][  0]LogDerivedDataCache: FDerivedDataBackendGraph:  CompressedPak pak cache file ../../../../../../Users/christopher/Documents/Unreal Projects/GameEngine1Final/DerivedDataCache/Compressed.ddp not found, will not use a pak cache.
[2017.04.17-16.46.52:797][  0]LogDerivedDataCache: Unable to find inner node CompressedPak for hierarchical cache Hierarchy.
[2017.04.17-16.46.52:839][  0]LogDerivedDataCache:Display: Pak cache opened for reading ../../../Engine/DerivedDataCache/Compressed.ddp.
[2017.04.17-16.46.52:851][  0]LogDerivedDataCache: Using Local data cache path C:/Users/christopher/AppData/Local/UnrealEngine/Common/DerivedDataCache: Writable
[2017.04.17-16.46.57:709][  0]LogInit: Selected Device Profile: [Windows]
[2017.04.17-16.46.57:712][  0]LogContentStreaming: Texture pool size is 0.00 MB
[2017.04.17-16.46.57:993][  0]LogMeshUtilities: Using QuadricMeshReduction for automatic static mesh reduction
[2017.04.17-16.46.58:047][  0]LogSimplygon: Simplygon DLL not present - disabling.
[2017.04.17-16.46.58:105][  0]LogMeshUtilities: Using SimplygonSwarm for distributed automatic mesh merging
[2017.04.17-16.46.58:105][  0]LogMeshUtilities: No automatic skeletal mesh reduction module available
[2017.04.17-16.46.58:105][  0]LogMeshUtilities: No automatic mesh merging module available
[2017.04.17-16.46.59:695][  0]LogNetVersion: GetLocalNetworkVersion: CL: 3195953, ProjectName: gameengine1final, ProjectVersion: , EngineNetworkVersion: 2, GameNetworkVersion: 0, NetworkChecksum: 979625224
[2017.04.17-16.46.59:768][  0]LogAssetRegistry: FAssetRegistry took 0.0224 seconds to start up
[2017.04.17-16.46.59:980][  0]LogPackageLocalizationCache: Processed 3 localized package path(s) for 2 prioritized culture(s) in 0.186940 seconds
[2017.04.17-16.46.59:988][  0]LogUObjectArray: 31946 objects as part of root set at end of initial load.
[2017.04.17-16.46.59:988][  0]LogUObjectAllocator: 6935840 out of 0 bytes used by permanent object pool.
[2017.04.17-16.46.59:988][  0]LogUObjectArray: CloseDisregardForGC: 0/0 objects in disregard for GC pool
[2017.04.17-16.47.00:062][  0]LogInit: WinSock: version 1.1 (2.2), MaxSocks=32767, MaxUdp=65467
[2017.04.17-16.47.01:335][  0]LogSlate: Using Freetype 2.6.0
[2017.04.17-16.47.01:365][  0]LogSlate: SlateFontCache - WITH_FREETYPE: 1, WITH_HARFBUZZ: 1
[2017.04.17-16.47.01:365][  0]LogSlate: SlateFontCache - WITH_FREETYPE: 1, WITH_HARFBUZZ: 1
[2017.04.17-16.47.20:097][  0]LogTcpMessaging: Initializing TcpMessaging bridge
[2017.04.17-16.47.20:142][  0]LogUdpMessaging: Initializing bridge on interface 0.0.0.0:0 to multicast group 230.0.0.1:6666.
[2017.04.17-16.47.20:929][  0]LogMaterial: Uniform references updated for custom material expression Custom.
[2017.04.17-16.47.21:508][  0]SourceControl: Info Source control is disabled
[2017.04.17-16.47.21:805][  0]SourceControl: Info Source control is disabled
[2017.04.17-16.47.21:863][  0]SourceControl: Info Source control is disabled
[2017.04.17-16.47.21:922][  0]SourceControl: Info Source control is disabled
[2017.04.17-16.47.23:729][  0]LogEngine: Initializing Engine...
[2017.04.17-16.47.23:729][  0]LogHMD: Failed to initialize OpenVR with code 110
[2017.04.17-16.47.24:203][  0]LogAIModule: Creating AISystem for world Untitled
[2017.04.17-16.47.24:211][  0]LogInit: XAudio2 using 'Speakers (Realtek High Definition Audio)' : 2 channels at 48 kHz using 32 bits per sample (channel mask 0x3)
[2017.04.17-16.47.24:289][  0]LogInit: FAudioDevice initialized.
[2017.04.17-16.47.24:318][  0]LogDerivedDataCache: Saved boot cache 0.03s 50MB C:/Users/christopher/AppData/Local/UnrealEngine/4.14/DerivedDataCache/Boot.ddc.
[2017.04.17-16.47.24:328][  0]LogInit: Texture streaming: Enabled
[2017.04.17-16.47.24:550][  0]LogInit: Transaction tracking system initialized
[2017.04.17-16.47.24:964][  0]BlueprintLog: New page: Editor Load
[2017.04.17-16.47.26:044][  0]LocalizationService: Info Localization service is disabled
[2017.04.17-16.47.26:918][  0]LogConsoleResponse:Display: 
[2017.04.17-16.47.27:853][  0]LogCook:Display: Max memory allowance for cook 16384mb min free memory 0mb
[2017.04.17-16.47.27:853][  0]LogCook:Display: Mobile HDR setting 1
[2017.04.17-16.47.28:829][  0]LogFileCache: Scanning file cache for directory 'C:/Users/christopher/Documents/Unreal Projects/GameEngine1Final/Content/' took 0.03s
[2017.04.17-16.47.29:367][  0]SourceControl: Info Source control is disabled
[2017.04.17-16.47.29:367][  0]Cmd: MAP LOAD FILE="../../../../../../Users/christopher/Documents/Unreal Projects/GameEngine1Final/Content/FirstPersonBP/Maps/FirstPersonExampleMap.umap" TEMPLATE=0 SHOWPROGRESS=1 FEATURELEVEL=3
[2017.04.17-16.47.29:368][  0]LightingResults: New page: Lighting Build
[2017.04.17-16.47.29:416][  0]MapCheck: New page: Map Check
[2017.04.17-16.47.29:416][  0]LightingResults: New page: Lighting Build
[2017.04.17-16.47.32:502][  0]LogAIModule: Creating AISystem for world FirstPersonExampleMap
[2017.04.17-16.47.32:716][  0]LogEditorServer: Finished looking for orphan Actors (0.000 secs)
[2017.04.17-16.47.32:717][  0]Cmd: MAP CHECKDEP NOCLEARLOG
[2017.04.17-16.47.32:775][  0]MapCheck: Info Map check complete: 0 Error(s), 0 Warning(s), took 58.5ms to complete.
[2017.04.17-16.47.32:776][  0]LogFileHelpers: Loading map 'FirstPersonExampleMap' took 3.408
[2017.04.17-16.47.32:899][  0]LogWindowsTextInputMethodSystem:Display: IME system now deactivated.
[2017.04.17-16.47.33:063][  0]LogCollectionManager: Loaded 0 collections in 0.014406 seconds
[2017.04.17-16.47.33:148][  0]LogFileCache: Scanning file cache for directory 'C:/Users/christopher/Documents/Unreal Projects/GameEngine1Final/Saved/Collections/' took 0.01s
[2017.04.17-16.47.33:148][  0]LogFileCache: Scanning file cache for directory 'C:/Users/christopher/Documents/Unreal Projects/GameEngine1Final/Content/Developers/christopher/Collections/' took 0.01s
[2017.04.17-16.47.33:148][  0]LogFileCache: Scanning file cache for directory 'C:/Users/christopher/Documents/Unreal Projects/GameEngine1Final/Content/Collections/' took 0.01s
[2017.04.17-16.47.33:148][  0]LogCollectionManager: Rebuilt the GUID cache for 0 collections in 0.000002 seconds
[2017.04.17-16.47.33:158][  0]LogContentBrowser: Native class hierarchy populated in 0.0103 seconds. Added 2190 classes and 428 folders.
[2017.04.17-16.47.33:208][  0]LogStats: UGameplayTagsManager::ConstructGameplayTagTree: Construct from data asset -  0.000 s
[2017.04.17-16.47.33:208][  0]LogStats: UGameplayTagsManager::ConstructGameplayTagTree: GameplayTagTreeChangedEvent.Broadcast -  0.000 s
[2017.04.17-16.47.33:209][  0]LogContentBrowser: Native class hierarchy updated for 'GameplayTags' in 0.0006 seconds. Added 13 classes and 0 folders.
[2017.04.17-16.47.33:302][  0]LogContentBrowser: Native class hierarchy updated for 'WidgetCarousel' in 0.0007 seconds. Added 0 classes and 0 folders.
[2017.04.17-16.47.34:390][  0]LogContentBrowser: Native class hierarchy updated for 'AddContentDialog' in 0.0007 seconds. Added 0 classes and 0 folders.
[2017.04.17-16.47.34:441][  0]LogContentBrowser: Native class hierarchy updated for 'SceneOutliner' in 0.0006 seconds. Added 1 classes and 2 folders.
[2017.04.17-16.47.34:571][  0]LogCrashTracker: Crashtracker disabled due to settings.
[2017.04.17-16.47.34:577][  0]LogUObjectGlobals:Warning: Failed to find object 'Class None.'
[2017.04.17-16.47.34:654][  0]LogContentBrowser: Native class hierarchy updated for 'HierarchicalLODOutliner' in 0.0009 seconds. Added 1 classes and 2 folders.
[2017.04.17-16.47.34:655][  0]LogLoad: (Engine Initialization) Total time: 62.28 seconds
[2017.04.17-16.47.34:655][  0]LogLoad: (Engine Initialization) Total Blueprint compile time: 0.26 seconds
[2017.04.17-16.47.34:655][  0]LogExternalProfiler: Found external profiler: VSPerf
[2017.04.17-16.47.34:655][  0]LogExternalProfiler: Using external profiler: VSPerf
[2017.04.17-16.47.34:673][  0]LogOcInput: OculusInput pre-init called
[2017.04.17-16.47.34:694][  0]LogContentStreaming: Texture pool size now 1000 MB
[2017.04.17-16.47.35:021][  0]LogRenderer: Reallocating scene render targets to support 1132x596 NumSamples 1 (Frame:2).
[2017.04.17-16.47.35:107][  1]LogAssetRegistry: Asset discovery search completed in 35.3610 seconds
[2017.04.17-16.47.35:107][  1]LogCollectionManager: Rebuilt the object cache for 0 collections in 0.000000 seconds (found 0 objects)
[2017.04.17-16.47.35:107][  1]LogCollectionManager: Fixed up redirectors for 0 collections in 0.000016 seconds (updated 0 objects)
[2017.04.17-16.47.39:727][125]LogTemp: Repeting last play command: Selected Viewport
[2017.04.17-16.47.39:746][125]LogBlueprintUserMessages: Early PlayInEditor Detection: Level '/Game/FirstPersonBP/Maps/FirstPersonExampleMap.FirstPersonExampleMap:PersistentLevel' has LevelScriptBlueprint '/Game/FirstPersonBP/Maps/FirstPersonExampleMap.FirstPersonExampleMap:PersistentLevel.FirstPersonExampleMap' with GeneratedClass '/Game/FirstPersonBP/Maps/FirstPersonExampleMap.FirstPersonExampleMap_C' with ClassGeneratedBy '/Game/FirstPersonBP/Maps/FirstPersonExampleMap.FirstPersonExampleMap:PersistentLevel.FirstPersonExampleMap'
[2017.04.17-16.47.39:746][125]LogPlayLevel: PlayLevel: No blueprints needed recompiling
[2017.04.17-16.47.39:747][125]PIE: New page: PIE session: FirstPersonExampleMap (Apr 17, 2017, 8:47:39 AM)
[2017.04.17-16.47.39:747][125]LogPlayLevel: Creating play world package: /Game/FirstPersonBP/Maps/UEDPIE_1_FirstPersonExampleMap
[2017.04.17-16.47.39:752][125]LogPlayLevel: PIE: StaticDuplicateObject took: (0.004633s)
[2017.04.17-16.47.39:753][125]LogAIModule: Creating AISystem for world FirstPersonExampleMap
[2017.04.17-16.47.39:753][125]LogPlayLevel: PIE: World Init took: (0.000659s)
[2017.04.17-16.47.39:753][125]LogPlayLevel: PIE: Created PIE world by copying editor world from /Game/FirstPersonBP/Maps/FirstPersonExampleMap.FirstPersonExampleMap to /Game/FirstPersonBP/Maps/UEDPIE_1_FirstPersonExampleMap.FirstPersonExampleMap (0.005525s)
[2017.04.17-16.47.39:783][125]LogInit: XAudio2 using 'Speakers (Realtek High Definition Audio)' : 2 channels at 48 kHz using 32 bits per sample (channel mask 0x3)
[2017.04.17-16.47.39:814][125]LogInit: FAudioDevice initialized.
[2017.04.17-16.47.39:879][125]LogLoad: Game class is 'FirstPersonGameMode_C'
[2017.04.17-16.47.39:883][125]LogWorld: Bringing World /Game/FirstPersonBP/Maps/UEDPIE_1_FirstPersonExampleMap.FirstPersonExampleMap up for play (max tick rate 60) at 2017.04.17-12.47.39
[2017.04.17-16.47.39:883][125]LogWorld: Bringing up level for play took: 0.002023
[2017.04.17-16.47.39:932][125]LogContentBrowser: Native class hierarchy updated for 'MovieSceneCapture' in 0.0006 seconds. Added 11 classes and 0 folders.
[2017.04.17-16.47.39:933][125]LogInit: WinSock: Socket queue 131072 / 131072
[2017.04.17-16.47.39:935][125]LogInit: WinSock: I am Topher_Laptop (10.111.44.249:0)
[2017.04.17-16.47.39:936][125]PacketHandlerLog: Loaded PacketHandler component: Engine.EngineHandlerComponentFactory (StatelessConnectHandlerComponent)
[2017.04.17-16.47.39:947][125]LogNet: GameNetDriver IpNetDriver_0 IpNetDriver listening on port 7777
[2017.04.17-16.47.39:947][125]PIE: Info Play in editor start time for /Game/FirstPersonBP/Maps/UEDPIE_1_FirstPersonExampleMap -0.033
[2017.04.17-16.47.39:949][125]PIE: New page: PIE session: FirstPersonExampleMap (Apr 17, 2017, 8:47:39 AM)
[2017.04.17-16.47.39:995][125]LogNet: Browse: 127.0.0.1//Game/FirstPersonBP/Maps/FirstPersonExampleMap
[2017.04.17-16.47.39:995][125]LogInit: WinSock: Socket queue 32768 / 32768
[2017.04.17-16.47.39:995][125]PacketHandlerLog: Loaded PacketHandler component: Engine.EngineHandlerComponentFactory (StatelessConnectHandlerComponent)
[2017.04.17-16.47.39:996][125]LogNet: Game client on port 7777, rate 10000
[2017.04.17-16.47.39:996][125]LogNetVersion: GetLocalNetworkVersion: CL: 3195953, ProjectName: gameengine1final, ProjectVersion: 1.0.0.0, EngineNetworkVersion: 2, GameNetworkVersion: 0, NetworkChecksum: 3377734756
[2017.04.17-16.47.39:996][125]LogNet: UPendingNetGame::InitNetDriver: Sending hello. [UNetConnection] RemoteAddr: 127.0.0.1:7777, Name: IpConnection_0, Driver: PendingNetDriver IpNetDriver_1, IsServer: NO, PC: NULL, Owner: NULL
[2017.04.17-16.47.39:999][125]PIE: Info Play in editor start time for /Game/FirstPersonBP/Maps/FirstPersonExampleMap 0.019
[2017.04.17-16.47.40:007][125]LogBlueprintUserMessages: Late PlayInEditor Detection: Level '/Game/FirstPersonBP/Maps/FirstPersonExampleMap.FirstPersonExampleMap:PersistentLevel' has LevelScriptBlueprint '/Game/FirstPersonBP/Maps/FirstPersonExampleMap.FirstPersonExampleMap:PersistentLevel.FirstPersonExampleMap' with GeneratedClass '/Game/FirstPersonBP/Maps/FirstPersonExampleMap.FirstPersonExampleMap_C' with ClassGeneratedBy '/Game/FirstPersonBP/Maps/FirstPersonExampleMap.FirstPersonExampleMap:PersistentLevel.FirstPersonExampleMap'
[2017.04.17-16.47.40:007][125]LogHandshake: SendConnectChallenge. Timestamp: 0.050155, Cookie: 218228001073210009242153015010080177012059164015042249187050
[2017.04.17-16.47.40:044][125]LogHandshake: SendChallengeResponse. Timestamp: 0.050155, Cookie: 218228001073210009242153015010080177012059164015042249187050
[2017.04.17-16.47.40:102][126]LogNet: Server accepting post-challenge connection from: 127.0.0.1:50511
[2017.04.17-16.47.40:102][126]PacketHandlerLog: Loaded PacketHandler component: Engine.EngineHandlerComponentFactory (StatelessConnectHandlerComponent)
[2017.04.17-16.47.40:102][126]LogNet: NotifyAcceptedConnection: Name: FirstPersonExampleMap, TimeStamp: 04/17/17 12:47:40, [UNetConnection] RemoteAddr: 127.0.0.1:50511, Name: IpConnection_1, Driver: GameNetDriver IpNetDriver_0, IsServer: YES, PC: NULL, Owner: NULL
[2017.04.17-16.47.40:102][126]LogNet: AddClientConnection: Added client connection: [UNetConnection] RemoteAddr: 127.0.0.1:50511, Name: IpConnection_1, Driver: GameNetDriver IpNetDriver_0, IsServer: YES, PC: NULL, Owner: NULL
[2017.04.17-16.47.40:160][128]LogNet: NotifyAcceptingChannel Control 0 server World /Game/FirstPersonBP/Maps/UEDPIE_1_FirstPersonExampleMap.FirstPersonExampleMap: Accepted
[2017.04.17-16.47.40:160][128]LogNet: Remote platform little endian=1
[2017.04.17-16.47.40:160][128]LogNet: This platform little endian=1
[2017.04.17-16.47.40:210][129]LogNet: Login request: /Game/FirstPersonBP/Maps/FirstPersonExampleMap userId: Invalid
[2017.04.17-16.47.40:211][129]LogNet: Welcomed by server (Level: /Game/FirstPersonBP/Maps/UEDPIE_1_FirstPersonExampleMap, Game: /Game/FirstPersonBP/Blueprints/FirstPersonGameMode.FirstPersonGameMode_C)
[2017.04.17-16.47.40:211][129]LogLoad: LoadMap: 127.0.0.1//Game/FirstPersonBP/Maps/UEDPIE_1_FirstPersonExampleMap?game=/Game/FirstPersonBP/Blueprints/FirstPersonGameMode.FirstPersonGameMode_C
[2017.04.17-16.47.40:269][129]Cmd: MEM
[2017.04.17-16.47.40:324][129]LogMemory: Platform Memory Stats for Windows
[2017.04.17-16.47.40:324][129]LogMemory: Process Physical Memory: 1117.76 MB used, 1149.66 MB peak
[2017.04.17-16.47.40:324][129]LogMemory: Process Virtual Memory: 1795.39 MB used, 1802.77 MB peak
[2017.04.17-16.47.40:324][129]LogMemory: Physical Memory: 5423.35 MB used,  6782.46 MB free, 12205.81 MB total
[2017.04.17-16.47.40:324][129]LogMemory: Virtual Memory: 2602.71 MB used,  6782.46 MB free, 134217728.00 MB total
[2017.04.17-16.47.40:324][129]LogMemory: 
[2017.04.17-16.47.40:324][129]Allocator Stats for TBB: (not implemented)
[2017.04.17-16.47.40:329][129]LogAIModule: Creating AISystem for world FirstPersonExampleMap
[2017.04.17-16.47.40:333][129]LogWorld: Bringing World /Game/FirstPersonBP/Maps/UEDPIE_2_FirstPersonExampleMap.FirstPersonExampleMap up for play (max tick rate 60) at 2017.04.17-12.47.40
[2017.04.17-16.47.40:333][129]LogWorld: Bringing up level for play took: 0.002089
[2017.04.17-16.47.40:333][129]LogLoad: Took 0.122309 seconds to LoadMap(/Game/FirstPersonBP/Maps/UEDPIE_1_FirstPersonExampleMap)
[2017.04.17-16.47.40:355][130]LogRenderer: Reallocating scene render targets to support 1280x720 NumSamples 1 (Frame:106).
[2017.04.17-16.47.40:355][130]LogNet: Client netspeed is 10000
[2017.04.17-16.47.40:355][130]LogNet: Join request: /Game/FirstPersonBP/Maps/FirstPersonExampleMap?SplitscreenCount=1
[2017.04.17-16.47.40:375][130]LogNet: Join succeeded: 257
[2017.04.17-16.48.05:323][796]LogBlueprintUserMessages: Early EndPlayMap Detection: Level '/Game/FirstPersonBP/Maps/FirstPersonExampleMap.FirstPersonExampleMap:PersistentLevel' has LevelScriptBlueprint '/Game/FirstPersonBP/Maps/FirstPersonExampleMap.FirstPersonExampleMap:PersistentLevel.FirstPersonExampleMap' with GeneratedClass '/Game/FirstPersonBP/Maps/FirstPersonExampleMap.FirstPersonExampleMap_C' with ClassGeneratedBy '/Game/FirstPersonBP/Maps/FirstPersonExampleMap.FirstPersonExampleMap:PersistentLevel.FirstPersonExampleMap'
[2017.04.17-16.48.05:429][796]LogBlueprintUserMessages: Late EndPlayMap Detection: Level '/Game/FirstPersonBP/Maps/FirstPersonExampleMap.FirstPersonExampleMap:PersistentLevel' has LevelScriptBlueprint '/Game/FirstPersonBP/Maps/FirstPersonExampleMap.FirstPersonExampleMap:PersistentLevel.FirstPersonExampleMap' with GeneratedClass '/Game/FirstPersonBP/Maps/FirstPersonExampleMap.FirstPersonExampleMap_C' with ClassGeneratedBy '/Game/FirstPersonBP/Maps/FirstPersonExampleMap.FirstPersonExampleMap:PersistentLevel.FirstPersonExampleMap'
[2017.04.17-16.48.05:441][796]LogNet: UChannel::CleanUp: ChIndex == 0. Closing connection. [UChannel] ChIndex: 0, Closing: 0 [UNetConnection] RemoteAddr: 127.0.0.1:50511, Name: IpConnection_1, Driver: GameNetDriver IpNetDriver_0, IsServer: YES, PC: None, Owner: None
[2017.04.17-16.48.05:441][796]LogNet: UNetConnection::Close: [UNetConnection] RemoteAddr: 127.0.0.1:50511, Name: IpConnection_1, Driver: GameNetDriver IpNetDriver_0, IsServer: YES, PC: None, Owner: None, Channels: 2, Time: 2017.04.17-16.48.05
[2017.04.17-16.48.05:441][796]LogNet: UChannel::Close: Sending CloseBunch. ChIndex == 0. Name: [UChannel] ChIndex: 0, Closing: 0 [UNetConnection] RemoteAddr: 127.0.0.1:50511, Name: IpConnection_1, Driver: GameNetDriver IpNetDriver_0, IsServer: YES, PC: None, Owner: None
[2017.04.17-16.48.05:441][796]LogNet: UChannel::CleanUp: ChIndex == 0. Closing connection. [UChannel] ChIndex: 0, Closing: 0 [UNetConnection] RemoteAddr: 127.0.0.1:7777, Name: IpConnection_0, Driver: GameNetDriver IpNetDriver_1, IsServer: NO, PC: None, Owner: None
[2017.04.17-16.48.05:441][796]LogNet: UNetConnection::Close: [UNetConnection] RemoteAddr: 127.0.0.1:7777, Name: IpConnection_0, Driver: GameNetDriver IpNetDriver_1, IsServer: NO, PC: None, Owner: None, Channels: 2, Time: 2017.04.17-16.48.05
[2017.04.17-16.48.05:441][796]LogNet: UChannel::Close: Sending CloseBunch. ChIndex == 0. Name: [UChannel] ChIndex: 0, Closing: 0 [UNetConnection] RemoteAddr: 127.0.0.1:7777, Name: IpConnection_0, Driver: GameNetDriver IpNetDriver_1, IsServer: NO, PC: None, Owner: None
[2017.04.17-16.48.05:445][796]LogExit: GameNetDriver None shut down
[2017.04.17-16.48.05:445][796]LogExit: GameNetDriver None shut down
[2017.04.17-16.48.15:006][ 31]LogContentBrowser: Native class hierarchy updated for 'BlueprintGraph' in 0.0010 seconds. Added 111 classes and 0 folders.
[2017.04.17-16.56.00:852][681]LogEditorViewport: Clicking on Actor (LMB): StaticMeshActor (Floor)
[2017.04.17-16.56.01:183][686]LogEditorViewport: Clicking on Component (LMB): StaticMeshComponent (StaticMeshComponent0)
[2017.04.17-16.56.11:198][953]LogTemp: Repeting last play command: Selected Viewport
[2017.04.17-16.56.11:224][953]LogBlueprintUserMessages: Early PlayInEditor Detection: Level '/Game/FirstPersonBP/Maps/FirstPersonExampleMap.FirstPersonExampleMap:PersistentLevel' has LevelScriptBlueprint '/Game/FirstPersonBP/Maps/FirstPersonExampleMap.FirstPersonExampleMap:PersistentLevel.FirstPersonExampleMap' with GeneratedClass '/Game/FirstPersonBP/Maps/FirstPersonExampleMap.FirstPersonExampleMap_C' with ClassGeneratedBy '/Game/FirstPersonBP/Maps/FirstPersonExampleMap.FirstPersonExampleMap:PersistentLevel.FirstPersonExampleMap'
[2017.04.17-16.56.11:225][953]LogPlayLevel: PlayLevel: No blueprints needed recompiling
[2017.04.17-16.56.11:226][953]PIE: New page: PIE session: FirstPersonExampleMap (Apr 17, 2017, 8:56:11 AM)
[2017.04.17-16.56.11:226][953]LogPlayLevel: Creating play world package: /Game/FirstPersonBP/Maps/UEDPIE_1_FirstPersonExampleMap
[2017.04.17-16.56.11:232][953]LogPlayLevel: PIE: StaticDuplicateObject took: (0.005684s)
[2017.04.17-16.56.11:233][953]LogAIModule: Creating AISystem for world FirstPersonExampleMap
[2017.04.17-16.56.11:233][953]LogPlayLevel: PIE: World Init took: (0.000861s)
[2017.04.17-16.56.11:233][953]LogPlayLevel: PIE: Created PIE world by copying editor world from /Game/FirstPersonBP/Maps/FirstPersonExampleMap.FirstPersonExampleMap to /Game/FirstPersonBP/Maps/UEDPIE_1_FirstPersonExampleMap.FirstPersonExampleMap (0.006823s)
[2017.04.17-16.56.11:273][953]LogInit: XAudio2 using 'Speakers (Realtek High Definition Audio)' : 2 channels at 48 kHz using 32 bits per sample (channel mask 0x3)
[2017.04.17-16.56.11:304][953]LogInit: FAudioDevice initialized.
[2017.04.17-16.56.11:333][953]LogLoad: Game class is 'FirstPersonGameMode_C'
[2017.04.17-16.56.11:336][953]LogWorld: Bringing World /Game/FirstPersonBP/Maps/UEDPIE_1_FirstPersonExampleMap.FirstPersonExampleMap up for play (max tick rate 0) at 2017.04.17-12.56.11
[2017.04.17-16.56.11:337][953]LogWorld: Bringing up level for play took: 0.002245
[2017.04.17-16.56.11:338][953]LogInit: WinSock: Socket queue 131072 / 131072
[2017.04.17-16.56.11:338][953]PacketHandlerLog: Loaded PacketHandler component: Engine.EngineHandlerComponentFactory (StatelessConnectHandlerComponent)
[2017.04.17-16.56.11:338][953]LogNet: GameNetDriver IpNetDriver_2 IpNetDriver listening on port 7777
[2017.04.17-16.56.11:339][953]PIE: Info Play in editor start time for /Game/FirstPersonBP/Maps/UEDPIE_1_FirstPersonExampleMap -0.642
[2017.04.17-16.56.11:340][953]PIE: New page: PIE session: FirstPersonExampleMap (Apr 17, 2017, 8:56:11 AM)
[2017.04.17-16.56.11:386][953]LogNet: Browse: 127.0.0.1//Game/FirstPersonBP/Maps/FirstPersonExampleMap
[2017.04.17-16.56.11:386][953]LogInit: WinSock: Socket queue 32768 / 32768
[2017.04.17-16.56.11:386][953]PacketHandlerLog: Loaded PacketHandler component: Engine.EngineHandlerComponentFactory (StatelessConnectHandlerComponent)
[2017.04.17-16.56.11:386][953]LogNet: Game client on port 7777, rate 10000
[2017.04.17-16.56.11:387][953]LogNet: UPendingNetGame::InitNetDriver: Sending hello. [UNetConnection] RemoteAddr: 127.0.0.1:7777, Name: IpConnection_2, Driver: PendingNetDriver IpNetDriver_3, IsServer: NO, PC: NULL, Owner: NULL
[2017.04.17-16.56.11:391][953]PIE: Info Play in editor start time for /Game/FirstPersonBP/Maps/FirstPersonExampleMap -0.589
[2017.04.17-16.56.11:400][953]LogBlueprintUserMessages: Late PlayInEditor Detection: Level '/Game/FirstPersonBP/Maps/FirstPersonExampleMap.FirstPersonExampleMap:PersistentLevel' has LevelScriptBlueprint '/Game/FirstPersonBP/Maps/FirstPersonExampleMap.FirstPersonExampleMap:PersistentLevel.FirstPersonExampleMap' with GeneratedClass '/Game/FirstPersonBP/Maps/FirstPersonExampleMap.FirstPersonExampleMap_C' with ClassGeneratedBy '/Game/FirstPersonBP/Maps/FirstPersonExampleMap.FirstPersonExampleMap:PersistentLevel.FirstPersonExampleMap'
[2017.04.17-16.56.11:400][953]LogHandshake: SendConnectChallenge. Timestamp: 0.066548, Cookie: 234046043250137158100024136117224093041056205239119251020111
[2017.04.17-16.56.11:402][953]LogHandshake: SendChallengeResponse. Timestamp: 0.066548, Cookie: 234046043250137158100024136117224093041056205239119251020111
[2017.04.17-16.56.11:445][954]LogNet: Server accepting post-challenge connection from: 127.0.0.1:50124
[2017.04.17-16.56.11:445][954]PacketHandlerLog: Loaded PacketHandler component: Engine.EngineHandlerComponentFactory (StatelessConnectHandlerComponent)
[2017.04.17-16.56.11:445][954]LogNet: NotifyAcceptedConnection: Name: FirstPersonExampleMap, TimeStamp: 04/17/17 12:56:11, [UNetConnection] RemoteAddr: 127.0.0.1:50124, Name: IpConnection_3, Driver: GameNetDriver IpNetDriver_2, IsServer: YES, PC: NULL, Owner: NULL
[2017.04.17-16.56.11:446][954]LogNet: AddClientConnection: Added client connection: [UNetConnection] RemoteAddr: 127.0.0.1:50124, Name: IpConnection_3, Driver: GameNetDriver IpNetDriver_2, IsServer: YES, PC: NULL, Owner: NULL
[2017.04.17-16.56.11:483][956]LogNet: NotifyAcceptingChannel Control 0 server World /Game/FirstPersonBP/Maps/UEDPIE_1_FirstPersonExampleMap.FirstPersonExampleMap: Accepted
[2017.04.17-16.56.11:483][956]LogNet: Remote platform little endian=1
[2017.04.17-16.56.11:483][956]LogNet: This platform little endian=1
[2017.04.17-16.56.11:582][957]LogNet: Login request: /Game/FirstPersonBP/Maps/FirstPersonExampleMap userId: Invalid
[2017.04.17-16.56.11:583][957]LogNet: Welcomed by server (Level: /Game/FirstPersonBP/Maps/UEDPIE_1_FirstPersonExampleMap, Game: /Game/FirstPersonBP/Blueprints/FirstPersonGameMode.FirstPersonGameMode_C)
[2017.04.17-16.56.11:583][957]LogLoad: LoadMap: 127.0.0.1//Game/FirstPersonBP/Maps/UEDPIE_1_FirstPersonExampleMap?game=/Game/FirstPersonBP/Blueprints/FirstPersonGameMode.FirstPersonGameMode_C
[2017.04.17-16.56.11:665][957]Cmd: MEM
[2017.04.17-16.56.11:682][957]LogMemory: Platform Memory Stats for Windows
[2017.04.17-16.56.11:682][957]LogMemory: Process Physical Memory: 1356.25 MB used, 1381.06 MB peak
[2017.04.17-16.56.11:682][957]LogMemory: Process Virtual Memory: 2119.87 MB used, 2119.87 MB peak
[2017.04.17-16.56.11:682][957]LogMemory: Physical Memory: 5439.96 MB used,  6765.84 MB free, 12205.81 MB total
[2017.04.17-16.56.11:682][957]LogMemory: Virtual Memory: 2982.93 MB used,  6765.84 MB free, 134217728.00 MB total
[2017.04.17-16.56.11:682][957]LogMemory: 
[2017.04.17-16.56.11:682][957]Allocator Stats for TBB: (not implemented)
[2017.04.17-16.56.11:687][957]LogAIModule: Creating AISystem for world FirstPersonExampleMap
[2017.04.17-16.56.11:690][957]LogWorld: Bringing World /Game/FirstPersonBP/Maps/UEDPIE_2_FirstPersonExampleMap.FirstPersonExampleMap up for play (max tick rate 0) at 2017.04.17-12.56.11
[2017.04.17-16.56.11:690][957]LogWorld: Bringing up level for play took: 0.001932
[2017.04.17-16.56.11:690][957]LogLoad: Took 0.106958 seconds to LoadMap(/Game/FirstPersonBP/Maps/UEDPIE_1_FirstPersonExampleMap)
[2017.04.17-16.56.11:708][958]LogNet: Client netspeed is 10000
[2017.04.17-16.56.11:708][958]LogNet: Join request: /Game/FirstPersonBP/Maps/FirstPersonExampleMap?SplitscreenCount=1
[2017.04.17-16.56.11:711][958]LogNet: Join succeeded: 259
[2017.04.17-16.56.24:363][113]LogBlueprintUserMessages: Early EndPlayMap Detection: Level '/Game/FirstPersonBP/Maps/FirstPersonExampleMap.FirstPersonExampleMap:PersistentLevel' has LevelScriptBlueprint '/Game/FirstPersonBP/Maps/FirstPersonExampleMap.FirstPersonExampleMap:PersistentLevel.FirstPersonExampleMap' with GeneratedClass '/Game/FirstPersonBP/Maps/FirstPersonExampleMap.FirstPersonExampleMap_C' with ClassGeneratedBy '/Game/FirstPersonBP/Maps/FirstPersonExampleMap.FirstPersonExampleMap:PersistentLevel.FirstPersonExampleMap'
[2017.04.17-16.56.24:559][113]LogBlueprintUserMessages: Late EndPlayMap Detection: Level '/Game/FirstPersonBP/Maps/FirstPersonExampleMap.FirstPersonExampleMap:PersistentLevel' has LevelScriptBlueprint '/Game/FirstPersonBP/Maps/FirstPersonExampleMap.FirstPersonExampleMap:PersistentLevel.FirstPersonExampleMap' with GeneratedClass '/Game/FirstPersonBP/Maps/FirstPersonExampleMap.FirstPersonExampleMap_C' with ClassGeneratedBy '/Game/FirstPersonBP/Maps/FirstPersonExampleMap.FirstPersonExampleMap:PersistentLevel.FirstPersonExampleMap'
[2017.04.17-16.56.24:573][113]LogNet: UChannel::CleanUp: ChIndex == 0. Closing connection. [UChannel] ChIndex: 0, Closing: 0 [UNetConnection] RemoteAddr: 127.0.0.1:50124, Name: IpConnection_3, Driver: GameNetDriver IpNetDriver_2, IsServer: YES, PC: None, Owner: None
[2017.04.17-16.56.24:573][113]LogNet: UNetConnection::Close: [UNetConnection] RemoteAddr: 127.0.0.1:50124, Name: IpConnection_3, Driver: GameNetDriver IpNetDriver_2, IsServer: YES, PC: None, Owner: None, Channels: 2, Time: 2017.04.17-16.56.24
[2017.04.17-16.56.24:573][113]LogNet: UChannel::Close: Sending CloseBunch. ChIndex == 0. Name: [UChannel] ChIndex: 0, Closing: 0 [UNetConnection] RemoteAddr: 127.0.0.1:50124, Name: IpConnection_3, Driver: GameNetDriver IpNetDriver_2, IsServer: YES, PC: None, Owner: None
[2017.04.17-16.56.24:573][113]LogNet: UChannel::CleanUp: ChIndex == 0. Closing connection. [UChannel] ChIndex: 0, Closing: 0 [UNetConnection] RemoteAddr: 127.0.0.1:7777, Name: IpConnection_2, Driver: GameNetDriver IpNetDriver_3, IsServer: NO, PC: None, Owner: None
[2017.04.17-16.56.24:573][113]LogNet: UNetConnection::Close: [UNetConnection] RemoteAddr: 127.0.0.1:7777, Name: IpConnection_2, Driver: GameNetDriver IpNetDriver_3, IsServer: NO, PC: None, Owner: None, Channels: 2, Time: 2017.04.17-16.56.24
[2017.04.17-16.56.24:573][113]LogNet: UChannel::Close: Sending CloseBunch. ChIndex == 0. Name: [UChannel] ChIndex: 0, Closing: 0 [UNetConnection] RemoteAddr: 127.0.0.1:7777, Name: IpConnection_2, Driver: GameNetDriver IpNetDriver_3, IsServer: NO, PC: None, Owner: None
[2017.04.17-16.56.24:578][113]LogExit: GameNetDriver None shut down
[2017.04.17-16.56.24:578][113]LogExit: GameNetDriver None shut down
[2017.04.17-16.56.48:338][716]LogAIModule: Creating AISystem for world Level1
[2017.04.17-16.56.48:405][716]Cmd: MAP LOAD FILE="../../../../../../Users/christopher/Documents/Unreal Projects/GameEngine1Final/Content/CustomContent/Level1.umap" TEMPLATE=0 SHOWPROGRESS=1 FEATURELEVEL=3
[2017.04.17-16.56.48:405][716]LightingResults: New page: Lighting Build
[2017.04.17-16.56.48:406][716]LoadErrors: New page: Loading map: Level1.umap
[2017.04.17-16.56.48:407][716]MapCheck: New page: Map Check
[2017.04.17-16.56.48:407][716]LightingResults: New page: Lighting Build
[2017.04.17-16.56.48:520][716]LogEditorServer: Finished looking for orphan Actors (0.000 secs)
[2017.04.17-16.56.48:554][716]Cmd: MAP CHECKDEP NOCLEARLOG
[2017.04.17-16.56.48:620][716]MapCheck: Info Map check complete: 0 Error(s), 0 Warning(s), took 66.67ms to complete.
[2017.04.17-16.56.48:620][716]LogFileHelpers: Loading map 'Level1' took 0.216
[2017.04.17-16.57.49:638][152]LogTemp: Repeting last play command: Selected Viewport
[2017.04.17-16.57.49:661][152]LogBlueprintUserMessages: Early PlayInEditor Detection: Level '/Game/CustomContent/Level1.Level1:PersistentLevel' has LevelScriptBlueprint '/Game/CustomContent/Level1.Level1:PersistentLevel.Level1' with GeneratedClass '/Game/CustomContent/Level1.Level1_C' with ClassGeneratedBy '/Game/CustomContent/Level1.Level1:PersistentLevel.Level1'
[2017.04.17-16.57.49:662][152]LogPlayLevel: PlayLevel: No blueprints needed recompiling
[2017.04.17-16.57.49:663][152]PIE: New page: PIE session: Level1 (Apr 17, 2017, 8:57:49 AM)
[2017.04.17-16.57.49:663][152]LogPlayLevel: Creating play world package: /Game/CustomContent/UEDPIE_1_Level1
[2017.04.17-16.57.49:666][152]LogPlayLevel: PIE: StaticDuplicateObject took: (0.002749s)
[2017.04.17-16.57.49:666][152]LogAIModule: Creating AISystem for world Level1
[2017.04.17-16.57.49:667][152]LogPlayLevel: PIE: World Init took: (0.000698s)
[2017.04.17-16.57.49:667][152]LogPlayLevel: PIE: Created PIE world by copying editor world from /Game/CustomContent/Level1.Level1 to /Game/CustomContent/UEDPIE_1_Level1.Level1 (0.003687s)
[2017.04.17-16.57.49:707][152]LogInit: XAudio2 using 'Speakers (Realtek High Definition Audio)' : 2 channels at 48 kHz using 32 bits per sample (channel mask 0x3)
[2017.04.17-16.57.49:737][152]LogInit: FAudioDevice initialized.
[2017.04.17-16.57.49:769][152]LogLoad: Game class is 'FirstPersonGameMode_C'
[2017.04.17-16.57.49:772][152]LogWorld: Bringing World /Game/CustomContent/UEDPIE_1_Level1.Level1 up for play (max tick rate 0) at 2017.04.17-12.57.49
[2017.04.17-16.57.49:773][152]LogWorld: Bringing up level for play took: 0.002037
[2017.04.17-16.57.49:773][152]LogInit: WinSock: Socket queue 131072 / 131072
[2017.04.17-16.57.49:774][152]PacketHandlerLog: Loaded PacketHandler component: Engine.EngineHandlerComponentFactory (StatelessConnectHandlerComponent)
[2017.04.17-16.57.49:774][152]LogNet: GameNetDriver IpNetDriver_4 IpNetDriver listening on port 7777
[2017.04.17-16.57.49:774][152]PIE: Info Play in editor start time for /Game/CustomContent/UEDPIE_1_Level1 -0.206
[2017.04.17-16.57.49:776][152]PIE: New page: PIE session: Level1 (Apr 17, 2017, 8:57:49 AM)
[2017.04.17-16.57.49:821][152]LogNet: Browse: 127.0.0.1//Game/FirstPersonBP/Maps/FirstPersonExampleMap
[2017.04.17-16.57.49:821][152]LogInit: WinSock: Socket queue 32768 / 32768
[2017.04.17-16.57.49:822][152]PacketHandlerLog: Loaded PacketHandler component: Engine.EngineHandlerComponentFactory (StatelessConnectHandlerComponent)
[2017.04.17-16.57.49:822][152]LogNet: Game client on port 7777, rate 10000
[2017.04.17-16.57.49:822][152]LogNet: UPendingNetGame::InitNetDriver: Sending hello. [UNetConnection] RemoteAddr: 127.0.0.1:7777, Name: IpConnection_4, Driver: PendingNetDriver IpNetDriver_5, IsServer: NO, PC: NULL, Owner: NULL
[2017.04.17-16.57.49:826][152]PIE: Info Play in editor start time for /Game/FirstPersonBP/Maps/FirstPersonExampleMap -0.154
[2017.04.17-16.57.49:832][152]LogBlueprintUserMessages: Late PlayInEditor Detection: Level '/Game/CustomContent/Level1.Level1:PersistentLevel' has LevelScriptBlueprint '/Game/CustomContent/Level1.Level1:PersistentLevel.Level1' with GeneratedClass '/Game/CustomContent/Level1.Level1_C' with ClassGeneratedBy '/Game/CustomContent/Level1.Level1:PersistentLevel.Level1'
[2017.04.17-16.57.49:832][152]LogHandshake: SendConnectChallenge. Timestamp: 0.066617, Cookie: 016255248064187040155052109031255071213205055044122240182011
[2017.04.17-16.57.49:834][152]LogHandshake: SendChallengeResponse. Timestamp: 0.066617, Cookie: 016255248064187040155052109031255071213205055044122240182011
[2017.04.17-16.57.49:871][153]LogNet: Server accepting post-challenge connection from: 127.0.0.1:59393
[2017.04.17-16.57.49:871][153]PacketHandlerLog: Loaded PacketHandler component: Engine.EngineHandlerComponentFactory (StatelessConnectHandlerComponent)
[2017.04.17-16.57.49:871][153]LogNet: NotifyAcceptedConnection: Name: Level1, TimeStamp: 04/17/17 12:57:49, [UNetConnection] RemoteAddr: 127.0.0.1:59393, Name: IpConnection_5, Driver: GameNetDriver IpNetDriver_4, IsServer: YES, PC: NULL, Owner: NULL
[2017.04.17-16.57.49:871][153]LogNet: AddClientConnection: Added client connection: [UNetConnection] RemoteAddr: 127.0.0.1:59393, Name: IpConnection_5, Driver: GameNetDriver IpNetDriver_4, IsServer: YES, PC: NULL, Owner: NULL
[2017.04.17-16.57.49:921][155]LogNet: NotifyAcceptingChannel Control 0 server World /Game/CustomContent/UEDPIE_1_Level1.Level1: Accepted
[2017.04.17-16.57.49:921][155]LogNet: Remote platform little endian=1
[2017.04.17-16.57.49:921][155]LogNet: This platform little endian=1
[2017.04.17-16.57.50:021][156]LogNet: Login request: /Game/FirstPersonBP/Maps/FirstPersonExampleMap userId: Invalid
[2017.04.17-16.57.50:022][156]LogNet: Welcomed by server (Level: /Game/CustomContent/UEDPIE_1_Level1, Game: /Game/FirstPersonBP/Blueprints/FirstPersonGameMode.FirstPersonGameMode_C)
[2017.04.17-16.57.50:022][156]LogLoad: LoadMap: 127.0.0.1//Game/CustomContent/UEDPIE_1_Level1?game=/Game/FirstPersonBP/Blueprints/FirstPersonGameMode.FirstPersonGameMode_C
[2017.04.17-16.57.50:104][156]Cmd: MEM
[2017.04.17-16.57.50:123][156]LogMemory: Platform Memory Stats for Windows
[2017.04.17-16.57.50:123][156]LogMemory: Process Physical Memory: 1524.01 MB used, 1524.01 MB peak
[2017.04.17-16.57.50:123][156]LogMemory: Process Virtual Memory: 2311.25 MB used, 2311.25 MB peak
[2017.04.17-16.57.50:123][156]LogMemory: Physical Memory: 5615.91 MB used,  6589.90 MB free, 12205.81 MB total
[2017.04.17-16.57.50:123][156]LogMemory: Virtual Memory: 3150.48 MB used,  6589.90 MB free, 134217728.00 MB total
[2017.04.17-16.57.50:123][156]LogMemory: 
[2017.04.17-16.57.50:123][156]Allocator Stats for TBB: (not implemented)
[2017.04.17-16.57.50:126][156]LogAIModule: Creating AISystem for world Level1
[2017.04.17-16.57.50:129][156]LogWorld: Bringing World /Game/CustomContent/UEDPIE_2_Level1.Level1 up for play (max tick rate 0) at 2017.04.17-12.57.50
[2017.04.17-16.57.50:130][156]LogWorld: Bringing up level for play took: 0.002044
[2017.04.17-16.57.50:130][156]LogLoad: Took 0.108015 seconds to LoadMap(/Game/CustomContent/UEDPIE_1_Level1)
[2017.04.17-16.57.50:145][157]LogNet: Client netspeed is 10000
[2017.04.17-16.57.50:145][157]LogNet: Join request: /Game/FirstPersonBP/Maps/FirstPersonExampleMap?SplitscreenCount=1
[2017.04.17-16.57.50:147][157]LogNet: Join succeeded: 261
[2017.04.17-16.57.52:756][195]LogBlueprintUserMessages: Early EndPlayMap Detection: Level '/Game/CustomContent/Level1.Level1:PersistentLevel' has LevelScriptBlueprint '/Game/CustomContent/Level1.Level1:PersistentLevel.Level1' with GeneratedClass '/Game/CustomContent/Level1.Level1_C' with ClassGeneratedBy '/Game/CustomContent/Level1.Level1:PersistentLevel.Level1'
[2017.04.17-16.57.52:895][195]LogBlueprintUserMessages: Late EndPlayMap Detection: Level '/Game/CustomContent/Level1.Level1:PersistentLevel' has LevelScriptBlueprint '/Game/CustomContent/Level1.Level1:PersistentLevel.Level1' with GeneratedClass '/Game/CustomContent/Level1.Level1_C' with ClassGeneratedBy '/Game/CustomContent/Level1.Level1:PersistentLevel.Level1'
[2017.04.17-16.57.52:911][195]LogNet: UChannel::CleanUp: ChIndex == 0. Closing connection. [UChannel] ChIndex: 0, Closing: 0 [UNetConnection] RemoteAddr: 127.0.0.1:59393, Name: IpConnection_5, Driver: GameNetDriver None, IsServer: YES, PC: None, Owner: None
[2017.04.17-16.57.52:911][195]LogNet: UNetConnection::Close: [UNetConnection] RemoteAddr: 127.0.0.1:59393, Name: IpConnection_5, Driver: GameNetDriver None, IsServer: YES, PC: None, Owner: None, Channels: 2, Time: 2017.04.17-16.57.52
[2017.04.17-16.57.52:911][195]LogNet: UChannel::Close: Sending CloseBunch. ChIndex == 0. Name: [UChannel] ChIndex: 0, Closing: 0 [UNetConnection] RemoteAddr: 127.0.0.1:59393, Name: IpConnection_5, Driver: GameNetDriver None, IsServer: YES, PC: None, Owner: None
[2017.04.17-16.57.52:911][195]LogNet: UChannel::CleanUp: ChIndex == 0. Closing connection. [UChannel] ChIndex: 0, Closing: 0 [UNetConnection] RemoteAddr: 127.0.0.1:7777, Name: IpConnection_4, Driver: GameNetDriver IpNetDriver_5, IsServer: NO, PC: None, Owner: None
[2017.04.17-16.57.52:911][195]LogNet: UNetConnection::Close: [UNetConnection] RemoteAddr: 127.0.0.1:7777, Name: IpConnection_4, Driver: GameNetDriver IpNetDriver_5, IsServer: NO, PC: None, Owner: None, Channels: 2, Time: 2017.04.17-16.57.52
[2017.04.17-16.57.52:911][195]LogNet: UChannel::Close: Sending CloseBunch. ChIndex == 0. Name: [UChannel] ChIndex: 0, Closing: 0 [UNetConnection] RemoteAddr: 127.0.0.1:7777, Name: IpConnection_4, Driver: GameNetDriver IpNetDriver_5, IsServer: NO, PC: None, Owner: None
[2017.04.17-16.57.52:915][195]LogExit: GameNetDriver None shut down
[2017.04.17-16.57.52:915][195]LogExit: GameNetDriver None shut down
[2017.04.17-16.58.10:017][611]LogTemp: Repeting last play command: Selected Viewport
[2017.04.17-16.58.10:037][611]LogBlueprintUserMessages: Early PlayInEditor Detection: Level '/Game/CustomContent/Level1.Level1:PersistentLevel' has LevelScriptBlueprint '/Game/CustomContent/Level1.Level1:PersistentLevel.Level1' with GeneratedClass '/Game/CustomContent/Level1.Level1_C' with ClassGeneratedBy '/Game/CustomContent/Level1.Level1:PersistentLevel.Level1'
[2017.04.17-16.58.10:037][611]LogPlayLevel: PlayLevel: No blueprints needed recompiling
[2017.04.17-16.58.10:037][611]PIE: New page: PIE session: Level1 (Apr 17, 2017, 8:58:10 AM)
[2017.04.17-16.58.10:037][611]LogPlayLevel: Creating play world package: /Game/CustomContent/UEDPIE_0_Level1
[2017.04.17-16.58.10:040][611]LogPlayLevel: PIE: StaticDuplicateObject took: (0.002655s)
[2017.04.17-16.58.10:040][611]LogAIModule: Creating AISystem for world Level1
[2017.04.17-16.58.10:040][611]LogPlayLevel: PIE: World Init took: (0.000602s)
[2017.04.17-16.58.10:040][611]LogPlayLevel: PIE: Created PIE world by copying editor world from /Game/CustomContent/Level1.Level1 to /Game/CustomContent/UEDPIE_0_Level1.Level1 (0.003466s)
[2017.04.17-16.58.10:060][611]LogInit: XAudio2 using 'Speakers (Realtek High Definition Audio)' : 2 channels at 48 kHz using 32 bits per sample (channel mask 0x3)
[2017.04.17-16.58.10:089][611]LogInit: FAudioDevice initialized.
[2017.04.17-16.58.10:119][611]LogLoad: Game class is 'FirstPersonGameMode_C'
[2017.04.17-16.58.10:122][611]LogWorld: Bringing World /Game/CustomContent/UEDPIE_0_Level1.Level1 up for play (max tick rate 0) at 2017.04.17-12.58.10
[2017.04.17-16.58.10:123][611]LogWorld: Bringing up level for play took: 0.002070
[2017.04.17-16.58.10:124][611]PIE: Info Play in editor start time for /Game/CustomContent/UEDPIE_0_Level1 0.144
[2017.04.17-16.58.10:124][611]LogBlueprintUserMessages: Late PlayInEditor Detection: Level '/Game/CustomContent/Level1.Level1:PersistentLevel' has LevelScriptBlueprint '/Game/CustomContent/Level1.Level1:PersistentLevel.Level1' with GeneratedClass '/Game/CustomContent/Level1.Level1_C' with ClassGeneratedBy '/Game/CustomContent/Level1.Level1:PersistentLevel.Level1'
[2017.04.17-16.58.40:772][211]Cmd: SELECT NONE
[2017.04.17-16.58.43:706][266]LogBlueprintUserMessages: Early EndPlayMap Detection: Level '/Game/CustomContent/Level1.Level1:PersistentLevel' has LevelScriptBlueprint '/Game/CustomContent/Level1.Level1:PersistentLevel.Level1' with GeneratedClass '/Game/CustomContent/Level1.Level1_C' with ClassGeneratedBy '/Game/CustomContent/Level1.Level1:PersistentLevel.Level1'
[2017.04.17-16.58.43:807][266]LogBlueprintUserMessages: Late EndPlayMap Detection: Level '/Game/CustomContent/Level1.Level1:PersistentLevel' has LevelScriptBlueprint '/Game/CustomContent/Level1.Level1:PersistentLevel.Level1' with GeneratedClass '/Game/CustomContent/Level1.Level1_C' with ClassGeneratedBy '/Game/CustomContent/Level1.Level1:PersistentLevel.Level1'
[2017.04.17-17.00.55:760][388]LogRenderer: Reallocating scene render targets to support 1280x880 NumSamples 1 (Frame:14899).
[2017.04.17-17.03.44:621][995]LogEditorViewport: Clicking on Actor (LMB): StaticMeshActor (Floor)
[2017.04.17-17.03.46:187][ 41]LogEditorViewport: Clicking on Actor (LMB): Arena_Walls_C (Arena_Walls)
[2017.04.17-17.04.03:767][451]LogSlate: Only BGRA pngs, bmps or icos are supported in by External Image Picker
[2017.04.17-17.04.03:905][455]LogTemp:Display: Executing iPhonePackager certificates Engine -bundlename com.YourCompany.GameEngine1Final

[2017.04.17-17.04.03:905][455]LogTemp:Display: CWD: C:\Program Files\Epic Games\4.14\Engine\Binaries\DotNet\IOS

[2017.04.17-17.04.03:905][455]LogTemp:Display: Initial Dir: C:\Program Files\Epic Games\4.14

[2017.04.17-17.04.03:905][455]LogTemp:Display: Env CWD: C:\Program Files\Epic Games\4.14\Engine\Binaries\DotNet\IOS

[2017.04.17-17.04.03:908][455]LogTemp:Display: BranchPath = TOPHER_LAPTOP/C/Program Files/Epic Games/4.14/Engine/Binaries --- GameBranchPath = TOPHER_LAPTOP/C/Program Files/Epic Games/4.14/Engine/Binaries

[2017.04.17-17.04.03:963][461]LogTemp:Display: IPP ERROR: Application exception: System.IO.DirectoryNotFoundException: Could not find a part of the path 'C:\Users\christopher\AppData\Local\Apple Computer\MobileDevice\Provisioning Profiles'.

[2017.04.17-17.04.03:963][461]LogTemp:Display:    at System.IO.__Error.WinIOError(Int32 errorCode, String maybeFullPath)

[2017.04.17-17.04.03:963][461]LogTemp:Display:    at System.IO.FileSystemEnumerableIterator`1.CommonInit()

[2017.04.17-17.04.03:963][461]LogTemp:Display:    at System.IO.Directory.EnumerateFiles(String path, String searchPattern)

[2017.04.17-17.04.03:963][461]LogTemp:Display:    at iPhonePackager.CodeSignatureBuilder.FindProvisions(String CFBundleIdentifier)

[2017.04.17-17.04.03:963][461]LogTemp:Display:    at iPhonePackager.Program.Main(String[] args)

[2017.04.17-17.07.25:300][420]LogSavePackage: Save=126.04ms
[2017.04.17-17.07.25:301][420]LogSavePackage: Moving '../../../../../../Users/christopher/Documents/Unreal Projects/GameEngine1Final/Saved/Level1_Auto16F00161942E3010DF1C66C97DC8A949B.tmp' to '../../../../../../Users/christopher/Documents/Unreal Projects/GameEngine1Final/Saved/Autosaves/Game/CustomContent/Level1_Auto1.umap'
[2017.04.17-17.07.25:302][420]LogSavePackage:Display: Finished SavePackage ../../../../../../Users/christopher/Documents/Unreal Projects/GameEngine1Final/Saved/Autosaves/Game/CustomContent/Level1_Auto1.umap
[2017.04.17-17.07.25:305][420]LogFileHelpers: Editor autosave (incl. sublevels) for '/Game/CustomContent/Level1' took 0.431
[2017.04.17-17.07.25:305][420]LogFileHelpers: Editor autosave (incl. sublevels) for all levels took 0.431
[2017.04.17-17.18.29:062][768]LogSlate:Warning: Prevented a slow task dialog from being summoned while a context menu was open
[2017.04.18-01.11.14:263][859]LogHttp:Warning: 0000023FDEA1E500: request failed, libcurl error: 0 (No error)
[2017.04.18-01.11.14:263][859]LogHttp:Warning: 0000023FDEA1E500: libcurl info message cache 0 (Connection 20 seems to be dead!)
[2017.04.18-01.11.14:263][859]LogHttp:Warning: 0000023FDEA1E500: libcurl info message cache 1 (Closing connection 20)
[2017.04.18-01.11.14:263][859]LogHttp:Warning: 0000023FDEA1E500: libcurl info message cache 2 (TLSv1.2 (OUT), TLS alert, Client hello (1):)
[2017.04.18-01.11.14:263][859]LogHttp:Warning: 0000023FDEA1E500: libcurl info message cache 3 (Closing connection 21)
