Log file open, 04/25/17 23:14:04
LogInit:Display: Running engine for game: GameEngine1Final
LogPlatformFile: Not using cached read wrapper
LogInit:Display: RandInit(299732029) SRandInit(299732029).
LogTaskGraph: Started task graph with 5 named threads and 8 total threads with 1 sets of task threads.
LogStats: Stats thread started at 0.078692
LogPluginManager: Loaded Plugin Paper2D, From C:/Program Files/Epic Games/4.14/Engine/Plugins/2D/Paper2D/Paper2D.uplugin
LogPluginManager: Loaded Plugin LightPropagationVolume, From C:/Program Files/Epic Games/4.14/Engine/Plugins/Blendables/LightPropagationVolume/LightPropagationVolume.uplugin
LogPluginManager: Loaded Plugin BlankPlugin, From C:/Program Files/Epic Games/4.14/Engine/Plugins/Developer/BlankPlugin/BlankPlugin.uplugin
LogPluginManager: Loaded Plugin CodeLiteSourceCodeAccess, From C:/Program Files/Epic Games/4.14/Engine/Plugins/Developer/CodeLiteSourceCodeAccess/CodeLiteSourceCodeAccess.uplugin
LogPluginManager: Loaded Plugin GitSourceControl, From C:/Program Files/Epic Games/4.14/Engine/Plugins/Developer/GitSourceControl/GitSourceControl.uplugin
LogPluginManager: Loaded Plugin KDevelopSourceCodeAccess, From C:/Program Files/Epic Games/4.14/Engine/Plugins/Developer/KDevelopSourceCodeAccess/KDevelopSourceCodeAccess.uplugin
LogPluginManager: Loaded Plugin NullSourceCodeAccess, From C:/Program Files/Epic Games/4.14/Engine/Plugins/Developer/NullSourceCodeAccess/NullSourceCodeAccess.uplugin
LogPluginManager: Loaded Plugin OneSkyLocalizationService, From C:/Program Files/Epic Games/4.14/Engine/Plugins/Developer/OneSkyLocalizationService/OneSkyLocalizationService.uplugin
LogPluginManager: Loaded Plugin PerforceSourceControl, From C:/Program Files/Epic Games/4.14/Engine/Plugins/Developer/PerforceSourceControl/PerforceSourceControl.uplugin
LogPluginManager: Loaded Plugin SubversionSourceControl, From C:/Program Files/Epic Games/4.14/Engine/Plugins/Developer/SubversionSourceControl/SubversionSourceControl.uplugin
LogPluginManager: Loaded Plugin UObjectPlugin, From C:/Program Files/Epic Games/4.14/Engine/Plugins/Developer/UObjectPlugin/UObjectPlugin.uplugin
LogPluginManager: Loaded Plugin VisualStudioSourceCodeAccess, From C:/Program Files/Epic Games/4.14/Engine/Plugins/Developer/VisualStudioSourceCodeAccess/VisualStudioSourceCodeAccess.uplugin
LogPluginManager: Loaded Plugin XCodeSourceCodeAccess, From C:/Program Files/Epic Games/4.14/Engine/Plugins/Developer/XCodeSourceCodeAccess/XCodeSourceCodeAccess.uplugin
LogPluginManager: Loaded Plugin AudioCapture, From C:/Program Files/Epic Games/4.14/Engine/Plugins/Editor/AudioCapture/AudioCapture.uplugin
LogPluginManager: Loaded Plugin EpicSurvey, From C:/Program Files/Epic Games/4.14/Engine/Plugins/Editor/EpicSurvey/EpicSurvey.uplugin
LogPluginManager: Loaded Plugin MacGraphicsSwitching, From C:/Program Files/Epic Games/4.14/Engine/Plugins/Editor/MacGraphicsSwitching/MacGraphicsSwitching.uplugin
LogPluginManager: Loaded Plugin MobileLauncherProfileWizard, From C:/Program Files/Epic Games/4.14/Engine/Plugins/Editor/MobileLauncherProfileWizard/MobileLauncherProfileWizard.uplugin
LogPluginManager: Loaded Plugin PluginBrowser, From C:/Program Files/Epic Games/4.14/Engine/Plugins/Editor/PluginBrowser/PluginBrowser.uplugin
LogPluginManager: Loaded Plugin SpeedTreeImporter, From C:/Program Files/Epic Games/4.14/Engine/Plugins/Editor/SpeedTreeImporter/SpeedTreeImporter.uplugin
LogPluginManager: Loaded Plugin SuperSearchEditor, From C:/Program Files/Epic Games/4.14/Engine/Plugins/Editor/SuperSearchEditor/SuperSearchEditor.uplugin
LogPluginManager: Loaded Plugin AlembicImporter, From C:/Program Files/Epic Games/4.14/Engine/Plugins/Experimental/AlembicImporter/AlembicImporter.uplugin
LogPluginManager: Loaded Plugin BlueprintStats, From C:/Program Files/Epic Games/4.14/Engine/Plugins/Experimental/BlueprintStats/BlueprintStats.uplugin
LogPluginManager: Loaded Plugin CharacterAI, From C:/Program Files/Epic Games/4.14/Engine/Plugins/Experimental/CharacterAI/CharacterAI.uplugin
LogPluginManager: Loaded Plugin CodeEditor, From C:/Program Files/Epic Games/4.14/Engine/Plugins/Experimental/CodeEditor/CodeEditor.uplugin
LogPluginManager: Loaded Plugin CodeView, From C:/Program Files/Epic Games/4.14/Engine/Plugins/Experimental/CodeView/CodeView.uplugin
LogPluginManager: Loaded Plugin HTML5Networking, From C:/Program Files/Epic Games/4.14/Engine/Plugins/Experimental/HTML5Networking/HTML5Networking.uplugin
LogPluginManager: Loaded Plugin OSVR, From C:/Program Files/Epic Games/4.14/Engine/Plugins/Experimental/OSVR/OSVR.uplugin
LogPluginManager: Loaded Plugin Phya, From C:/Program Files/Epic Games/4.14/Engine/Plugins/Experimental/Phya/Phya.uplugin
LogPluginManager: Loaded Plugin SignificanceManager, From C:/Program Files/Epic Games/4.14/Engine/Plugins/Experimental/SignificanceManager/SignificanceManager.uplugin
LogPluginManager: Loaded Plugin SimpleHMD, From C:/Program Files/Epic Games/4.14/Engine/Plugins/Experimental/SimpleHMD/SimpleHMD.uplugin
LogPluginManager: Loaded Plugin StereoPanorama, From C:/Program Files/Epic Games/4.14/Engine/Plugins/Experimental/StereoPanorama/StereoPanorama.uplugin
LogPluginManager: Loaded Plugin StructBox, From C:/Program Files/Epic Games/4.14/Engine/Plugins/Experimental/StructBox/StructBox.uplugin
LogPluginManager: Loaded Plugin Substance, From C:/Program Files/Epic Games/4.14/Engine/Plugins/Marketplace/Substance/Substance.uplugin
LogPluginManager: Loaded Plugin AndroidMedia, From C:/Program Files/Epic Games/4.14/Engine/Plugins/Media/AndroidMedia/AndroidMedia.uplugin
LogPluginManager: Loaded Plugin AvfMedia, From C:/Program Files/Epic Games/4.14/Engine/Plugins/Media/AvfMedia/AvfMedia.uplugin
LogPluginManager: Loaded Plugin MediaPlayerEditor, From C:/Program Files/Epic Games/4.14/Engine/Plugins/Media/MediaPlayerEditor/MediaPlayerEditor.uplugin
LogPluginManager: Loaded Plugin WmfMedia, From C:/Program Files/Epic Games/4.14/Engine/Plugins/Media/WmfMedia/WmfMedia.uplugin
LogPluginManager: Loaded Plugin MessagingDebugger, From C:/Program Files/Epic Games/4.14/Engine/Plugins/Messaging/MessagingDebugger/MessagingDebugger.uplugin
LogPluginManager: Loaded Plugin TcpMessaging, From C:/Program Files/Epic Games/4.14/Engine/Plugins/Messaging/TcpMessaging/TcpMessaging.uplugin
LogPluginManager: Loaded Plugin UdpMessaging, From C:/Program Files/Epic Games/4.14/Engine/Plugins/Messaging/UdpMessaging/UdpMessaging.uplugin
LogPluginManager: Loaded Plugin LevelSequenceEditor, From C:/Program Files/Epic Games/4.14/Engine/Plugins/MovieScene/LevelSequenceEditor/LevelSequenceEditor.uplugin
LogPluginManager: Loaded Plugin MatineeToLevelSequence, From C:/Program Files/Epic Games/4.14/Engine/Plugins/MovieScene/MatineeToLevelSequence/MatineeToLevelSequence.uplugin
LogPluginManager: Loaded Plugin NetcodeUnitTest, From C:/Program Files/Epic Games/4.14/Engine/Plugins/NetcodeUnitTest/NetcodeUnitTest/NetcodeUnitTest.uplugin
LogPluginManager: Loaded Plugin NUTUnrealEngine4, From C:/Program Files/Epic Games/4.14/Engine/Plugins/NetcodeUnitTest/NUTUnrealEngine4/NUTUnrealEngine4.uplugin
LogPluginManager: Loaded Plugin OnlineSubsystemGameCircle, From C:/Program Files/Epic Games/4.14/Engine/Plugins/Online/Android/OnlineSubsystemGameCircle/OnlineSubsystemGameCircle.uplugin
LogPluginManager: Loaded Plugin OnlineSubsystemGooglePlay, From C:/Program Files/Epic Games/4.14/Engine/Plugins/Online/Android/OnlineSubsystemGooglePlay/OnlineSubsystemGooglePlay.uplugin
LogPluginManager: Loaded Plugin OnlineSubsystemIOS, From C:/Program Files/Epic Games/4.14/Engine/Plugins/Online/IOS/OnlineSubsystemIOS/OnlineSubsystemIOS.uplugin
LogPluginManager: Loaded Plugin OnlineFramework, From C:/Program Files/Epic Games/4.14/Engine/Plugins/Online/OnlineFramework/OnlineFramework.uplugin
LogPluginManager: Loaded Plugin OnlineSubsystem, From C:/Program Files/Epic Games/4.14/Engine/Plugins/Online/OnlineSubsystem/OnlineSubsystem.uplugin
LogPluginManager: Loaded Plugin OnlineSubsystemAmazon, From C:/Program Files/Epic Games/4.14/Engine/Plugins/Online/OnlineSubsystemAmazon/OnlineSubsystemAmazon.uplugin
LogPluginManager: Loaded Plugin OnlineSubsystemFacebook, From C:/Program Files/Epic Games/4.14/Engine/Plugins/Online/OnlineSubsystemFacebook/OnlineSubsystemFacebook.uplugin
LogPluginManager: Loaded Plugin OnlineSubsystemNull, From C:/Program Files/Epic Games/4.14/Engine/Plugins/Online/OnlineSubsystemNull/OnlineSubsystemNull.uplugin
LogPluginManager: Loaded Plugin OnlineSubsystemOculus, From C:/Program Files/Epic Games/4.14/Engine/Plugins/Online/OnlineSubsystemOculus/OnlineSubsystemOculus.uplugin
LogPluginManager: Loaded Plugin OnlineSubsystemSteam, From C:/Program Files/Epic Games/4.14/Engine/Plugins/Online/OnlineSubsystemSteam/OnlineSubsystemSteam.uplugin
LogPluginManager: Loaded Plugin OnlineSubsystemUtils, From C:/Program Files/Epic Games/4.14/Engine/Plugins/Online/OnlineSubsystemUtils/OnlineSubsystemUtils.uplugin
LogPluginManager: Loaded Plugin IOSTapJoy, From C:/Program Files/Epic Games/4.14/Engine/Plugins/Runtime/Advertising/IOSTapJoy/IOSTapJoy.uplugin
LogPluginManager: Loaded Plugin AnalyticsBlueprintLibrary, From C:/Program Files/Epic Games/4.14/Engine/Plugins/Runtime/Analytics/AnalyticsBlueprintLibrary/AnalyticsBlueprintLibrary.uplugin
LogPluginManager: Loaded Plugin AnalyticsMulticast, From C:/Program Files/Epic Games/4.14/Engine/Plugins/Runtime/Analytics/AnalyticsMulticast/AnalyticsMulticast.uplugin
LogPluginManager: Loaded Plugin Apsalar, From C:/Program Files/Epic Games/4.14/Engine/Plugins/Runtime/Analytics/Apsalar/Apsalar.uplugin
LogPluginManager: Loaded Plugin FileLogging, From C:/Program Files/Epic Games/4.14/Engine/Plugins/Runtime/Analytics/FileLogging/FileLogging.uplugin
LogPluginManager: Loaded Plugin Flurry, From C:/Program Files/Epic Games/4.14/Engine/Plugins/Runtime/Analytics/Flurry/Flurry.uplugin
LogPluginManager: Loaded Plugin AndroidDeviceProfileSelector, From C:/Program Files/Epic Games/4.14/Engine/Plugins/Runtime/AndroidDeviceProfileSelector/AndroidDeviceProfileSelector.uplugin
LogPluginManager: Loaded Plugin AndroidMoviePlayer, From C:/Program Files/Epic Games/4.14/Engine/Plugins/Runtime/AndroidMoviePlayer/AndroidMoviePlayer.uplugin
LogPluginManager: Loaded Plugin AppleMoviePlayer, From C:/Program Files/Epic Games/4.14/Engine/Plugins/Runtime/AppleMoviePlayer/AppleMoviePlayer.uplugin
LogPluginManager: Loaded Plugin ArchVisCharacter, From C:/Program Files/Epic Games/4.14/Engine/Plugins/Runtime/ArchVisCharacter/ArchVisCharacter.uplugin
LogPluginManager: Loaded Plugin CableComponent, From C:/Program Files/Epic Games/4.14/Engine/Plugins/Runtime/CableComponent/CableComponent.uplugin
LogPluginManager: Loaded Plugin CustomMeshComponent, From C:/Program Files/Epic Games/4.14/Engine/Plugins/Runtime/CustomMeshComponent/CustomMeshComponent.uplugin
LogPluginManager: Loaded Plugin ExampleDeviceProfileSelector, From C:/Program Files/Epic Games/4.14/Engine/Plugins/Runtime/ExampleDeviceProfileSelector/ExampleDeviceProfileSelector.uplugin
LogPluginManager: Loaded Plugin GearVR, From C:/Program Files/Epic Games/4.14/Engine/Plugins/Runtime/GearVR/GearVR.uplugin
LogPluginManager: Loaded Plugin GoogleVRController, From C:/Program Files/Epic Games/4.14/Engine/Plugins/Runtime/GoogleVR/GoogleVRController/GoogleVRController.uplugin
LogPluginManager: Loaded Plugin GoogleVRHMD, From C:/Program Files/Epic Games/4.14/Engine/Plugins/Runtime/GoogleVR/GoogleVRHMD/GoogleVRHMD.uplugin
LogPluginManager: Loaded Plugin IOSDeviceProfileSelector, From C:/Program Files/Epic Games/4.14/Engine/Plugins/Runtime/IOSDeviceProfileSelector/IOSDeviceProfileSelector.uplugin
LogPluginManager: Loaded Plugin LeapMotion, From C:/Program Files/Epic Games/4.14/Engine/Plugins/Runtime/LeapMotion/LeapMotion.uplugin
LogPluginManager: Loaded Plugin LinuxDeviceProfileSelector, From C:/Program Files/Epic Games/4.14/Engine/Plugins/Runtime/LinuxDeviceProfileSelector/LinuxDeviceProfileSelector.uplugin
LogPluginManager: Loaded Plugin MIDIDevice, From C:/Program Files/Epic Games/4.14/Engine/Plugins/Runtime/MIDIDevice/MIDIDevice.uplugin
LogPluginManager: Loaded Plugin MobilePatchingUtils, From C:/Program Files/Epic Games/4.14/Engine/Plugins/Runtime/MobilePatchingUtils/MobilePatchingUtils.uplugin
LogPluginManager: Loaded Plugin Ansel, From C:/Program Files/Epic Games/4.14/Engine/Plugins/Runtime/Nvidia/Ansel/Ansel.uplugin
LogPluginManager: Loaded Plugin OculusAudio, From C:/Program Files/Epic Games/4.14/Engine/Plugins/Runtime/OculusAudio/OculusAudio.uplugin
LogPluginManager: Loaded Plugin OculusInput, From C:/Program Files/Epic Games/4.14/Engine/Plugins/Runtime/OculusInput/OculusInput.uplugin
LogPluginManager: Loaded Plugin OculusLibrary, From C:/Program Files/Epic Games/4.14/Engine/Plugins/Runtime/OculusLibrary/OculusLibrary.uplugin
LogPluginManager: Loaded Plugin OculusRift, From C:/Program Files/Epic Games/4.14/Engine/Plugins/Runtime/OculusRift/OculusRift.uplugin
LogPluginManager: Loaded Plugin Oodle, From C:/Program Files/Epic Games/4.14/Engine/Plugins/Runtime/PacketHandlers/CompressionComponents/Oodle/Oodle.uplugin
LogPluginManager: Loaded Plugin ProceduralMeshComponent, From C:/Program Files/Epic Games/4.14/Engine/Plugins/Runtime/ProceduralMeshComponent/ProceduralMeshComponent.uplugin
LogPluginManager: Loaded Plugin SoundMod, From C:/Program Files/Epic Games/4.14/Engine/Plugins/Runtime/SoundMod/SoundMod.uplugin
LogPluginManager: Loaded Plugin SoundVisualizations, From C:/Program Files/Epic Games/4.14/Engine/Plugins/Runtime/SoundVisualizations/SoundVisualizations.uplugin
LogPluginManager: Loaded Plugin SteamController, From C:/Program Files/Epic Games/4.14/Engine/Plugins/Runtime/Steam/SteamController/SteamController.uplugin
LogPluginManager: Loaded Plugin SteamVR, From C:/Program Files/Epic Games/4.14/Engine/Plugins/Runtime/Steam/SteamVR/SteamVR.uplugin
LogPluginManager: Loaded Plugin WebBrowserWidget, From C:/Program Files/Epic Games/4.14/Engine/Plugins/Runtime/WebBrowserWidget/WebBrowserWidget.uplugin
LogPluginManager: Loaded Plugin WindowsDeviceProfileSelector, From C:/Program Files/Epic Games/4.14/Engine/Plugins/Runtime/WindowsDeviceProfileSelector/WindowsDeviceProfileSelector.uplugin
LogPluginManager: Loaded Plugin WindowsMoviePlayer, From C:/Program Files/Epic Games/4.14/Engine/Plugins/Runtime/WindowsMoviePlayer/WindowsMoviePlayer.uplugin
LogPluginManager: Loaded Plugin ScriptPlugin, From C:/Program Files/Epic Games/4.14/Engine/Plugins/ScriptPlugin/ScriptPlugin.uplugin
LogPluginManager: Loaded Plugin SlateRemote, From C:/Program Files/Epic Games/4.14/Engine/Plugins/Slate/SlateRemote/SlateRemote.uplugin
LogPluginManager: Loaded Plugin EditorTests, From C:/Program Files/Epic Games/4.14/Engine/Plugins/Tests/EditorTests/EditorTests.uplugin
LogPluginManager: Loaded Plugin FbxAutomationTestBuilder, From C:/Program Files/Epic Games/4.14/Engine/Plugins/Tests/FbxAutomationTestBuilder/FbxAutomationTestBuilder.uplugin
LogPluginManager: Loaded Plugin FunctionalTestingEditor, From C:/Program Files/Epic Games/4.14/Engine/Plugins/Tests/FunctionalTestingEditor/FunctionalTestingEditor.uplugin
LogPluginManager: Loaded Plugin RuntimeTests, From C:/Program Files/Epic Games/4.14/Engine/Plugins/Tests/RuntimeTests/RuntimeTests.uplugin
LogPluginManager: Loaded Plugin ScreenshotTools, From C:/Program Files/Epic Games/4.14/Engine/Plugins/Tests/ScreenshotTools/ScreenshotTools.uplugin
LogPluginManager: Loaded Plugin AdvancedSessions, From C:/Users/christopher/Desktop/FinalExam/stephen_thompson_FinalExam/Plugins/AdvancedSessions/AdvancedSessions.uplugin
LogInit: Using libcurl 7.47.1
LogInit:  - built for x86_64-pc-win32
LogInit:  - supports SSL with OpenSSL/1.0.2g
LogInit:  - supports HTTP deflate (compression) using libz 1.2.8
LogInit:  - other features:
LogInit:      CURL_VERSION_SSL
LogInit:      CURL_VERSION_LIBZ
LogInit:      CURL_VERSION_IPV6
LogInit:      CURL_VERSION_ASYNCHDNS
LogInit:      CURL_VERSION_LARGEFILE
LogInit:      CURL_VERSION_IDN
LogInit:  CurlRequestOptions (configurable via config and command line):
LogInit:  - bVerifyPeer = false  - Libcurl will NOT verify peer certificate
LogInit:  - bUseHttpProxy = false  - Libcurl will NOT use HTTP proxy
LogInit:  - bDontReuseConnections = false  - Libcurl will reuse connections
LogInit:  - CertBundlePath = nullptr  - Libcurl will use whatever was configured at build time.
LogInit: WinSock: version 1.1 (2.2), MaxSocks=32767, MaxUdp=65467
LogInit: Build: ++UE4+Release-4.14-CL-3249277
LogInit: Engine Version: 4.14.3-3249277+++UE4+Release-4.14
LogInit: Compatible Engine Version: 4.14.0-3195953+++UE4+Release-4.14
LogInit: Net CL: 3195953
LogDevObjectVersion: Number of dev versions registered: 13
LogDevObjectVersion:   Dev-Blueprints (B0D832E4-1F89-4F0D-ACCF-7EB736FD4AA2): 7
LogDevObjectVersion:   Dev-Build (E1C64328-A22C-4D53-A36C-8E866417BD8C): 0
LogDevObjectVersion:   Dev-Core (375EC13C-06E4-48FB-B500-84F0262A717E): 1
LogDevObjectVersion:   Dev-Editor (E4B068ED-F494-42E9-A231-DA0B2E46BB41): 8
LogDevObjectVersion:   Dev-Framework (CFFC743F-43B0-4480-9391-14DF171D2073): 17
LogDevObjectVersion:   Dev-Mobile (B02B49B5-BB20-44E9-A304-32B752E40360): 0
LogDevObjectVersion:   Dev-Networking (A4E4105C-59A1-49B5-A7C5-40C4547EDFEE): 0
LogDevObjectVersion:   Dev-Online (39C831C9-5AE6-47DC-9A44-9C173E1C8E7C): 0
LogDevObjectVersion:   Dev-Physics (78F01B33-EBEA-4F98-B9B4-84EACCB95AA2): 0
LogDevObjectVersion:   Dev-Platform (6631380F-2D4D-43E0-8009-CF276956A95A): 0
LogDevObjectVersion:   Dev-Rendering (12F88B9F-8875-4AFC-A67C-D90C383ABD29): 12
LogDevObjectVersion:   Dev-Sequencer (7B5AE74C-D270-4C10-A958-57980B212A5A): 1
LogDevObjectVersion:   Dev-VR (D7296918-1DD6-4BDD-9DE2-64A83CC13884): 0
LogInit: Compiled (64-bit): Jan  6 2017 10:49:43
LogInit: Compiled with Visual C++: 19.00.23026.00
LogInit: Build Configuration: Development
LogInit: Branch Name: ++UE4+Release-4.14
LogInit: Command line:  
LogInit: Base directory: C:/Program Files/Epic Games/4.14/Engine/Binaries/Win64/
LogInit: Installed Engine Build: 1
LogInit: Presizing for max 8388607 objects, including 0 objects not considered by GC, pre-allocating 0 bytes for permanent pool.
LogInit: Object subsystem initialized
[2017.04.26-03.14.05:149][  0]LogInit: Selected Device Profile: [Windows]
[2017.04.26-03.14.05:149][  0]LogInit: Applying CVar settings loaded from the selected device profile: [Windows]
[2017.04.26-03.14.05:187][  0]LogInit: Computer: TOPHER_LAPTOP
[2017.04.26-03.14.05:187][  0]LogInit: User: christopher
[2017.04.26-03.14.05:187][  0]LogInit: CPU Page size=65536, Cores=4
[2017.04.26-03.14.05:187][  0]LogInit: High frequency timer resolution =2.533198 MHz
[2017.04.26-03.14.05:188][  0]LogMemory: Memory total: Physical=11.9GB (12GB approx)
[2017.04.26-03.14.05:188][  0]LogMemory: Platform Memory Stats for Windows
[2017.04.26-03.14.05:188][  0]LogMemory: Process Physical Memory: 267.66 MB used, 267.66 MB peak
[2017.04.26-03.14.05:188][  0]LogMemory: Process Virtual Memory: 263.32 MB used, 263.32 MB peak
[2017.04.26-03.14.05:188][  0]LogMemory: Physical Memory: 5077.03 MB used,  7128.78 MB free, 12205.81 MB total
[2017.04.26-03.14.05:188][  0]LogMemory: Virtual Memory: 706.58 MB used,  7128.78 MB free, 134217728.00 MB total
[2017.04.26-03.14.05:390][  0]LogTextLocalizationManager: No specific translations for ('en-US') exist, so ('en') translations will be used.
[2017.04.26-03.14.09:733][  0]LogD3D11RHI: D3D11 adapters:
[2017.04.26-03.14.10:367][  0]LogD3D11RHI:    0. 'NVIDIA GeForce GTX 960M' (Feature Level 11_0)
[2017.04.26-03.14.10:367][  0]LogD3D11RHI:       2019/0/6102 MB DedicatedVideo/DedicatedSystem/SharedSystem, Outputs:1, VendorId:0x10de
[2017.04.26-03.14.10:372][  0]LogD3D11RHI:    1. 'Intel(R) HD Graphics 4600' (Feature Level 11_0)
[2017.04.26-03.14.10:372][  0]LogD3D11RHI:       112/0/2048 MB DedicatedVideo/DedicatedSystem/SharedSystem, Outputs:0, VendorId:0x8086
[2017.04.26-03.14.10:374][  0]LogD3D11RHI:    2. 'Microsoft Basic Render Driver' (Feature Level 11_0)
[2017.04.26-03.14.10:374][  0]LogD3D11RHI:       0/0/6102 MB DedicatedVideo/DedicatedSystem/SharedSystem, Outputs:0, VendorId:0x1414
[2017.04.26-03.14.10:374][  0]LogD3D11RHI: Chosen D3D11 Adapter: 0
[2017.04.26-03.14.10:380][  0]LogD3D11RHI: Creating new Direct3DDevice
[2017.04.26-03.14.10:380][  0]LogD3D11RHI:     GPU DeviceId: 0x139b (for the marketing name, search the web for "GPU Device Id")
[2017.04.26-03.14.10:380][  0]LogWindows: EnumDisplayDevices:
[2017.04.26-03.14.10:380][  0]LogWindows:    0. 'Intel(R) HD Graphics 4600' (P:1 D:1)
[2017.04.26-03.14.10:380][  0]LogWindows:    1. 'Intel(R) HD Graphics 4600' (P:0 D:0)
[2017.04.26-03.14.10:380][  0]LogWindows:    2. 'Intel(R) HD Graphics 4600' (P:0 D:0)
[2017.04.26-03.14.10:380][  0]LogWindows: DebugString: PrimaryIsNotTheChoosenAdapter PrimaryIsNotTheChoosenAdapter PrimaryIsNotTheChoosenAdapter FoundDriverCount:0 
[2017.04.26-03.14.10:380][  0]LogD3D11RHI:     Adapter Name: NVIDIA GeForce GTX 960M
[2017.04.26-03.14.10:380][  0]LogD3D11RHI:   Driver Version: Unknown (internal:Unknown, unified:Unknown)
[2017.04.26-03.14.10:380][  0]LogD3D11RHI:      Driver Date: Unknown
[2017.04.26-03.14.10:380][  0]LogRHI: Texture pool is 1361 MB (70% of 1945 MB)
[2017.04.26-03.14.10:943][  0]LogD3D11RHI: Async texture creation enabled
[2017.04.26-03.14.10:983][  0]LogD3D11RHI: GPU Timing Frequency: 1000.000000 (Debug: 2 1)
[2017.04.26-03.14.10:983][  0]LogShaderCompilers: Guid format shader working directory is -28 characters bigger than the processId version (../../../../../../Users/christopher/Desktop/FinalExam/stephen_thompson_FinalExam/Intermediate/Shaders/WorkingDirectory/5488/).
[2017.04.26-03.14.10:983][  0]LogShaderCompilers: Cleaned the shader compiler working directory 'C:/Users/christopher/AppData/Local/Temp/UnrealShaderWorkingDir/26116A8D4513A4021BB462A462A9F2C8/'.
[2017.04.26-03.14.10:983][  0]LogShaderCompilers:Display: Using Local Shader Compiler.
[2017.04.26-03.14.14:221][  0]LogTemp:Display: Loaded TP AllDesktopTargetPlatform
[2017.04.26-03.14.14:275][  0]LogTemp:Display: Loaded TP MacClientTargetPlatform
[2017.04.26-03.14.14:329][  0]LogTemp:Display: Loaded TP MacNoEditorTargetPlatform
[2017.04.26-03.14.14:382][  0]LogTemp:Display: Loaded TP MacServerTargetPlatform
[2017.04.26-03.14.14:496][  0]LogTemp:Display: Loaded TP MacTargetPlatform
[2017.04.26-03.14.14:551][  0]LogTemp:Display: Loaded TP WindowsClientTargetPlatform
[2017.04.26-03.14.14:607][  0]LogTemp:Display: Loaded TP WindowsNoEditorTargetPlatform
[2017.04.26-03.14.14:661][  0]LogTemp:Display: Loaded TP WindowsServerTargetPlatform
[2017.04.26-03.14.14:705][  0]LogTemp:Display: Loaded TP WindowsTargetPlatform
[2017.04.26-03.14.14:787][  0]LogTemp:Display: Loaded TP AndroidTargetPlatform
[2017.04.26-03.14.14:840][  0]LogTemp:Display: Loaded TP Android_ASTCTargetPlatform
[2017.04.26-03.14.14:893][  0]LogTemp:Display: Loaded TP Android_ATCTargetPlatform
[2017.04.26-03.14.14:945][  0]LogTemp:Display: Loaded TP Android_DXTTargetPlatform
[2017.04.26-03.14.14:997][  0]LogTemp:Display: Loaded TP Android_ETC1TargetPlatform
[2017.04.26-03.14.15:048][  0]LogTemp:Display: Loaded TP Android_ETC2TargetPlatform
[2017.04.26-03.14.15:152][  0]LogTemp:Display: Loaded TP Android_MultiTargetPlatform
[2017.04.26-03.14.15:152][  0]LogTemp:Display: Loaded TP Android_PVRTCTargetPlatform
[2017.04.26-03.14.15:189][  0]LogTemp:Display: Loaded TP HTML5TargetPlatform
[2017.04.26-03.14.15:328][  0]LogTemp:Display: Loaded TP IOSTargetPlatform
[2017.04.26-03.14.15:361][  0]LogTemp:Display: Loaded TP TVOSTargetPlatform
[2017.04.26-03.14.15:412][  0]LogTemp:Display: Loaded TP LinuxClientTargetPlatform
[2017.04.26-03.14.15:463][  0]LogTemp:Display: Loaded TP LinuxNoEditorTargetPlatform
[2017.04.26-03.14.15:516][  0]LogTemp:Display: Loaded TP LinuxServerTargetPlatform
[2017.04.26-03.14.15:621][  0]LogTemp:Display: Loaded TP LinuxTargetPlatform
[2017.04.26-03.14.15:621][  0]LogTargetPlatformManager:Display: Building Assets For Windows
[2017.04.26-03.14.16:011][  0]LogDerivedDataCache:Display: Max Cache Size: 512 MB
[2017.04.26-03.14.16:520][  0]LogDerivedDataCache: Loaded boot cache 0.51s 50MB C:/Users/christopher/AppData/Local/UnrealEngine/4.14/DerivedDataCache/Boot.ddc.
[2017.04.26-03.14.16:520][  0]LogDerivedDataCache:Display: Loaded Boot cache: C:/Users/christopher/AppData/Local/UnrealEngine/4.14/DerivedDataCache/Boot.ddc
[2017.04.26-03.14.16:520][  0]LogDerivedDataCache: FDerivedDataBackendGraph:  Pak pak cache file ../../../../../../Users/christopher/Desktop/FinalExam/stephen_thompson_FinalExam/DerivedDataCache/DDC.ddp not found, will not use a pak cache.
[2017.04.26-03.14.16:520][  0]LogDerivedDataCache: Unable to find inner node Pak for hierarchical cache Hierarchy.
[2017.04.26-03.14.16:520][  0]LogDerivedDataCache: FDerivedDataBackendGraph:  CompressedPak pak cache file ../../../../../../Users/christopher/Desktop/FinalExam/stephen_thompson_FinalExam/DerivedDataCache/Compressed.ddp not found, will not use a pak cache.
[2017.04.26-03.14.16:520][  0]LogDerivedDataCache: Unable to find inner node CompressedPak for hierarchical cache Hierarchy.
[2017.04.26-03.14.16:538][  0]LogDerivedDataCache:Display: Pak cache opened for reading ../../../Engine/DerivedDataCache/Compressed.ddp.
[2017.04.26-03.14.16:550][  0]LogDerivedDataCache: Using Local data cache path C:/Users/christopher/AppData/Local/UnrealEngine/Common/DerivedDataCache: Writable
[2017.04.26-03.14.16:758][  0]LogInit: Selected Device Profile: [Windows]
[2017.04.26-03.14.16:761][  0]LogContentStreaming: Texture pool size is 0.00 MB
[2017.04.26-03.14.16:952][  0]LogMeshUtilities: Using QuadricMeshReduction for automatic static mesh reduction
[2017.04.26-03.14.16:995][  0]LogSimplygon: Simplygon DLL not present - disabling.
[2017.04.26-03.14.17:040][  0]LogMeshUtilities: Using SimplygonSwarm for distributed automatic mesh merging
[2017.04.26-03.14.17:040][  0]LogMeshUtilities: No automatic skeletal mesh reduction module available
[2017.04.26-03.14.17:040][  0]LogMeshUtilities: No automatic mesh merging module available
[2017.04.26-03.14.17:601][  0]LogNetVersion: GetLocalNetworkVersion: CL: 3195953, ProjectName: gameengine1final, ProjectVersion: , EngineNetworkVersion: 2, GameNetworkVersion: 0, NetworkChecksum: 979625224
[2017.04.26-03.14.17:655][  0]LogAssetRegistry: FAssetRegistry took 0.0224 seconds to start up
[2017.04.26-03.14.17:702][  0]LogPackageLocalizationCache: Processed 2 localized package path(s) for 2 prioritized culture(s) in 0.022239 seconds
[2017.04.26-03.14.17:708][  0]LogUObjectArray: 31946 objects as part of root set at end of initial load.
[2017.04.26-03.14.17:708][  0]LogUObjectAllocator: 6935840 out of 0 bytes used by permanent object pool.
[2017.04.26-03.14.17:708][  0]LogUObjectArray: CloseDisregardForGC: 0/0 objects in disregard for GC pool
[2017.04.26-03.14.18:714][  0]LogSlate: Using Freetype 2.6.0
[2017.04.26-03.14.18:737][  0]LogSlate: SlateFontCache - WITH_FREETYPE: 1, WITH_HARFBUZZ: 1
[2017.04.26-03.14.18:737][  0]LogSlate: SlateFontCache - WITH_FREETYPE: 1, WITH_HARFBUZZ: 1
[2017.04.26-03.14.38:346][  0]LogPackageName:Error: DoesPackageExist: DoesPackageExist FAILED: '/Paper2D/MaskedUnlitSpriteMaterial' is not a standard unreal filename or a long path name. Reason: Path does not start with a valid root. Path must begin with: '/Engine/', '/Game/', '/Config/', '/Script/', or '/Temp/'
[2017.04.26-03.14.38:346][  0]LogLinker:Warning: Can't find file '/Paper2D/MaskedUnlitSpriteMaterial'
[2017.04.26-03.14.38:346][  0]LogPackageName:Error: DoesPackageExist: DoesPackageExist FAILED: '/Paper2D/MaskedUnlitSpriteMaterial' is not a standard unreal filename or a long path name. Reason: Path does not start with a valid root. Path must begin with: '/Engine/', '/Game/', '/Config/', '/Script/', or '/Temp/'
[2017.04.26-03.14.38:346][  0]LogLinker:Warning: Can't find file '/Paper2D/MaskedUnlitSpriteMaterial'
[2017.04.26-03.14.38:346][  0]LogUObjectGlobals:Warning: Failed to find object 'MaterialInterface /Paper2D/MaskedUnlitSpriteMaterial.MaskedUnlitSpriteMaterial'
[2017.04.26-03.14.38:346][  0]Error: CDO Constructor (PaperSprite): Failed to find /Paper2D/MaskedUnlitSpriteMaterial

[2017.04.26-03.14.38:346][  0]LogPackageName:Error: DoesPackageExist: DoesPackageExist FAILED: '/Paper2D/OpaqueUnlitSpriteMaterial' is not a standard unreal filename or a long path name. Reason: Path does not start with a valid root. Path must begin with: '/Engine/', '/Game/', '/Config/', '/Script/', or '/Temp/'
[2017.04.26-03.14.38:346][  0]LogLinker:Warning: Can't find file '/Paper2D/OpaqueUnlitSpriteMaterial'
[2017.04.26-03.14.38:347][  0]LogPackageName:Error: DoesPackageExist: DoesPackageExist FAILED: '/Paper2D/OpaqueUnlitSpriteMaterial' is not a standard unreal filename or a long path name. Reason: Path does not start with a valid root. Path must begin with: '/Engine/', '/Game/', '/Config/', '/Script/', or '/Temp/'
[2017.04.26-03.14.38:347][  0]LogLinker:Warning: Can't find file '/Paper2D/OpaqueUnlitSpriteMaterial'
[2017.04.26-03.14.38:347][  0]LogUObjectGlobals:Warning: Failed to find object 'MaterialInterface /Paper2D/OpaqueUnlitSpriteMaterial.OpaqueUnlitSpriteMaterial'
[2017.04.26-03.14.38:347][  0]Error: CDO Constructor (PaperSprite): Failed to find /Paper2D/OpaqueUnlitSpriteMaterial

[2017.04.26-03.14.38:347][  0]LogPackageName:Error: DoesPackageExist: DoesPackageExist FAILED: '/Paper2D/MaskedUnlitSpriteMaterial' is not a standard unreal filename or a long path name. Reason: Path does not start with a valid root. Path must begin with: '/Engine/', '/Game/', '/Config/', '/Script/', or '/Temp/'
[2017.04.26-03.14.38:347][  0]LogLinker:Warning: Can't find file '/Paper2D/MaskedUnlitSpriteMaterial'
[2017.04.26-03.14.38:347][  0]LogUObjectGlobals:Warning: Failed to find object 'MaterialInterface /Paper2D/MaskedUnlitSpriteMaterial.MaskedUnlitSpriteMaterial'
[2017.04.26-03.14.38:347][  0]Error: CDO Constructor (PaperFlipbook): Failed to find /Paper2D/MaskedUnlitSpriteMaterial

[2017.04.26-03.14.38:347][  0]LogPackageName:Error: DoesPackageExist: DoesPackageExist FAILED: '/Paper2D/DefaultPaperTerrainMaterial' is not a standard unreal filename or a long path name. Reason: Path does not start with a valid root. Path must begin with: '/Engine/', '/Game/', '/Config/', '/Script/', or '/Temp/'
[2017.04.26-03.14.38:347][  0]LogLinker:Warning: Can't find file '/Paper2D/DefaultPaperTerrainMaterial'
[2017.04.26-03.14.38:347][  0]LogPackageName:Error: DoesPackageExist: DoesPackageExist FAILED: '/Paper2D/DefaultPaperTerrainMaterial' is not a standard unreal filename or a long path name. Reason: Path does not start with a valid root. Path must begin with: '/Engine/', '/Game/', '/Config/', '/Script/', or '/Temp/'
[2017.04.26-03.14.38:347][  0]LogLinker:Warning: Can't find file '/Paper2D/DefaultPaperTerrainMaterial'
[2017.04.26-03.14.38:347][  0]LogUObjectGlobals:Warning: Failed to find object 'PaperTerrainMaterial /Paper2D/DefaultPaperTerrainMaterial.DefaultPaperTerrainMaterial'
[2017.04.26-03.14.38:347][  0]Error: CDO Constructor (PaperTerrainComponent): Failed to find /Paper2D/DefaultPaperTerrainMaterial

[2017.04.26-03.14.38:347][  0]LogPackageName:Error: DoesPackageExist: DoesPackageExist FAILED: '/Paper2D/MaskedUnlitSpriteMaterial' is not a standard unreal filename or a long path name. Reason: Path does not start with a valid root. Path must begin with: '/Engine/', '/Game/', '/Config/', '/Script/', or '/Temp/'
[2017.04.26-03.14.38:347][  0]LogLinker:Warning: Can't find file '/Paper2D/MaskedUnlitSpriteMaterial'
[2017.04.26-03.14.38:347][  0]LogUObjectGlobals:Warning: Failed to find object 'MaterialInterface /Paper2D/MaskedUnlitSpriteMaterial.MaskedUnlitSpriteMaterial'
[2017.04.26-03.14.38:347][  0]Error: CDO Constructor (PaperTileMap): Failed to find /Paper2D/MaskedUnlitSpriteMaterial

[2017.04.26-03.14.38:347][  0]LogPackageName:Error: DoesPackageExist: DoesPackageExist FAILED: '/Paper2D/MaskedUnlitSpriteMaterial' is not a standard unreal filename or a long path name. Reason: Path does not start with a valid root. Path must begin with: '/Engine/', '/Game/', '/Config/', '/Script/', or '/Temp/'
[2017.04.26-03.14.38:347][  0]LogLinker:Warning: Can't find file '/Paper2D/MaskedUnlitSpriteMaterial'
[2017.04.26-03.14.38:347][  0]LogUObjectGlobals:Warning: Failed to find object 'MaterialInterface /Paper2D/MaskedUnlitSpriteMaterial.MaskedUnlitSpriteMaterial'
[2017.04.26-03.14.38:347][  0]Error: CDO Constructor (PaperTileMapComponent): Failed to find /Paper2D/MaskedUnlitSpriteMaterial

[2017.04.26-03.14.38:347][  0]LogUObjectBase:Warning: -------------- Default Property warnings and errors:
[2017.04.26-03.14.38:347][  0]LogUObjectBase:Warning: Error: CDO Constructor (PaperSprite): Failed to find /Paper2D/MaskedUnlitSpriteMaterial

[2017.04.26-03.14.38:347][  0]LogUObjectBase:Warning: Error: CDO Constructor (PaperSprite): Failed to find /Paper2D/OpaqueUnlitSpriteMaterial

[2017.04.26-03.14.38:347][  0]LogUObjectBase:Warning: Error: CDO Constructor (PaperFlipbook): Failed to find /Paper2D/MaskedUnlitSpriteMaterial

[2017.04.26-03.14.38:347][  0]LogUObjectBase:Warning: Error: CDO Constructor (PaperTerrainComponent): Failed to find /Paper2D/DefaultPaperTerrainMaterial

[2017.04.26-03.14.38:347][  0]LogUObjectBase:Warning: Error: CDO Constructor (PaperTileMap): Failed to find /Paper2D/MaskedUnlitSpriteMaterial

[2017.04.26-03.14.38:347][  0]LogUObjectBase:Warning: Error: CDO Constructor (PaperTileMapComponent): Failed to find /Paper2D/MaskedUnlitSpriteMaterial

[2017.04.26-03.14.41:055][  0]LogWindowsTextInputMethodSystem:Display: IME system now deactivated.
[2017.04.26-03.14.41:163][  0]LogSubstanceCoreModule: Substance [CPU] Engine Loaded, Max Texture Size = 2048
[2017.04.26-03.14.41:222][  0]LogTcpMessaging: Initializing TcpMessaging bridge
[2017.04.26-03.14.41:263][  0]LogUdpMessaging: Initializing bridge on interface 0.0.0.0:0 to multicast group 230.0.0.1:6666.
[2017.04.26-03.14.41:326][  0]LogModuleManager:Warning: No filename provided for module AdvancedSessions
[2017.04.26-03.14.41:326][  0]LogModuleManager:Warning: ModuleManager: Unable to load module 'AdvancedSessions' because the file 'C:/Program Files/Epic Games/4.14/Engine/Binaries/Win64/' was not found.
[2017.04.26-03.14.41:337][  0]LogWindowsTextInputMethodSystem:Display: IME system now deactivated.
[2017.04.26-03.14.43:284][  0]LogWindowsTextInputMethodSystem:Display: IME system now deactivated.
[2017.04.26-03.14.43:308][  0]LogExit: Preparing to exit.
[2017.04.26-03.14.44:426][  0]LogObj: Freed 0b from 0 cluster array pools.
[2017.04.26-03.14.44:426][  0]LogExit: Object subsystem successfully closed.
[2017.04.26-03.14.44:436][  0]LogD3D11RHI: Shutdown
[2017.04.26-03.14.44:436][  0]LogD3D11RHI: CleanupD3DDevice
[2017.04.26-03.14.44:487][  0]LogD3D11RHI: ~FD3D11DynamicRHI
[2017.04.26-03.14.44:544][  0]LogModuleManager: Shutting down and abandoning module HotReload (107)
[2017.04.26-03.14.44:544][  0]LogModuleManager: Shutting down and abandoning module UdpMessaging (105)
[2017.04.26-03.14.44:646][  0]LogModuleManager: Shutting down and abandoning module TcpMessaging (104)
[2017.04.26-03.14.45:226][  0]LogModuleManager: Shutting down and abandoning module SubstanceCore (103)
[2017.04.26-03.14.45:226][  0]LogModuleManager: Shutting down and abandoning module LightPropagationVolumeRuntime (102)
[2017.04.26-03.14.45:226][  0]LogModuleManager: Shutting down and abandoning module Paper2D (101)
[2017.04.26-03.14.45:226][  0]LogModuleManager: Shutting down and abandoning module WindowsMoviePlayer (100)
[2017.04.26-03.14.45:226][  0]LogModuleManager: Shutting down and abandoning module WmfMedia (99)
[2017.04.26-03.14.45:226][  0]LogModuleManager: Shutting down and abandoning module MediaAssets (98)
[2017.04.26-03.14.45:226][  0]LogModuleManager: Shutting down and abandoning module GameLiveStreaming (97)
[2017.04.26-03.14.45:226][  0]LogModuleManager: Shutting down and abandoning module GameplayTagsEditor (96)
[2017.04.26-03.14.45:226][  0]LogModuleManager: Shutting down and abandoning module VREditor (95)
[2017.04.26-03.14.45:226][  0]LogModuleManager: Shutting down and abandoning module GameplayTasksEditor (94)
[2017.04.26-03.14.45:226][  0]LogModuleManager: Shutting down and abandoning module BehaviorTreeEditor (93)
[2017.04.26-03.14.45:226][  0]LogModuleManager: Shutting down and abandoning module FunctionalTesting (92)
[2017.04.26-03.14.45:226][  0]LogModuleManager: Shutting down and abandoning module CollisionAnalyzer (91)
[2017.04.26-03.14.45:227][  0]LogModuleManager: Shutting down and abandoning module Sequencer (90)
[2017.04.26-03.14.45:227][  0]LogModuleManager: Shutting down and abandoning module WorkspaceMenuStructure (89)
[2017.04.26-03.14.45:227][  0]LogModuleManager: Shutting down and abandoning module MessageLog (88)
[2017.04.26-03.14.45:227][  0]LogModuleManager: Shutting down and abandoning module AssetTools (87)
[2017.04.26-03.14.45:227][  0]LogModuleManager: Shutting down and abandoning module UMGEditor (86)
[2017.04.26-03.14.45:227][  0]LogModuleManager: Shutting down and abandoning module UMG (85)
[2017.04.26-03.14.45:227][  0]LogModuleManager: Shutting down and abandoning module SlateReflector (84)
[2017.04.26-03.14.45:227][  0]LogModuleManager: Shutting down and abandoning module Slate (83)
[2017.04.26-03.14.45:227][  0]LogModuleManager: Shutting down and abandoning module EditorStyle (82)
[2017.04.26-03.14.45:229][  0]LogModuleManager: Shutting down and abandoning module SourceCodeAccess (81)
[2017.04.26-03.14.45:229][  0]LogModuleManager: Shutting down and abandoning module HeadMountedDisplay (80)
[2017.04.26-03.14.45:229][  0]LogModuleManager: Shutting down and abandoning module XAudio2 (79)
[2017.04.26-03.14.45:229][  0]LogModuleManager: Shutting down and abandoning module Networking (78)
[2017.04.26-03.14.45:229][  0]LogModuleManager: Shutting down and abandoning module Core (77)
[2017.04.26-03.14.45:229][  0]LogModuleManager: Shutting down and abandoning module DirectoryWatcher (76)
[2017.04.26-03.14.45:229][  0]LogDirectoryWatcher: A directory notification for '../../../Engine/Content/' was aborted.
[2017.04.26-03.14.45:229][  0]LogDirectoryWatcher: A directory notification for '../../../../../../Users/christopher/Desktop/FinalExam/stephen_thompson_FinalExam/Content/' was aborted.
[2017.04.26-03.14.45:229][  0]LogModuleManager: Shutting down and abandoning module AssetRegistry (75)
[2017.04.26-03.14.45:344][  0]LogModuleManager: Shutting down and abandoning module KismetCompiler (74)
[2017.04.26-03.14.45:344][  0]LogModuleManager: Shutting down and abandoning module PhysXFormats (73)
[2017.04.26-03.14.45:344][  0]LogModuleManager: Shutting down and abandoning module SimplygonSwarm (72)
[2017.04.26-03.14.45:344][  0]LogModuleManager: Shutting down and abandoning module SimplygonMeshReduction (71)
[2017.04.26-03.14.45:344][  0]LogModuleManager: Shutting down and abandoning module QuadricMeshReduction (70)
[2017.04.26-03.14.45:344][  0]LogModuleManager: Shutting down and abandoning module PropertyEditor (69)
[2017.04.26-03.14.45:344][  0]LogModuleManager: Shutting down and abandoning module MeshUtilities (68)
[2017.04.26-03.14.45:362][  0]LogModuleManager: Shutting down and abandoning module DerivedDataCache (67)
[2017.04.26-03.14.45:569][  0]LogDerivedDataCache: Shutdown
[2017.04.26-03.14.45:569][  0]LogModuleManager: Shutting down and abandoning module VulkanShaderFormat (66)
[2017.04.26-03.14.45:569][  0]LogModuleManager: Shutting down and abandoning module ShaderFormatOpenGL (65)
[2017.04.26-03.14.45:569][  0]LogModuleManager: Shutting down and abandoning module ShaderFormatD3D (64)
[2017.04.26-03.14.45:569][  0]LogModuleManager: Shutting down and abandoning module MetalShaderFormat (63)
[2017.04.26-03.14.45:569][  0]LogModuleManager: Shutting down and abandoning module TextureFormatUncompressed (62)
[2017.04.26-03.14.45:569][  0]LogModuleManager: Shutting down and abandoning module TextureFormatPVR (61)
[2017.04.26-03.14.45:569][  0]LogModuleManager: Shutting down and abandoning module TextureFormatDXT (60)
[2017.04.26-03.14.45:569][  0]LogModuleManager: Shutting down and abandoning module TextureFormatIntelISPCTexComp (59)
[2017.04.26-03.14.45:569][  0]LogModuleManager: Shutting down and abandoning module ImageWrapper (58)
[2017.04.26-03.14.45:569][  0]LogModuleManager: Shutting down and abandoning module TextureFormatASTC (57)
[2017.04.26-03.14.45:569][  0]LogModuleManager: Shutting down and abandoning module TextureFormatAndroid (56)
[2017.04.26-03.14.45:569][  0]LogModuleManager: Shutting down and abandoning module AudioFormatOpus (55)
[2017.04.26-03.14.45:569][  0]LogModuleManager: Shutting down and abandoning module AudioFormatOgg (54)
[2017.04.26-03.14.45:569][  0]LogModuleManager: Shutting down and abandoning module AudioFormatADPCM (53)
[2017.04.26-03.14.45:569][  0]LogModuleManager: Shutting down and abandoning module LinuxTargetPlatform (52)
[2017.04.26-03.14.45:569][  0]LogModuleManager: Shutting down and abandoning module LinuxServerTargetPlatform (51)
[2017.04.26-03.14.45:569][  0]LogModuleManager: Shutting down and abandoning module LinuxNoEditorTargetPlatform (50)
[2017.04.26-03.14.45:569][  0]LogModuleManager: Shutting down and abandoning module LinuxClientTargetPlatform (49)
[2017.04.26-03.14.45:569][  0]LogModuleManager: Shutting down and abandoning module TVOSTargetPlatform (48)
[2017.04.26-03.14.45:569][  0]LogModuleManager: Shutting down and abandoning module Messaging (47)
[2017.04.26-03.14.45:569][  0]LogModuleManager: Shutting down and abandoning module IOSTargetPlatform (46)
[2017.04.26-03.14.45:569][  0]LogModuleManager: Shutting down and abandoning module HTML5TargetPlatform (45)
[2017.04.26-03.14.45:569][  0]LogModuleManager: Shutting down and abandoning module Android_PVRTCTargetPlatform (44)
[2017.04.26-03.14.45:569][  0]LogModuleManager: Shutting down and abandoning module Android_MultiTargetPlatform (43)
[2017.04.26-03.14.45:569][  0]LogModuleManager: Shutting down and abandoning module Android_ETC2TargetPlatform (42)
[2017.04.26-03.14.45:569][  0]LogModuleManager: Shutting down and abandoning module Android_ETC1TargetPlatform (41)
[2017.04.26-03.14.45:569][  0]LogModuleManager: Shutting down and abandoning module Android_DXTTargetPlatform (40)
[2017.04.26-03.14.45:569][  0]LogModuleManager: Shutting down and abandoning module Android_ATCTargetPlatform (39)
[2017.04.26-03.14.45:569][  0]LogModuleManager: Shutting down and abandoning module Android_ASTCTargetPlatform (38)
[2017.04.26-03.14.45:569][  0]LogModuleManager: Shutting down and abandoning module AndroidTargetPlatform (37)
[2017.04.26-03.14.45:569][  0]LogModuleManager: Shutting down and abandoning module WindowsTargetPlatform (36)
[2017.04.26-03.14.45:569][  0]LogModuleManager: Shutting down and abandoning module WindowsServerTargetPlatform (35)
[2017.04.26-03.14.45:569][  0]LogModuleManager: Shutting down and abandoning module WindowsNoEditorTargetPlatform (34)
[2017.04.26-03.14.45:569][  0]LogModuleManager: Shutting down and abandoning module WindowsClientTargetPlatform (33)
[2017.04.26-03.14.45:569][  0]LogModuleManager: Shutting down and abandoning module MacTargetPlatform (32)
[2017.04.26-03.14.45:569][  0]LogModuleManager: Shutting down and abandoning module MacServerTargetPlatform (31)
[2017.04.26-03.14.45:569][  0]LogModuleManager: Shutting down and abandoning module MacNoEditorTargetPlatform (30)
[2017.04.26-03.14.45:569][  0]LogModuleManager: Shutting down and abandoning module MacClientTargetPlatform (29)
[2017.04.26-03.14.45:569][  0]LogModuleManager: Shutting down and abandoning module AllDesktopTargetPlatform (28)
[2017.04.26-03.14.45:569][  0]LogModuleManager: Shutting down and abandoning module TargetPlatform (27)
[2017.04.26-03.14.45:569][  0]LogModuleManager: Shutting down and abandoning module InputCore (26)
[2017.04.26-03.14.45:569][  0]LogModuleManager: Shutting down and abandoning module Settings (25)
[2017.04.26-03.14.45:569][  0]LogModuleManager: Shutting down and abandoning module OculusRift (24)
[2017.04.26-03.14.45:569][  0]LogModuleManager: Shutting down and abandoning module ExampleDeviceProfileSelector (23)
[2017.04.26-03.14.45:569][  0]LogModuleManager: Shutting down and abandoning module OnlineBlueprintSupport (22)
[2017.04.26-03.14.45:569][  0]LogModuleManager: Shutting down and abandoning module OnlineSubsystem (18)
[2017.04.26-03.14.45:569][  0]LogOnline:Display: NULL: FOnlineSubsystemNull::Shutdown()
[2017.04.26-03.14.45:569][  0]LogOnline:Display: Unloading online subsystem: NULL
[2017.04.26-03.14.45:569][  0]LogModuleManager: Shutting down and abandoning module SSL (17)
[2017.04.26-03.14.45:571][  0]LogModuleManager: Shutting down and abandoning module HTTP (16)
[2017.04.26-03.14.45:571][  0]LogModuleManager: Shutting down and abandoning module XMPP (15)
[2017.04.26-03.14.45:571][  0]LogModuleManager: Shutting down and abandoning module TextureCompressor (14)
[2017.04.26-03.14.45:571][  0]LogModuleManager: Shutting down and abandoning module ShaderCore (13)
[2017.04.26-03.14.45:571][  0]LogModuleManager: Shutting down and abandoning module Landscape (12)
[2017.04.26-03.14.45:571][  0]LogModuleManager: Shutting down and abandoning module SlateRHIRenderer (11)
[2017.04.26-03.14.45:571][  0]LogModuleManager: Shutting down and abandoning module OpenGLDrv (10)
[2017.04.26-03.14.45:571][  0]LogModuleManager: Shutting down and abandoning module D3D11RHI (9)
[2017.04.26-03.14.45:571][  0]LogModuleManager: Shutting down and abandoning module AnimGraphRuntime (8)
[2017.04.26-03.14.45:571][  0]LogModuleManager: Shutting down and abandoning module Renderer (7)
[2017.04.26-03.14.45:571][  0]LogModuleManager: Shutting down and abandoning module Engine (6)
[2017.04.26-03.14.45:571][  0]LogModuleManager: Shutting down and abandoning module CoreUObject (5)
[2017.04.26-03.14.45:571][  0]LogModuleManager: Shutting down and abandoning module NetworkFile (4)
[2017.04.26-03.14.45:571][  0]LogModuleManager: Shutting down and abandoning module StreamingFile (3)
[2017.04.26-03.14.45:571][  0]LogModuleManager: Shutting down and abandoning module SandboxFile (2)
[2017.04.26-03.14.45:571][  0]LogModuleManager: Shutting down and abandoning module PakFile (1)
[2017.04.26-03.14.45:572][  0]LogExit: Exiting.
[2017.04.26-03.14.45:588][  0]Log file closed, 04/25/17 23:14:45
